<?xml version="1.0" encoding="utf-8"?>
<testsuite failures="1" name="tedge_mapper_c8y_child_device_measurement" skipped="0" tests="1" time="33.16" timestamp="2022-05-02T10:39:21">
	<testcase classname="TedgeMapperC8yChildDevice" name="tedge_mapper_c8y_child_device_measurement">
		<failure message="BLOCKED: IndexError: list index out of range" type="BLOCKED"/>
		<system-out>10:38:48 INFO  ==============================================================
10:38:48 INFO  Id:    tedge_mapper_c8y_child_device_measurement
10:38:48 INFO  Dir:   tedge_mapper_c8y/
10:38:48 INFO  Title: Validate that measurements sent to tedge/measurements/child topic gets mapped as the child device's measurement in Cumulocity
10:38:48 INFO  ==============================================================
10:38:48 INFO  EnvironmentC8y Setup
10:38:48 INFO  Executed systemctl&lt;serv_mapper1&gt;, exit status 3
10:38:49 INFO  Restarting mosquitto too frequently in the last 10 seconds. It was only up for 5 seconds
10:38:49 INFO  Delaying execution by 6 seconds
10:39:08 INFO  Executed sudo&lt;tedge_connect_c8y&gt;, exit status 0, duration 13 secs
10:39:09 INFO  Executed sudo&lt;tedge_connect_c8y_test&gt;, exit status 0
10:39:09 INFO  Executed systemctl&lt;serv_mosq2&gt;, exit status 0
10:39:10 INFO  Executed systemctl&lt;serv_mapper3&gt;, exit status 0
10:39:11 INFO  Assert that (actual == expected) with actual=None, expected=None ... passed
10:39:11 INFO  Executed tedge_pub, exit status 0
10:39:12 INFO  Executed tedge_pub, exit status 0
10:39:12 INFO  Executed tedge_pub, exit status 0
10:39:12 INFO  Executed tedge_pub, exit status 0
10:39:13 INFO  Executed tedge_pub, exit status 0
10:39:15 INFO  {
    &quot;self&quot;: &quot;https://t493319102.eu-latest.cumulocity.com/measurement/measurements/18136621&quot;,
    &quot;time&quot;: &quot;2022-05-02T10:39:13.271Z&quot;,
    &quot;id&quot;: &quot;18136621&quot;,
    &quot;source&quot;: {
        &quot;self&quot;: &quot;https://t493319102.eu-latest.cumulocity.com/inventory/managedObjects/18136615&quot;,
        &quot;id&quot;: &quot;18136615&quot;
    },
    &quot;type&quot;: &quot;ThinEdgeMeasurement&quot;,
    &quot;temperature&quot;: {
        &quot;temperature&quot;: {
            &quot;value&quot;: 10.0
        }
    }
}
10:39:15 INFO  Assert that (actual == expected) with actual=&quot;ThinEdgeMeasurement&quot;, expected=&quot;ThinEdgeMeasurement&quot; ... passed
10:39:15 INFO  Assert that (actual == expected) with actual=10.0, expected=10 ... passed
10:39:15 INFO  {
    &quot;self&quot;: &quot;https://t493319102.eu-latest.cumulocity.com/measurement/measurements/18136617&quot;,
    &quot;time&quot;: &quot;2022-05-02T10:39:12.007Z&quot;,
    &quot;id&quot;: &quot;18136617&quot;,
    &quot;source&quot;: {
        &quot;self&quot;: &quot;https://t493319102.eu-latest.cumulocity.com/inventory/managedObjects/18136615&quot;,
        &quot;id&quot;: &quot;18136615&quot;
    },
    &quot;type&quot;: &quot;ThinEdgeMeasurement&quot;,
    &quot;temperature&quot;: {
        &quot;temperature&quot;: {
            &quot;value&quot;: 11.0
        }
    }
}
10:39:15 INFO  Assert that (actual == expected) with actual=&quot;ThinEdgeMeasurement&quot;, expected=&quot;ThinEdgeMeasurement&quot; ... passed
10:39:15 INFO  Assert that (actual == expected) with actual=11.0, expected=11 ... passed
10:39:15 INFO  {
    &quot;self&quot;: &quot;https://t493319102.eu-latest.cumulocity.com/measurement/measurements/18136616&quot;,
    &quot;time&quot;: &quot;2021-01-01T10:10:10.100+02:00&quot;,
    &quot;id&quot;: &quot;18136616&quot;,
    &quot;source&quot;: {
        &quot;self&quot;: &quot;https://t493319102.eu-latest.cumulocity.com/inventory/managedObjects/18136615&quot;,
        &quot;id&quot;: &quot;18136615&quot;
    },
    &quot;type&quot;: &quot;ThinEdgeMeasurement&quot;,
    &quot;temperature&quot;: {
        &quot;temperature&quot;: {
            &quot;value&quot;: 12.0
        }
    }
}
10:39:15 INFO  Assert that (actual == expected) with actual=&quot;ThinEdgeMeasurement&quot;, expected=&quot;ThinEdgeMeasurement&quot; ... passed
10:39:15 INFO  Assert that (actual == expected) with actual=12.0, expected=12 ... passed
10:39:15 INFO  Assert that (actual == expected) with actual=&quot;2021-01-01T10:10:10.100+02:00&quot;, expected=&quot;2021-01-01T10:10:10.100+02:00&quot; ... passed
10:39:16 INFO  {
    &quot;self&quot;: &quot;https://t493319102.eu-latest.cumulocity.com/measurement/measurements/18136620&quot;,
    &quot;time&quot;: &quot;2022-05-02T10:39:12.822Z&quot;,
    &quot;id&quot;: &quot;18136620&quot;,
    &quot;source&quot;: {
        &quot;self&quot;: &quot;https://t493319102.eu-latest.cumulocity.com/inventory/managedObjects/18136619&quot;,
        &quot;id&quot;: &quot;18136619&quot;
    },
    &quot;type&quot;: &quot;ThinEdgeMeasurement&quot;,
    &quot;temperature&quot;: {
        &quot;temperature&quot;: {
            &quot;value&quot;: 6.0
        }
    }
}
10:39:16 INFO  Assert that (actual == expected) with actual=&quot;ThinEdgeMeasurement&quot;, expected=&quot;ThinEdgeMeasurement&quot; ... passed
10:39:16 INFO  Assert that (actual == expected) with actual=6.0, expected=6 ... passed
10:39:16 WARN  IndexError occurred while running test - list index out of range
Traceback (most recent call last):
  File &quot;/home/pi/env-pysys/lib/python3.7/site-packages/pysys/baserunner.py&quot;, line 1296, in __call__
    self.testObj.validate()
  File &quot;/home/pi/actions-runner/_work/thin-edge.io/thin-edge.io/tests/PySys/tedge_mapper_c8y/tedge_mapper_c8y_child_device_measurement/run.py&quot;, line 133, in validate
    self.project.deviceid
  File &quot;/home/pi/actions-runner/_work/thin-edge.io/thin-edge.io/tests/PySys/environments/cumulocity.py&quot;, line 163, in get_last_measurements_from_device
    )[0]
IndexError: list index out of range
10:39:16 WARN  IndexError: list index out of range ... blocked 
10:39:16 INFO  
10:39:16 INFO  cleanup:
10:39:20 INFO  Executed sudo&lt;tedge_disconnect_c8y&gt;, exit status 0
10:39:21 INFO  Executed systemctl&lt;serv_mapper5&gt;, exit status 3
10:39:21 INFO  
10:39:21 INFO  Test duration: 33.16 secs
10:39:21 INFO  Test final outcome:  BLOCKED
10:39:21 INFO  Test outcome reason: IndexError: list index out of range
10:39:21 INFO  
</system-out>
	</testcase>
</testsuite>
