<?xml version="1.0" encoding="utf-8"?>
<testsuite failures="1" name="smoketest_smartrest_400_samples_20ms" skipped="0" tests="1" time="106.31" timestamp="2022-05-02T10:34:23">
	<testcase classname="SmoketestSmartRest400Samples20ms" name="smoketest_smartrest_400_samples_20ms">
		<failure message="BLOCKED: python3&lt;stdout&gt; returned non-zero exit code 1" type="BLOCKED"/>
		<system-out>10:32:36 INFO  ==============================================================
10:32:36 INFO  Id:    smoketest_smartrest_400_samples_20ms
10:32:36 INFO  Dir:   smoketests/
10:32:36 INFO  Title: Smoketest SmartRest 400 Samples 20ms Delay
10:32:36 INFO  ==============================================================
10:32:36 INFO  EnvironmentC8y Setup
10:32:37 INFO  Executed systemctl&lt;serv_mapper1&gt;, exit status 3
10:32:37 INFO  Restarting mosquitto too frequently in the last 10 seconds. It was only up for 4 seconds
10:32:37 INFO  Delaying execution by 7 seconds
10:32:58 INFO  Executed sudo&lt;tedge_connect_c8y&gt;, exit status 0, duration 13 secs
10:32:59 INFO  Executed sudo&lt;tedge_connect_c8y_test&gt;, exit status 0
10:32:59 INFO  Executed systemctl&lt;serv_mosq2&gt;, exit status 0
10:33:00 INFO  Executed systemctl&lt;serv_mapper3&gt;, exit status 0
10:34:18 WARN  Executed python3&lt;stdout&gt;, exit status 1, duration 38 secs
10:34:18 INFO  Contents of stdout.out: 
  Act: Publishing values with tedge pub
  Waiting 3s for values to arrive in C8y
  Assert: Retrieving data via REST interface
  Gathering values from 2022-05-02 10:33:38+00:00 to 2022-05-02 10:34:18+00:00
  Found 0 recorded values:
  Retrieved values:
  Expected:  0.0  ...  199.0
  Data verification FAILED
  -----

10:34:18 WARN  python3&lt;stdout&gt; returned non-zero exit code 1 ... blocked 
10:34:18 WARN  Aborted test due to BLOCKED outcome
10:34:18 INFO  
10:34:18 INFO  cleanup:
10:34:22 INFO  Executed sudo&lt;tedge_disconnect_c8y&gt;, exit status 0
10:34:23 INFO  Executed systemctl&lt;serv_mapper5&gt;, exit status 3
10:34:23 INFO  
10:34:23 INFO  Test duration: 106.31 secs
10:34:23 INFO  Test final outcome:  BLOCKED
10:34:23 INFO  Test outcome reason: python3&lt;stdout&gt; returned non-zero exit code 1
10:34:23 INFO  
</system-out>
	</testcase>
</testsuite>
