<?xml version="1.0" encoding="utf-8"?>
<testsuite failures="1" name="c8y_jwt_token_retrieval" skipped="0" tests="1" time="24.0" timestamp="2022-04-24T11:58:24">
	<testcase classname="ValidateJWTTokenRetrieval" name="c8y_jwt_token_retrieval">
		<failure message="FAILED: Grep on resp_jwt.out contains &quot;\[c8y/s/dat\] 71,&quot;" type="FAILED"/>
		<system-out>11:58:00 INFO  ==============================================================
11:58:00 INFO  Id:    c8y_jwt_token_retrieval
11:58:00 INFO  Dir:   cloud_c8y/
11:58:00 INFO  Title: Validate the Cumulocity JWT Token Retrieval feature
11:58:00 INFO  ==============================================================
11:58:00 INFO  Executed sudo&lt;tedge_disconnect_c8y&gt;, exit status 0
11:58:15 INFO  Executed sudo&lt;tedge_connect_c8y&gt;, exit status 0, duration 14 secs
11:58:15 INFO  Started sudo&lt;resp_jwt&gt; with process id 10696
11:58:17 INFO  Executed sudo&lt;req_jwt&gt;, exit status 0
11:58:19 INFO  Executed sudo&lt;kill_out&gt;, exit status 0
11:58:19 WARN  Grep on resp_jwt.out contains &quot;\[c8y/s/dat\] 71,&quot; ... failed [run.py:60]
11:58:19 INFO  
11:58:19 INFO  cleanup:
11:58:24 INFO  Executed sudo&lt;tedge_disconnect_c8y&gt;, exit status 0
11:58:24 INFO  
11:58:24 INFO  Test duration: 24.00 secs
11:58:24 INFO  Test final outcome:  FAILED
11:58:24 INFO  Test outcome reason: Grep on resp_jwt.out contains &quot;\[c8y/s/dat\] 71,&quot;
11:58:24 INFO  
</system-out>
	</testcase>
</testsuite>
