<?xml version="1.0" encoding="utf-8"?>
<testsuite failures="1" name="smoketest_smartrest" skipped="0" tests="1" time="48.59" timestamp="2022-05-02T10:30:49">
	<testcase classname="SmoketestSmartRest" name="smoketest_smartrest">
		<failure message="BLOCKED: python3&lt;stdout&gt; returned non-zero exit code 1" type="BLOCKED"/>
		<system-out>10:30:00 INFO  ==============================================================
10:30:00 INFO  Id:    smoketest_smartrest
10:30:00 INFO  Dir:   smoketests/
10:30:00 INFO  Title: Smoketest SmartREST
10:30:00 INFO  ==============================================================
10:30:00 INFO  EnvironmentC8y Setup
10:30:01 INFO  Executed systemctl&lt;serv_mapper1&gt;, exit status 3
10:30:01 INFO  Restarting mosquitto too frequently in the last 10 seconds. It was only up for 4 seconds
10:30:01 INFO  Delaying execution by 7 seconds
10:30:22 INFO  Executed sudo&lt;tedge_connect_c8y&gt;, exit status 0, duration 14 secs
10:30:23 INFO  Executed sudo&lt;tedge_connect_c8y_test&gt;, exit status 0
10:30:23 INFO  Executed systemctl&lt;serv_mosq2&gt;, exit status 0
10:30:24 INFO  Executed systemctl&lt;serv_mapper3&gt;, exit status 0
10:30:44 WARN  Executed python3&lt;stdout&gt;, exit status 1
10:30:44 INFO  Contents of stdout.out: 
  Act: Publishing values with tedge pub
  Waiting 3s for values to arrive in C8y
  Assert: Retrieving data via REST interface
  Gathering values from 2022-05-02 10:30:34+00:00 to 2022-05-02 10:30:44+00:00
  Found 0 recorded values:
  Retrieved values:
  Expected:  0.0  ...  19.0
  Data verification FAILED
  -----

10:30:44 WARN  python3&lt;stdout&gt; returned non-zero exit code 1 ... blocked 
10:30:44 WARN  Aborted test due to BLOCKED outcome
10:30:44 INFO  
10:30:44 INFO  cleanup:
10:30:48 INFO  Executed sudo&lt;tedge_disconnect_c8y&gt;, exit status 0
10:30:49 INFO  Executed systemctl&lt;serv_mapper5&gt;, exit status 3
10:30:49 INFO  
10:30:49 INFO  Test duration: 48.59 secs
10:30:49 INFO  Test final outcome:  BLOCKED
10:30:49 INFO  Test outcome reason: python3&lt;stdout&gt; returned non-zero exit code 1
10:30:49 INFO  
</system-out>
	</testcase>
</testsuite>
