2022-04-25 22:26:35,016 INFO  ==============================================================
2022-04-25 22:26:35,018 INFO  Id:    SoftwareManagement.sm_apt_install_download_path
2022-04-25 22:26:35,021 INFO  Dir:   software_management_end_to_end/
2022-04-25 22:26:35,033 INFO  Title: Install package to directory specified in tedge config set tmp.path
2022-04-25 22:26:35,034 INFO  ==============================================================
2022-04-25 22:26:36,523 INFO  Using sw id database: {'asciijump': '5475369', 'robotfindskitten': '5474869', 'squirrel3': '5475279', 'rolldice': '5152439', 'moon-buggy': '5439204', 'apple': '5495053', 'banana': '5494888', 'cherry': '5495382', 'watermelon': '5494510', 'registry': '8018911', 'hello-world': '8021526', 'docker/getting-started': '8021973', 'alpine': '7991792'}
2022-04-25 22:26:36,524 INFO  EnvironmentC8y Setup
2022-04-25 22:26:37,238 INFO  Executed systemctl<serv_mapper1>, exit status 3
2022-04-25 22:26:51,522 INFO  Executed sudo<tedge_connect_c8y>, exit status 0, duration 14 secs
2022-04-25 22:26:52,090 INFO  Executed sudo<tedge_connect_c8y_test>, exit status 0
2022-04-25 22:26:52,553 INFO  Executed systemctl<serv_mosq2>, exit status 0
2022-04-25 22:26:53,016 INFO  Executed systemctl<serv_mapper3>, exit status 0
2022-04-25 22:26:55,260 INFO  State of current operation: SUCCESSFUL
2022-04-25 22:26:55,513 INFO  Assert that (False == value) with value=False ... passed
2022-04-25 22:26:56,025 INFO  Executed sudo, exit status 0
2022-04-25 22:26:56,537 INFO  Executed sudo, exit status 0
2022-04-25 22:26:57,190 INFO  Executed sudo, exit status 0
2022-04-25 22:27:01,143 INFO  Executed sudo<tedge_disconnect_c8y>, exit status 0
2022-04-25 22:27:01,248 INFO  Restarting mosquitto too frequently in the last 10 seconds. It was only up for 4 seconds
2022-04-25 22:27:01,249 INFO  Delaying execution by 7 seconds
2022-04-25 22:27:21,893 INFO  Executed sudo<tedge_connect_c8y>, exit status 0, duration 13 secs
2022-04-25 22:27:22,160 INFO  Response status: 201
2022-04-25 22:27:22,162 INFO  Response to action: {
    "delivery": {
        "time": "2022-04-25T22:27:22.131Z",
        "log": [],
        "status": "PENDING"
    },
    "creationTime": "2022-04-25T22:27:22.120Z",
    "deviceName": "m32sd10d",
    "deviceId": "17696821",
    "self": "https://t493319102.eu-latest.cumulocity.com/devicecontrol/operations/17709038",
    "id": "17709038",
    "status": "PENDING",
    "description": "Apply software changes, triggered from PySys: [{'name': 'rolldice', 'id': '5152439', 'version': '::apt', 'url': 'https://thin-edge-io.eu-latest.cumulocity.com/inventory/binaries/12435463', 'action': 'install'}]",
    "c8y_SoftwareUpdate": [
        {
            "name": "rolldice",
            "action": "install",
            "id": "5152439",
            "version": "::apt",
            "url": "https://thin-edge-io.eu-latest.cumulocity.com/inventory/binaries/12435463"
        }
    ]
}
2022-04-25 22:27:22,163 INFO  Started operation: {'delivery': {'time': '2022-04-25T22:27:22.131Z', 'log': [], 'status': 'PENDING'}, 'creationTime': '2022-04-25T22:27:22.120Z', 'deviceName': 'm32sd10d', 'deviceId': '17696821', 'self': 'https://t493319102.eu-latest.cumulocity.com/devicecontrol/operations/17709038', 'id': '17709038', 'status': 'PENDING', 'description': "Apply software changes, triggered from PySys: [{'name': 'rolldice', 'id': '5152439', 'version': '::apt', 'url': 'https://thin-edge-io.eu-latest.cumulocity.com/inventory/binaries/12435463', 'action': 'install'}]", 'c8y_SoftwareUpdate': [{'name': 'rolldice', 'action': 'install', 'id': '5152439', 'version': '::apt', 'url': 'https://thin-edge-io.eu-latest.cumulocity.com/inventory/binaries/12435463'}]}
2022-04-25 22:27:22,167 WARN  , retrying in 0.5 seconds...
2022-04-25 22:27:22,671 WARN  , retrying in 0.5 seconds...
2022-04-25 22:27:23,174 WARN  , retrying in 0.5 seconds...
2022-04-25 22:27:23,676 WARN  , retrying in 0.5 seconds...
2022-04-25 22:27:24,179 WARN  , retrying in 0.5 seconds...
2022-04-25 22:27:24,683 WARN  , retrying in 0.5 seconds...
2022-04-25 22:27:25,186 WARN  , retrying in 0.5 seconds...
2022-04-25 22:27:25,689 WARN  , retrying in 0.5 seconds...
2022-04-25 22:27:26,192 WARN  , retrying in 0.5 seconds...
2022-04-25 22:27:26,695 WARN  AssertionError occurred while running test - 
Traceback (most recent call last):
  File "/home/pi/env-pysys/lib/python3.7/site-packages/pysys/baserunner.py", line 1294, in __call__
    self.testObj.execute()
  File "/home/pi/actions-runner/_work/thin-edge.io/thin-edge.io/tests/PySys/software_management_end_to_end/sm_apt_install_download_path/run.py", line 83, in execute
    assert_install_in_download_path(install_directory=self.DOWNLOAD_DIR)
  File "/home/pi/env-pysys/lib/python3.7/site-packages/decorator.py", line 232, in fun
    return caller(func, *(extras + args), **kw)
  File "/home/pi/env-pysys/lib/python3.7/site-packages/retry/api.py", line 74, in retry_decorator
    logger)
  File "/home/pi/env-pysys/lib/python3.7/site-packages/retry/api.py", line 33, in __retry_internal
    return f()
  File "/home/pi/actions-runner/_work/thin-edge.io/thin-edge.io/tests/PySys/software_management_end_to_end/sm_apt_install_download_path/run.py", line 28, in assert_install_in_download_path
    assert "rolldice" in os.listdir(f"{install_directory}")
AssertionError
2022-04-25 22:27:26,753 WARN  AssertionError: ... blocked 
2022-04-25 22:27:26,755 INFO  
2022-04-25 22:27:26,755 INFO  cleanup:
2022-04-25 22:27:27,268 INFO  Executed sudo, exit status 0
2022-04-25 22:27:27,833 INFO  Executed sudo, exit status 0
2022-04-25 22:27:32,433 INFO  Executed sudo<tedge_disconnect_c8y>, exit status 0
2022-04-25 22:27:32,541 INFO  Restarting mosquitto too frequently in the last 10 seconds. It was only up for 4 seconds
2022-04-25 22:27:32,542 INFO  Delaying execution by 7 seconds
2022-04-25 22:27:53,567 INFO  Executed sudo<tedge_connect_c8y>, exit status 0, duration 14 secs
2022-04-25 22:27:57,727 INFO  Executed sudo<tedge_disconnect_c8y>, exit status 0
2022-04-25 22:27:58,294 INFO  Executed systemctl<serv_mapper5>, exit status 3
2022-04-25 22:27:58,298 INFO  
2022-04-25 22:27:58,299 INFO  Test duration: 83.31 secs
2022-04-25 22:27:58,300 INFO  Test final outcome:  BLOCKED
2022-04-25 22:27:58,301 INFO  Test outcome reason: AssertionError:
2022-04-25 22:27:58,302 INFO  
