<?xml version="1.0" encoding="utf-8"?>
<testsuite failures="1" name="local_mqtt_pub_sub_retain" skipped="0" tests="1" time="7.12" timestamp="2022-04-25T21:13:45">
	<testcase classname="MqttPublishWithRetain" name="local_mqtt_pub_sub_retain">
		<failure message="FAILED: Grep on temp_sensor_sub.out contains &quot;\[test/alarms/temp_sensor\] alarm msg 2&quot; (+1 other failures)" type="FAILED"/>
		<system-out>21:13:38 INFO  ==============================================================
21:13:38 INFO  Id:    local_mqtt_pub_sub_retain
21:13:38 INFO  Dir:   local_mqtt/
21:13:38 INFO  Title: Validate local publishing with retain flag
21:13:38 INFO  ==============================================================
21:13:39 INFO  Executed tedge&lt;pub_to_set_alarm&gt;, exit status 0
21:13:40 INFO  Executed tedge&lt;pub_to_set_alarm&gt;, exit status 0
21:13:41 INFO  Started tedge&lt;temp_sensor_sub&gt; with process id 15412
21:13:41 INFO  Executed tedge&lt;pub_to_clear_alarm&gt;, exit status 0
21:13:43 INFO  Executed sudo&lt;kill_out&gt;, exit status 0
21:13:43 INFO  Executed tedge&lt;pub_to_clear_alarm&gt;, exit status 0
21:13:43 INFO  Started tedge&lt;temp_sensor_empty_message&gt; with process id 15418
21:13:45 INFO  Executed sudo&lt;kill_out&gt;, exit status 0
21:13:45 WARN  Grep on temp_sensor_sub.out contains &quot;\[test/alarms/temp_sensor\] alarm msg 2&quot; ... failed [run.py:139]
21:13:45 WARN  Grep on temp_sensor_sub.out contains &quot;\[test/alarms/temp_sensor\] &quot; ... failed [run.py:142]
21:13:45 INFO  Grep on file temp_sensor_empty_message.out ... passed
21:13:45 INFO  
21:13:45 INFO  Test duration: 7.12 secs
21:13:45 INFO  Test final outcome:  FAILED
21:13:45 INFO  Test outcome reason: Grep on temp_sensor_sub.out contains &quot;\[test/alarms/temp_sensor\] alarm msg 2&quot; (+1 other failures)
21:13:45 INFO  
</system-out>
	</testcase>
</testsuite>
