<?xml version="1.0" encoding="utf-8"?>
<testsuite failures="1" name="c8y_jwt_token_retrieval" skipped="0" tests="1" time="24.94" timestamp="2022-05-06T13:08:46">
	<testcase classname="ValidateJWTTokenRetrieval" name="c8y_jwt_token_retrieval">
		<failure message="FAILED: Grep on resp_jwt.out contains &quot;\[c8y/s/dat\] 71,&quot;" type="FAILED"/>
		<system-out>13:08:22 INFO  ==============================================================
13:08:22 INFO  Id:    c8y_jwt_token_retrieval
13:08:22 INFO  Dir:   cloud_c8y/
13:08:22 INFO  Title: Validate the Cumulocity JWT Token Retrieval feature
13:08:22 INFO  ==============================================================
13:08:23 INFO  Executed sudo&lt;tedge_disconnect_c8y&gt;, exit status 0
13:08:38 INFO  Executed sudo&lt;tedge_connect_c8y&gt;, exit status 0, duration 14 secs
13:08:38 INFO  Started sudo&lt;resp_jwt&gt; with process id 7023
13:08:39 INFO  Executed sudo&lt;req_jwt&gt;, exit status 0
13:08:42 INFO  Executed sudo&lt;kill_out&gt;, exit status 0
13:08:42 WARN  Grep on resp_jwt.out contains &quot;\[c8y/s/dat\] 71,&quot; ... failed [run.py:60]
13:08:42 INFO  
13:08:42 INFO  cleanup:
13:08:46 INFO  Executed sudo&lt;tedge_disconnect_c8y&gt;, exit status 0
13:08:46 INFO  
13:08:46 INFO  Test duration: 24.94 secs
13:08:46 INFO  Test final outcome:  FAILED
13:08:46 INFO  Test outcome reason: Grep on resp_jwt.out contains &quot;\[c8y/s/dat\] 71,&quot;
13:08:46 INFO  
</system-out>
	</testcase>
</testsuite>
