<?xml version="1.0" encoding="utf-8"?>
<testsuite failures="1" name="tedge_mapper_c8y_alarms" skipped="0" tests="1" time="25.96" timestamp="2022-05-02T10:38:34">
	<testcase classname="TedgeMapperC8yAlarm" name="tedge_mapper_c8y_alarms">
		<failure message="BLOCKED: IndexError: list index out of range" type="BLOCKED"/>
		<system-out>10:38:08 INFO  ==============================================================
10:38:08 INFO  Id:    tedge_mapper_c8y_alarms
10:38:08 INFO  Dir:   tedge_mapper_c8y/
10:38:08 INFO  Title: Validate that alarms sent to tedge/alarms topic \ gets mapped as alarms in Cumulocity
10:38:08 INFO  ==============================================================
10:38:08 INFO  EnvironmentC8y Setup
10:38:08 INFO  Executed systemctl&lt;serv_mapper1&gt;, exit status 3
10:38:22 INFO  Executed sudo&lt;tedge_connect_c8y&gt;, exit status 0, duration 14 secs
10:38:23 INFO  Executed sudo&lt;tedge_connect_c8y_test&gt;, exit status 0
10:38:24 INFO  Executed systemctl&lt;serv_mosq2&gt;, exit status 0
10:38:24 INFO  Executed systemctl&lt;serv_mapper3&gt;, exit status 0
10:38:24 INFO  Executed tedge, exit status 0
10:38:25 INFO  Executed tedge, exit status 0
10:38:25 INFO  Executed tedge, exit status 0
10:38:26 INFO  Executed tedge, exit status 0
10:38:26 INFO  Executed tedge, exit status 0
10:38:27 WARN  IndexError occurred while running test - list index out of range
Traceback (most recent call last):
  File &quot;/home/pi/env-pysys/lib/python3.7/site-packages/pysys/baserunner.py&quot;, line 1296, in __call__
    self.testObj.validate()
  File &quot;/home/pi/actions-runner/_work/thin-edge.io/thin-edge.io/tests/PySys/tedge_mapper_c8y/tedge_mapper_c8y_alarms/run.py&quot;, line 96, in validate
    alarms[0],
IndexError: list index out of range
10:38:27 WARN  IndexError: list index out of range ... blocked 
10:38:27 INFO  
10:38:27 INFO  cleanup:
10:38:28 INFO  Executed tedge, exit status 0
10:38:28 INFO  Executed tedge, exit status 0
10:38:29 INFO  Executed tedge, exit status 0
10:38:33 INFO  Executed sudo&lt;tedge_disconnect_c8y&gt;, exit status 0
10:38:34 INFO  Executed systemctl&lt;serv_mapper5&gt;, exit status 3
10:38:34 INFO  
10:38:34 INFO  Test duration: 25.96 secs
10:38:34 INFO  Test final outcome:  BLOCKED
10:38:34 INFO  Test outcome reason: IndexError: list index out of range
10:38:34 INFO  
</system-out>
	</testcase>
</testsuite>
