<?xml version="1.0" encoding="utf-8"?>
<testsuite failures="1" name="smoketest_smartrest_400_samples_1Xms" skipped="0" tests="1" time="107.67" timestamp="2022-05-02T10:32:31">
	<testcase classname="SmoketestSmartRest400Samples1Xms" name="smoketest_smartrest_400_samples_1Xms">
		<failure message="BLOCKED: python3&lt;stdout&gt; returned non-zero exit code 1" type="BLOCKED"/>
		<system-out>10:30:43 INFO  ==============================================================
10:30:43 INFO  Id:    smoketest_smartrest_400_samples_1Xms
10:30:43 INFO  Dir:   smoketests/
10:30:43 INFO  Title: Smoketest Smart Rest 400 Samples 1Xms Delay
10:30:43 INFO  ==============================================================
10:30:43 INFO  EnvironmentC8y Setup
10:30:44 INFO  Executed systemctl&lt;serv_mapper1&gt;, exit status 3
10:30:44 INFO  Restarting mosquitto too frequently in the last 10 seconds. It was only up for 5 seconds
10:30:44 INFO  Delaying execution by 6 seconds
10:31:04 INFO  Executed sudo&lt;tedge_connect_c8y&gt;, exit status 0, duration 14 secs
10:31:05 INFO  Executed sudo&lt;tedge_connect_c8y_test&gt;, exit status 0
10:31:05 INFO  Executed systemctl&lt;serv_mosq2&gt;, exit status 0
10:31:06 INFO  Executed systemctl&lt;serv_mapper3&gt;, exit status 0
10:32:24 WARN  Executed python3&lt;stdout&gt;, exit status 1, duration 38 secs
10:32:24 INFO  Contents of stdout.out: 
  Act: Publishing values with tedge pub
  Waiting 3s for values to arrive in C8y
  Assert: Retrieving data via REST interface
  Gathering values from 2022-05-02 10:31:44+00:00 to 2022-05-02 10:32:24+00:00
  Found 0 recorded values:
  Retrieved values:
  Expected:  0.0  ...  199.0
  Data verification FAILED
  -----

10:32:24 WARN  python3&lt;stdout&gt; returned non-zero exit code 1 ... blocked 
10:32:24 WARN  Aborted test due to BLOCKED outcome
10:32:24 INFO  
10:32:24 INFO  cleanup:
10:32:30 INFO  Executed sudo&lt;tedge_disconnect_c8y&gt;, exit status 0
10:32:31 INFO  Executed systemctl&lt;serv_mapper5&gt;, exit status 3
10:32:31 INFO  
10:32:31 INFO  Test duration: 107.67 secs
10:32:31 INFO  Test final outcome:  BLOCKED
10:32:31 INFO  Test outcome reason: python3&lt;stdout&gt; returned non-zero exit code 1
10:32:31 INFO  
</system-out>
	</testcase>
</testsuite>
