<?xml version="1.0" encoding="utf-8"?>
<testsuite failures="1" name="c8y_jwt_token_retrieval" skipped="0" tests="1" time="24.46" timestamp="2022-04-24T11:58:27">
	<testcase classname="ValidateJWTTokenRetrieval" name="c8y_jwt_token_retrieval">
		<failure message="FAILED: Grep on resp_jwt.out contains &quot;\[c8y/s/dat\] 71,&quot;" type="FAILED"/>
		<system-out>11:58:02 INFO  ==============================================================
11:58:02 INFO  Id:    c8y_jwt_token_retrieval
11:58:02 INFO  Dir:   cloud_c8y/
11:58:02 INFO  Title: Validate the Cumulocity JWT Token Retrieval feature
11:58:02 INFO  ==============================================================
11:58:03 INFO  Executed sudo&lt;tedge_disconnect_c8y&gt;, exit status 0
11:58:18 INFO  Executed sudo&lt;tedge_connect_c8y&gt;, exit status 0, duration 15 secs
11:58:18 INFO  Started sudo&lt;resp_jwt&gt; with process id 8641
11:58:20 INFO  Executed sudo&lt;req_jwt&gt;, exit status 0
11:58:22 INFO  Executed sudo&lt;kill_out&gt;, exit status 0
11:58:22 WARN  Grep on resp_jwt.out contains &quot;\[c8y/s/dat\] 71,&quot; ... failed [run.py:60]
11:58:22 INFO  
11:58:22 INFO  cleanup:
11:58:27 INFO  Executed sudo&lt;tedge_disconnect_c8y&gt;, exit status 0
11:58:27 INFO  
11:58:27 INFO  Test duration: 24.46 secs
11:58:27 INFO  Test final outcome:  FAILED
11:58:27 INFO  Test outcome reason: Grep on resp_jwt.out contains &quot;\[c8y/s/dat\] 71,&quot;
11:58:27 INFO  
</system-out>
	</testcase>
</testsuite>
