<?xml version="1.0" encoding="utf-8"?>
<testsuite failures="1" name="tedge_mapper_c8y_child_device_measurement" skipped="0" tests="1" time="34.93" timestamp="2022-05-02T10:39:09">
	<testcase classname="TedgeMapperC8yChildDevice" name="tedge_mapper_c8y_child_device_measurement">
		<failure message="BLOCKED: IndexError: list index out of range" type="BLOCKED"/>
		<system-out>10:38:34 INFO  ==============================================================
10:38:34 INFO  Id:    tedge_mapper_c8y_child_device_measurement
10:38:34 INFO  Dir:   tedge_mapper_c8y/
10:38:34 INFO  Title: Validate that measurements sent to tedge/measurements/child topic gets mapped as the child device's measurement in Cumulocity
10:38:34 INFO  ==============================================================
10:38:34 INFO  EnvironmentC8y Setup
10:38:34 INFO  Executed systemctl&lt;serv_mapper1&gt;, exit status 3
10:38:34 INFO  Restarting mosquitto too frequently in the last 10 seconds. It was only up for 4 seconds
10:38:34 INFO  Delaying execution by 7 seconds
10:38:56 INFO  Executed sudo&lt;tedge_connect_c8y&gt;, exit status 0, duration 14 secs
10:38:56 INFO  Executed sudo&lt;tedge_connect_c8y_test&gt;, exit status 0
10:38:57 INFO  Executed systemctl&lt;serv_mosq2&gt;, exit status 0
10:38:57 INFO  Executed systemctl&lt;serv_mapper3&gt;, exit status 0
10:38:58 INFO  Assert that (actual == expected) with actual=None, expected=None ... passed
10:38:58 INFO  Executed tedge_pub, exit status 0
10:38:59 INFO  Executed tedge_pub, exit status 0
10:38:59 INFO  Executed tedge_pub, exit status 0
10:39:00 INFO  Executed tedge_pub, exit status 0
10:39:00 INFO  Executed tedge_pub, exit status 0
10:39:03 INFO  {
    &quot;self&quot;: &quot;https://t493319102.eu-latest.cumulocity.com/measurement/measurements/18151708&quot;,
    &quot;time&quot;: &quot;2022-05-02T10:39:00.690Z&quot;,
    &quot;id&quot;: &quot;18151708&quot;,
    &quot;source&quot;: {
        &quot;self&quot;: &quot;https://t493319102.eu-latest.cumulocity.com/inventory/managedObjects/18151701&quot;,
        &quot;id&quot;: &quot;18151701&quot;
    },
    &quot;type&quot;: &quot;ThinEdgeMeasurement&quot;,
    &quot;temperature&quot;: {
        &quot;temperature&quot;: {
            &quot;value&quot;: 10.0
        }
    }
}
10:39:03 INFO  Assert that (actual == expected) with actual=&quot;ThinEdgeMeasurement&quot;, expected=&quot;ThinEdgeMeasurement&quot; ... passed
10:39:03 INFO  Assert that (actual == expected) with actual=10.0, expected=10 ... passed
10:39:03 INFO  {
    &quot;self&quot;: &quot;https://t493319102.eu-latest.cumulocity.com/measurement/measurements/18151703&quot;,
    &quot;time&quot;: &quot;2022-05-02T10:38:59.413Z&quot;,
    &quot;id&quot;: &quot;18151703&quot;,
    &quot;source&quot;: {
        &quot;self&quot;: &quot;https://t493319102.eu-latest.cumulocity.com/inventory/managedObjects/18151701&quot;,
        &quot;id&quot;: &quot;18151701&quot;
    },
    &quot;type&quot;: &quot;ThinEdgeMeasurement&quot;,
    &quot;temperature&quot;: {
        &quot;temperature&quot;: {
            &quot;value&quot;: 11.0
        }
    }
}
10:39:03 INFO  Assert that (actual == expected) with actual=&quot;ThinEdgeMeasurement&quot;, expected=&quot;ThinEdgeMeasurement&quot; ... passed
10:39:03 INFO  Assert that (actual == expected) with actual=11.0, expected=11 ... passed
10:39:03 INFO  {
    &quot;self&quot;: &quot;https://t493319102.eu-latest.cumulocity.com/measurement/measurements/18151702&quot;,
    &quot;time&quot;: &quot;2021-01-01T10:10:10.100+02:00&quot;,
    &quot;id&quot;: &quot;18151702&quot;,
    &quot;source&quot;: {
        &quot;self&quot;: &quot;https://t493319102.eu-latest.cumulocity.com/inventory/managedObjects/18151701&quot;,
        &quot;id&quot;: &quot;18151701&quot;
    },
    &quot;type&quot;: &quot;ThinEdgeMeasurement&quot;,
    &quot;temperature&quot;: {
        &quot;temperature&quot;: {
            &quot;value&quot;: 12.0
        }
    }
}
10:39:03 INFO  Assert that (actual == expected) with actual=&quot;ThinEdgeMeasurement&quot;, expected=&quot;ThinEdgeMeasurement&quot; ... passed
10:39:03 INFO  Assert that (actual == expected) with actual=12.0, expected=12 ... passed
10:39:03 INFO  Assert that (actual == expected) with actual=&quot;2021-01-01T10:10:10.100+02:00&quot;, expected=&quot;2021-01-01T10:10:10.100+02:00&quot; ... passed
10:39:03 INFO  {
    &quot;self&quot;: &quot;https://t493319102.eu-latest.cumulocity.com/measurement/measurements/18151706&quot;,
    &quot;time&quot;: &quot;2022-05-02T10:39:00.269Z&quot;,
    &quot;id&quot;: &quot;18151706&quot;,
    &quot;source&quot;: {
        &quot;self&quot;: &quot;https://t493319102.eu-latest.cumulocity.com/inventory/managedObjects/18151705&quot;,
        &quot;id&quot;: &quot;18151705&quot;
    },
    &quot;type&quot;: &quot;ThinEdgeMeasurement&quot;,
    &quot;temperature&quot;: {
        &quot;temperature&quot;: {
            &quot;value&quot;: 6.0
        }
    }
}
10:39:03 INFO  Assert that (actual == expected) with actual=&quot;ThinEdgeMeasurement&quot;, expected=&quot;ThinEdgeMeasurement&quot; ... passed
10:39:03 INFO  Assert that (actual == expected) with actual=6.0, expected=6 ... passed
10:39:03 WARN  IndexError occurred while running test - list index out of range
Traceback (most recent call last):
  File &quot;/home/pi/env-pysys/lib/python3.7/site-packages/pysys/baserunner.py&quot;, line 1296, in __call__
    self.testObj.validate()
  File &quot;/home/pi/actions-runner/_work/thin-edge.io/thin-edge.io/tests/PySys/tedge_mapper_c8y/tedge_mapper_c8y_child_device_measurement/run.py&quot;, line 133, in validate
    self.project.deviceid
  File &quot;/home/pi/actions-runner/_work/thin-edge.io/thin-edge.io/tests/PySys/environments/cumulocity.py&quot;, line 163, in get_last_measurements_from_device
    )[0]
IndexError: list index out of range
10:39:03 WARN  IndexError: list index out of range ... blocked 
10:39:03 INFO  
10:39:03 INFO  cleanup:
10:39:08 INFO  Executed sudo&lt;tedge_disconnect_c8y&gt;, exit status 0
10:39:09 INFO  Executed systemctl&lt;serv_mapper5&gt;, exit status 3
10:39:09 INFO  
10:39:09 INFO  Test duration: 34.93 secs
10:39:09 INFO  Test final outcome:  BLOCKED
10:39:09 INFO  Test outcome reason: IndexError: list index out of range
10:39:09 INFO  
</system-out>
	</testcase>
</testsuite>
