2022-04-28 11:56:18,363 INFO  ==============================================================
2022-04-28 11:56:18,364 INFO  Id:    SoftwareManagement.sm_apt_install_download_path
2022-04-28 11:56:18,365 INFO  Dir:   software_management_end_to_end/
2022-04-28 11:56:18,366 INFO  Title: Install package to directory specified in tedge config set tmp.path
2022-04-28 11:56:18,367 INFO  ==============================================================
2022-04-28 11:56:19,567 INFO  Using sw id database: {'asciijump': '5475369', 'robotfindskitten': '5474869', 'squirrel3': '5475279', 'rolldice': '5152439', 'moon-buggy': '5439204', 'apple': '5495053', 'banana': '5494888', 'cherry': '5495382', 'watermelon': '5494510', 'registry': '8018911', 'hello-world': '8021526', 'docker/getting-started': '8021973', 'alpine': '7991792'}
2022-04-28 11:56:19,568 INFO  EnvironmentC8y Setup
2022-04-28 11:56:20,129 INFO  Executed systemctl<serv_mapper1>, exit status 3
2022-04-28 11:56:34,342 INFO  Executed sudo<tedge_connect_c8y>, exit status 0, duration 14 secs
2022-04-28 11:56:34,965 INFO  Executed sudo<tedge_connect_c8y_test>, exit status 0
2022-04-28 11:56:35,428 INFO  Executed systemctl<serv_mosq2>, exit status 0
2022-04-28 11:56:35,900 INFO  Executed systemctl<serv_mapper3>, exit status 0
2022-04-28 11:56:38,153 INFO  State of current operation: FAILED
2022-04-28 11:56:38,368 INFO  Assert that (False == value) with value=False ... passed
2022-04-28 11:56:38,884 INFO  Executed sudo, exit status 0
2022-04-28 11:56:39,397 INFO  Executed sudo, exit status 0
2022-04-28 11:56:40,042 INFO  Executed sudo, exit status 0
2022-04-28 11:56:44,028 INFO  Executed sudo<tedge_disconnect_c8y>, exit status 0
2022-04-28 11:56:44,152 INFO  Restarting mosquitto too frequently in the last 10 seconds. It was only up for 4 seconds
2022-04-28 11:56:44,153 INFO  Delaying execution by 7 seconds
2022-04-28 11:57:05,116 INFO  Executed sudo<tedge_connect_c8y>, exit status 0, duration 13 secs
2022-04-28 11:57:05,376 INFO  Response status: 201
2022-04-28 11:57:05,378 INFO  Response to action: {
    "delivery": {
        "time": "2022-04-28T11:57:05.346Z",
        "log": [],
        "status": "PENDING"
    },
    "creationTime": "2022-04-28T11:57:05.333Z",
    "deviceName": "m32sd10a",
    "deviceId": "17889229",
    "self": "https://t493319102.eu-latest.cumulocity.com/devicecontrol/operations/17901205",
    "id": "17901205",
    "status": "PENDING",
    "description": "Apply software changes, triggered from PySys: [{'name': 'rolldice', 'id': '5152439', 'version': '::apt', 'url': 'https://thin-edge-io.eu-latest.cumulocity.com/inventory/binaries/12435463', 'action': 'install'}]",
    "c8y_SoftwareUpdate": [
        {
            "name": "rolldice",
            "action": "install",
            "id": "5152439",
            "version": "::apt",
            "url": "https://thin-edge-io.eu-latest.cumulocity.com/inventory/binaries/12435463"
        }
    ]
}
2022-04-28 11:57:05,379 INFO  Started operation: {'delivery': {'time': '2022-04-28T11:57:05.346Z', 'log': [], 'status': 'PENDING'}, 'creationTime': '2022-04-28T11:57:05.333Z', 'deviceName': 'm32sd10a', 'deviceId': '17889229', 'self': 'https://t493319102.eu-latest.cumulocity.com/devicecontrol/operations/17901205', 'id': '17901205', 'status': 'PENDING', 'description': "Apply software changes, triggered from PySys: [{'name': 'rolldice', 'id': '5152439', 'version': '::apt', 'url': 'https://thin-edge-io.eu-latest.cumulocity.com/inventory/binaries/12435463', 'action': 'install'}]", 'c8y_SoftwareUpdate': [{'name': 'rolldice', 'action': 'install', 'id': '5152439', 'version': '::apt', 'url': 'https://thin-edge-io.eu-latest.cumulocity.com/inventory/binaries/12435463'}]}
2022-04-28 11:57:05,383 WARN  , retrying in 0.5 seconds...
2022-04-28 11:57:05,887 WARN  , retrying in 0.5 seconds...
2022-04-28 11:57:06,390 WARN  , retrying in 0.5 seconds...
2022-04-28 11:57:06,894 WARN  , retrying in 0.5 seconds...
2022-04-28 11:57:07,397 WARN  , retrying in 0.5 seconds...
2022-04-28 11:57:07,911 WARN  , retrying in 0.5 seconds...
2022-04-28 11:57:08,414 WARN  , retrying in 0.5 seconds...
2022-04-28 11:57:08,917 WARN  , retrying in 0.5 seconds...
2022-04-28 11:57:09,421 WARN  , retrying in 0.5 seconds...
2022-04-28 11:57:09,923 WARN  AssertionError occurred while running test - 
Traceback (most recent call last):
  File "/home/pi/env-pysys/lib/python3.7/site-packages/pysys/baserunner.py", line 1294, in __call__
    self.testObj.execute()
  File "/home/pi/actions-runner/_work/thin-edge.io/thin-edge.io/tests/PySys/software_management_end_to_end/sm_apt_install_download_path/run.py", line 83, in execute
    assert_install_in_download_path(install_directory=self.DOWNLOAD_DIR)
  File "/home/pi/env-pysys/lib/python3.7/site-packages/decorator.py", line 232, in fun
    return caller(func, *(extras + args), **kw)
  File "/home/pi/env-pysys/lib/python3.7/site-packages/retry/api.py", line 74, in retry_decorator
    logger)
  File "/home/pi/env-pysys/lib/python3.7/site-packages/retry/api.py", line 33, in __retry_internal
    return f()
  File "/home/pi/actions-runner/_work/thin-edge.io/thin-edge.io/tests/PySys/software_management_end_to_end/sm_apt_install_download_path/run.py", line 28, in assert_install_in_download_path
    assert "rolldice" in os.listdir(f"{install_directory}")
AssertionError
2022-04-28 11:57:09,953 WARN  AssertionError: ... blocked 
2022-04-28 11:57:09,955 INFO  
2022-04-28 11:57:09,955 INFO  cleanup:
2022-04-28 11:57:10,468 INFO  Executed sudo, exit status 0
2022-04-28 11:57:11,033 INFO  Executed sudo, exit status 0
2022-04-28 11:57:15,324 INFO  Executed sudo<tedge_disconnect_c8y>, exit status 0
2022-04-28 11:57:15,451 INFO  Restarting mosquitto too frequently in the last 10 seconds. It was only up for 4 seconds
2022-04-28 11:57:15,453 INFO  Delaying execution by 7 seconds
2022-04-28 11:57:36,631 INFO  Executed sudo<tedge_connect_c8y>, exit status 0, duration 14 secs
2022-04-28 11:57:40,836 INFO  Executed sudo<tedge_disconnect_c8y>, exit status 0
2022-04-28 11:57:41,410 INFO  Executed systemctl<serv_mapper5>, exit status 3
2022-04-28 11:57:41,414 INFO  
2022-04-28 11:57:41,415 INFO  Test duration: 83.06 secs
2022-04-28 11:57:41,416 INFO  Test final outcome:  BLOCKED
2022-04-28 11:57:41,417 INFO  Test outcome reason: AssertionError:
2022-04-28 11:57:41,418 INFO  
