<?xml version='1.0' encoding='utf-8'?>
<testsuites tests="147" failures="23" errors="0" skipped="45" time="0.0"><testsuite name="SoftwareManagement.Plugin.apama_plugin_install" tests="3" errors="0" failures="2" skipped="1" time="0"><testcase classname="ApamaPluginInstallTest" name="SoftwareManagement.Plugin.apama_plugin_install">
		<skipped message="SKIPPED: Apama plugin tests are disabled by default. Execute `pysys run` with `-XmyPlatform=container` to run these tests" />
		<system-out>12:01:51 INFO  ==============================================================
12:01:51 INFO  Id:    SoftwareManagement.Plugin.apama_plugin_install
12:01:51 INFO  Dir:   plugin_apama/
12:01:51 INFO  Title: Validate apama plugin install
12:01:51 INFO  ==============================================================
12:01:51 INFO  Apama plugin tests are disabled by default. Execute `pysys run` with `-XmyPlatform=container` to run these tests ... skipped
12:01:51 WARN  Aborted test due to SKIPPED outcome
12:01:51 INFO  
12:01:51 INFO  Test duration: 0.06 secs
12:01:51 INFO  Test final outcome:  SKIPPED
12:01:51 INFO  Test outcome reason: Apama plugin tests are disabled by default. Execute `pysys run` with `-XmyPlatform=container` to run these tests
12:01:51 INFO  
</system-out>
	</testcase>
<testcase classname="ApamaPluginInstallTest" name="SoftwareManagement.Plugin.apama_plugin_install">
		<failure message="BLOCKED: sudo&lt;plugin_install&gt; returned non-zero exit code 2" type="BLOCKED" />
		<system-out>12:53:02 INFO  ==============================================================
12:53:02 INFO  Id:    SoftwareManagement.Plugin.apama_plugin_install
12:53:02 INFO  Dir:   plugin_apama/
12:53:02 INFO  Title: Validate apama plugin install
12:53:02 INFO  ==============================================================
12:53:02 INFO  Assertion that path exists=False for "/etc/tedge/apama/project" ... passed
12:53:14 WARN  Executed sudo&lt;plugin_install&gt;, exit status 2, duration 11 secs
12:53:14 INFO  Contents of plugin_install.err: 
  Failed to connect to remote component: Failed to connect to localhost:15903: Connection refused
  ERROR: Execution of `/opt/softwareag/Apama/bin/apama_env` failed with exit status exit status: 1
  -----

12:53:14 WARN  sudo&lt;plugin_install&gt; returned non-zero exit code 2 ... blocked [run.py:29]
12:53:14 WARN  Aborted test due to BLOCKED outcome
12:53:14 INFO  
12:53:14 INFO  cleanup:
12:53:14 INFO  Removing apama project
12:53:15 INFO  Executed sudo&lt;remove_apama_project&gt;, exit status 0
12:53:32 INFO  Executed sudo&lt;stop_apama_service&gt;, exit status 0, duration 16 secs
12:53:32 INFO  Executed sudo&lt;remove_apama_tmp_dir&gt;, exit status 0
12:53:32 INFO  
12:53:32 INFO  Test duration: 29.72 secs
12:53:32 INFO  Test final outcome:  BLOCKED
12:53:32 INFO  Test outcome reason: sudo&lt;plugin_install&gt; returned non-zero exit code 2
12:53:32 INFO  
</system-out>
	</testcase>
<testcase classname="ApamaPluginInstallTest" name="SoftwareManagement.Plugin.apama_plugin_install">
		<failure message="BLOCKED: sudo&lt;plugin_install&gt; returned non-zero exit code 2 (+2 other failures)" type="BLOCKED" />
		<system-out>13:00:56 INFO  ==============================================================
13:00:56 INFO  Id:    SoftwareManagement.Plugin.apama_plugin_install
13:00:56 INFO  Dir:   plugin_apama/
13:00:56 INFO  Title: Validate apama plugin install
13:00:56 INFO  ==============================================================
13:00:56 WARN  Assertion that path exists=False for "/etc/tedge/apama/project" ... failed 
13:00:57 WARN  Executed sudo&lt;plugin_install&gt;, exit status 2
13:00:57 INFO  Contents of plugin_install.err: 
  ERROR: Device or resource busy (os error 16)
  -----

13:00:57 WARN  sudo&lt;plugin_install&gt; returned non-zero exit code 2 ... blocked [run.py:29]
13:00:57 WARN  Aborted test due to BLOCKED outcome
13:00:57 INFO  
13:00:57 INFO  cleanup:
13:00:57 INFO  Removing apama project
13:00:58 WARN  Executed sudo&lt;remove_apama_project&gt;, exit status 1
13:00:58 INFO  Contents of remove_apama_project.err: 
  rm: cannot remove '/etc/tedge/apama/project/logs/.nfs00000000000e0e260000131a': Device or resource busy
  -----

13:00:58 ERROR Error while running cleanup function: 
Traceback (most recent call last):
  File "/home/pi/env-pysys/lib/python3.7/site-packages/pysys/process/user.py", line 1305, in cleanup
    fn()
  File "/home/pi/actions-runner/_work/thin-edge.io/thin-edge.io/tests/PySys/plugin_apama/environment_apama_plugin.py", line 144, in cleanup_project
    self.remove_project()
  File "/home/pi/actions-runner/_work/thin-edge.io/thin-edge.io/tests/PySys/plugin_apama/environment_apama_plugin.py", line 95, in remove_project
    stdouterr="remove_apama_project",
  File "/home/pi/env-pysys/lib/python3.7/site-packages/pysys/process/user.py", line 482, in startProcess
    abortOnError=abortOnError)
  File "/home/pi/env-pysys/lib/python3.7/site-packages/pysys/process/user.py", line 1401, in addOutcome
    self.abort(outcome, outcomeReason, callRecord)
  File "/home/pi/env-pysys/lib/python3.7/site-packages/pysys/process/user.py", line 1420, in abort
    raise AbortExecution(outcome, outcomeReason, callRecord)
pysys.exceptions.AbortExecution: sudo&lt;remove_apama_project&gt; returned non-zero exit code 1
13:00:58 WARN  Cleanup failed with 1 errors: Cleanup function failed: sudo&lt;remove_apama_project&gt; returned non-zero exit code 1 (AbortExecution) ... blocked 
13:00:58 INFO  
13:00:58 INFO  Test duration: 1.48 secs
13:00:58 INFO  Test final outcome:  BLOCKED
13:00:58 INFO  Test outcome reason: sudo&lt;plugin_install&gt; returned non-zero exit code 2 (+2 other failures)
13:00:58 INFO  
</system-out>
	</testcase>
</testsuite><testsuite name="SoftwareManagement.Plugin.apama_plugin_mon_support" tests="3" errors="0" failures="2" skipped="1" time="0"><testcase classname="ApamaPluginMonSupportTest" name="SoftwareManagement.Plugin.apama_plugin_mon_support">
		<skipped message="SKIPPED: Apama plugin tests are disabled by default. Execute `pysys run` with `-XmyPlatform=container` to run these tests" />
		<system-out>12:01:51 INFO  ==============================================================
12:01:51 INFO  Id:    SoftwareManagement.Plugin.apama_plugin_mon_support
12:01:51 INFO  Dir:   plugin_apama/
12:01:51 INFO  Title: Validate mon file support of apama plugin
12:01:51 INFO  ==============================================================
12:01:51 INFO  Apama plugin tests are disabled by default. Execute `pysys run` with `-XmyPlatform=container` to run these tests ... skipped
12:01:51 WARN  Aborted test due to SKIPPED outcome
12:01:51 INFO  
12:01:51 INFO  Test duration: 0.04 secs
12:01:51 INFO  Test final outcome:  SKIPPED
12:01:51 INFO  Test outcome reason: Apama plugin tests are disabled by default. Execute `pysys run` with `-XmyPlatform=container` to run these tests
12:01:51 INFO  
</system-out>
	</testcase>
<testcase classname="ApamaPluginMonSupportTest" name="SoftwareManagement.Plugin.apama_plugin_mon_support">
		<failure message="BLOCKED: sudo&lt;remove_apama_project&gt; returned non-zero exit code 1 (+1 other failures)" type="BLOCKED" />
		<system-out>12:53:32 INFO  ==============================================================
12:53:32 INFO  Id:    SoftwareManagement.Plugin.apama_plugin_mon_support
12:53:32 INFO  Dir:   plugin_apama/
12:53:32 INFO  Title: Validate mon file support of apama plugin
12:53:32 INFO  ==============================================================
12:53:32 INFO  Assertion that path exists=False for "/etc/tedge/apama/project" ... passed
12:53:33 INFO  Executed sudo&lt;create_project_dir&gt;, exit status 0
12:53:33 INFO  Executed sudo&lt;unzip_apama_project&gt;, exit status 0
12:53:34 INFO  Executed sudo&lt;move_apama_project&gt;, exit status 0
12:53:35 INFO  Executed sudo&lt;restart_apama_service&gt;, exit status 0
12:53:36 INFO  Executed sudo&lt;apama_correlator_wait&gt;, exit status 0
12:53:36 INFO  Executed sudo&lt;apama_list_monitors&gt;, exit status 0
12:53:36 INFO  Grep on file /home/pi/actions-runner/_work/thin-edge.io/thin-edge.io/tests/PySys/plugin_apama/apama_plugin_mon_support/Output/linux/apama_list_monitors.out ... passed
12:53:37 INFO  Executed sudo&lt;plugin_list_before_install&gt;, exit status 0
12:53:38 INFO  Executed sudo&lt;plugin_install&gt;, exit status 0
12:53:39 INFO  Executed sudo&lt;apama_correlator_wait&gt;, exit status 0
12:53:40 INFO  Executed sudo&lt;plugin_list_after_install&gt;, exit status 0
12:53:41 INFO  Executed sudo&lt;plugin_update&gt;, exit status 0
12:53:42 INFO  Executed sudo&lt;apama_correlator_wait&gt;, exit status 0
12:53:42 INFO  Executed sudo&lt;plugin_list_after_update&gt;, exit status 0
12:53:43 INFO  Executed sudo&lt;plugin_remove&gt;, exit status 0
12:53:44 INFO  Executed sudo&lt;plugin_list_after_remove&gt;, exit status 0
12:53:44 INFO  Grep on file plugin_list_before_install.out ... passed
12:53:44 INFO  Grep on file plugin_list_after_install.out ... passed
12:53:44 INFO  Grep on file plugin_list_after_update.out ... passed
12:53:44 INFO  Grep on file plugin_list_after_remove.out ... passed
12:53:44 INFO  
12:53:44 INFO  cleanup:
12:53:44 INFO  Removing apama project
12:53:44 WARN  Executed sudo&lt;remove_apama_project&gt;, exit status 1
12:53:44 INFO  Contents of remove_apama_project.err: 
  rm: cannot remove '/etc/tedge/apama/project/logs': Directory not empty
  -----

12:53:44 ERROR Error while running cleanup function: 
Traceback (most recent call last):
  File "/home/pi/env-pysys/lib/python3.7/site-packages/pysys/process/user.py", line 1305, in cleanup
    fn()
  File "/home/pi/actions-runner/_work/thin-edge.io/thin-edge.io/tests/PySys/plugin_apama/environment_apama_plugin.py", line 144, in cleanup_project
    self.remove_project()
  File "/home/pi/actions-runner/_work/thin-edge.io/thin-edge.io/tests/PySys/plugin_apama/environment_apama_plugin.py", line 95, in remove_project
    stdouterr="remove_apama_project",
  File "/home/pi/env-pysys/lib/python3.7/site-packages/pysys/process/user.py", line 482, in startProcess
    abortOnError=abortOnError)
  File "/home/pi/env-pysys/lib/python3.7/site-packages/pysys/process/user.py", line 1401, in addOutcome
    self.abort(outcome, outcomeReason, callRecord)
  File "/home/pi/env-pysys/lib/python3.7/site-packages/pysys/process/user.py", line 1420, in abort
    raise AbortExecution(outcome, outcomeReason, callRecord)
pysys.exceptions.AbortExecution: sudo&lt;remove_apama_project&gt; returned non-zero exit code 1
12:53:44 WARN  Cleanup failed with 1 errors: Cleanup function failed: sudo&lt;remove_apama_project&gt; returned non-zero exit code 1 (AbortExecution) ... blocked 
12:53:44 INFO  
12:53:44 INFO  Test duration: 12.36 secs
12:53:44 INFO  Test final outcome:  BLOCKED
12:53:44 INFO  Test outcome reason: sudo&lt;remove_apama_project&gt; returned non-zero exit code 1 (+1 other failures)
12:53:44 INFO  
</system-out>
	</testcase>
<testcase classname="ApamaPluginMonSupportTest" name="SoftwareManagement.Plugin.apama_plugin_mon_support">
		<failure message="BLOCKED: ProcessError: Error stopping process sudo&lt;unzip_apama_project&gt; (pid 29997) due to PermissionError: [Errno 1] Operation not permitted (+3 other failures)" type="BLOCKED" />
		<system-out>13:00:58 INFO  ==============================================================
13:00:58 INFO  Id:    SoftwareManagement.Plugin.apama_plugin_mon_support
13:00:58 INFO  Dir:   plugin_apama/
13:00:58 INFO  Title: Validate mon file support of apama plugin
13:00:58 INFO  ==============================================================
13:00:58 WARN  Assertion that path exists=False for "/etc/tedge/apama/project" ... failed 
13:00:58 INFO  Executed sudo&lt;create_project_dir&gt;, exit status 0
13:10:58 WARN  Process sudo&lt;unzip_apama_project&gt; (pid 29997) timed out after 600 seconds, stopping process
13:10:58 WARN  ProcessError occurred while running test - Error stopping process sudo&lt;unzip_apama_project&gt; (pid 29997) due to PermissionError: [Errno 1] Operation not permitted
Traceback (most recent call last):
  File "/home/pi/env-pysys/lib/python3.7/site-packages/pysys/process/user.py", line 465, in startProcess
    process.start()
  File "/home/pi/env-pysys/lib/python3.7/site-packages/pysys/process/__init__.py", line 282, in start
    self.wait(self.timeout)
  File "/home/pi/env-pysys/lib/python3.7/site-packages/pysys/process/__init__.py", line 263, in wait
    raise ProcessTimeout('Waiting for completion of %r timed out after %d seconds'%(self, int(timeout)))
pysys.exceptions.ProcessTimeout: Waiting for completion of sudo&lt;unzip_apama_project&gt; (pid 29997) timed out after 600 seconds

During handling of the above exception, another exception occurred:

Traceback (most recent call last):
  File "/home/pi/env-pysys/lib/python3.7/site-packages/pysys/process/plat-unix/helper.py", line 226, in stop
    os.kill(self.pid, sig)
PermissionError: [Errno 1] Operation not permitted

During handling of the above exception, another exception occurred:

Traceback (most recent call last):
  File "/home/pi/env-pysys/lib/python3.7/site-packages/pysys/baserunner.py", line 1292, in __call__
    self.testObj.setup()
  File "/home/pi/actions-runner/_work/thin-edge.io/thin-edge.io/tests/PySys/plugin_apama/apama_plugin_mon_support/run.py", line 19, in setup
    self.install_project(self.project.apama_input_dir + "/quickstart.zip")
  File "/home/pi/actions-runner/_work/thin-edge.io/thin-edge.io/tests/PySys/plugin_apama/environment_apama_plugin.py", line 72, in install_project
    stdouterr="unzip_apama_project",
  File "/home/pi/env-pysys/lib/python3.7/site-packages/pysys/process/user.py", line 493, in startProcess
    process.stop()
  File "/home/pi/env-pysys/lib/python3.7/site-packages/pysys/process/plat-unix/helper.py", line 252, in stop
    raise ProcessError("Error stopping process %r due to %s: %s"%(self, type(ex).__name__, ex))
pysys.exceptions.ProcessError: Error stopping process sudo&lt;unzip_apama_project&gt; (pid 29997) due to PermissionError: [Errno 1] Operation not permitted
13:10:59 WARN  ProcessError: Error stopping process sudo&lt;unzip_apama_project&gt; (pid 29997) due to PermissionError: [Errno 1] Operation not permitted ... blocked 
13:10:59 INFO  
13:10:59 INFO  cleanup:
13:10:59 INFO  Removing apama project
13:10:59 WARN  Executed sudo&lt;remove_apama_project&gt;, exit status 1
13:10:59 INFO  Contents of remove_apama_project.err: 
  rm: cannot remove '/etc/tedge/apama/project/logs/.nfs00000000000e0e260000131a': Device or resource busy
  -----

13:10:59 ERROR Error while running cleanup function: 
Traceback (most recent call last):
  File "/home/pi/env-pysys/lib/python3.7/site-packages/pysys/process/user.py", line 1305, in cleanup
    fn()
  File "/home/pi/actions-runner/_work/thin-edge.io/thin-edge.io/tests/PySys/plugin_apama/environment_apama_plugin.py", line 144, in cleanup_project
    self.remove_project()
  File "/home/pi/actions-runner/_work/thin-edge.io/thin-edge.io/tests/PySys/plugin_apama/environment_apama_plugin.py", line 95, in remove_project
    stdouterr="remove_apama_project",
  File "/home/pi/env-pysys/lib/python3.7/site-packages/pysys/process/user.py", line 482, in startProcess
    abortOnError=abortOnError)
  File "/home/pi/env-pysys/lib/python3.7/site-packages/pysys/process/user.py", line 1401, in addOutcome
    self.abort(outcome, outcomeReason, callRecord)
  File "/home/pi/env-pysys/lib/python3.7/site-packages/pysys/process/user.py", line 1420, in abort
    raise AbortExecution(outcome, outcomeReason, callRecord)
pysys.exceptions.AbortExecution: sudo&lt;remove_apama_project&gt; returned non-zero exit code 1
13:10:59 WARN  Cleanup failed with 1 errors: Cleanup function failed: sudo&lt;remove_apama_project&gt; returned non-zero exit code 1 (AbortExecution) ... blocked 
13:10:59 INFO  
13:10:59 INFO  Test duration: 601.50 secs
13:10:59 INFO  Test final outcome:  BLOCKED
13:10:59 INFO  Test outcome reason: ProcessError: Error stopping process sudo&lt;unzip_apama_project&gt; (pid 29997) due to PermissionError: [Errno 1] Operation not permitted (+3 other failures)
13:10:59 INFO  
</system-out>
	</testcase>
</testsuite><testsuite name="SoftwareManagement.Plugin.apama_plugin_remove" tests="3" errors="0" failures="2" skipped="1" time="0"><testcase classname="ApamaPluginRemoveTest" name="SoftwareManagement.Plugin.apama_plugin_remove">
		<skipped message="SKIPPED: Apama plugin tests are disabled by default. Execute `pysys run` with `-XmyPlatform=container` to run these tests" />
		<system-out>12:01:51 INFO  ==============================================================
12:01:51 INFO  Id:    SoftwareManagement.Plugin.apama_plugin_remove
12:01:51 INFO  Dir:   plugin_apama/
12:01:51 INFO  Title: Validate apama plugin remove
12:01:51 INFO  ==============================================================
12:01:51 INFO  Apama plugin tests are disabled by default. Execute `pysys run` with `-XmyPlatform=container` to run these tests ... skipped
12:01:51 WARN  Aborted test due to SKIPPED outcome
12:01:51 INFO  
12:01:51 INFO  Test duration: 0.03 secs
12:01:51 INFO  Test final outcome:  SKIPPED
12:01:51 INFO  Test outcome reason: Apama plugin tests are disabled by default. Execute `pysys run` with `-XmyPlatform=container` to run these tests
12:01:51 INFO  
</system-out>
	</testcase>
<testcase classname="ApamaPluginRemoveTest" name="SoftwareManagement.Plugin.apama_plugin_remove">
		<failure message="BLOCKED: sudo&lt;remove_apama_project&gt; returned non-zero exit code 1 (+2 other failures)" type="BLOCKED" />
		<system-out>12:53:45 INFO  ==============================================================
12:53:45 INFO  Id:    SoftwareManagement.Plugin.apama_plugin_remove
12:53:45 INFO  Dir:   plugin_apama/
12:53:45 INFO  Title: Validate apama plugin remove
12:53:45 INFO  ==============================================================
12:53:45 WARN  Assertion that path exists=False for "/etc/tedge/apama/project" ... failed 
12:53:45 WARN  Aborted test due to FAILED outcome
12:53:45 INFO  
12:53:45 INFO  cleanup:
12:53:45 INFO  Removing apama project
12:53:45 WARN  Executed sudo&lt;remove_apama_project&gt;, exit status 1
12:53:45 INFO  Contents of remove_apama_project.err: 
  rm: cannot remove '/etc/tedge/apama/project/logs/.nfs00000000000e0e260000131a': Device or resource busy
  -----

12:53:45 ERROR Error while running cleanup function: 
Traceback (most recent call last):
  File "/home/pi/env-pysys/lib/python3.7/site-packages/pysys/process/user.py", line 1305, in cleanup
    fn()
  File "/home/pi/actions-runner/_work/thin-edge.io/thin-edge.io/tests/PySys/plugin_apama/environment_apama_plugin.py", line 144, in cleanup_project
    self.remove_project()
  File "/home/pi/actions-runner/_work/thin-edge.io/thin-edge.io/tests/PySys/plugin_apama/environment_apama_plugin.py", line 95, in remove_project
    stdouterr="remove_apama_project",
  File "/home/pi/env-pysys/lib/python3.7/site-packages/pysys/process/user.py", line 482, in startProcess
    abortOnError=abortOnError)
  File "/home/pi/env-pysys/lib/python3.7/site-packages/pysys/process/user.py", line 1401, in addOutcome
    self.abort(outcome, outcomeReason, callRecord)
  File "/home/pi/env-pysys/lib/python3.7/site-packages/pysys/process/user.py", line 1420, in abort
    raise AbortExecution(outcome, outcomeReason, callRecord)
pysys.exceptions.AbortExecution: sudo&lt;remove_apama_project&gt; returned non-zero exit code 1
12:53:45 WARN  Cleanup failed with 1 errors: Cleanup function failed: sudo&lt;remove_apama_project&gt; returned non-zero exit code 1 (AbortExecution) ... blocked 
12:53:45 INFO  
12:53:45 INFO  Test duration: 0.63 secs
12:53:45 INFO  Test final outcome:  BLOCKED
12:53:45 INFO  Test outcome reason: sudo&lt;remove_apama_project&gt; returned non-zero exit code 1 (+2 other failures)
12:53:45 INFO  
</system-out>
	</testcase>
<testcase classname="ApamaPluginRemoveTest" name="SoftwareManagement.Plugin.apama_plugin_remove">
		<failure message="BLOCKED: sudo&lt;remove_apama_project&gt; returned non-zero exit code 1 (+2 other failures)" type="BLOCKED" />
		<system-out>13:10:59 INFO  ==============================================================
13:10:59 INFO  Id:    SoftwareManagement.Plugin.apama_plugin_remove
13:10:59 INFO  Dir:   plugin_apama/
13:10:59 INFO  Title: Validate apama plugin remove
13:10:59 INFO  ==============================================================
13:11:00 WARN  Assertion that path exists=False for "/etc/tedge/apama/project" ... failed 
13:11:00 WARN  Aborted test due to FAILED outcome
13:11:00 INFO  
13:11:00 INFO  cleanup:
13:11:00 INFO  Removing apama project
13:11:01 WARN  Executed sudo&lt;remove_apama_project&gt;, exit status 1
13:11:01 INFO  Contents of remove_apama_project.err: 
  rm: cannot remove '/etc/tedge/apama/project/logs/.nfs00000000000e0e260000131a': Device or resource busy
  -----

13:11:01 ERROR Error while running cleanup function: 
Traceback (most recent call last):
  File "/home/pi/env-pysys/lib/python3.7/site-packages/pysys/process/user.py", line 1305, in cleanup
    fn()
  File "/home/pi/actions-runner/_work/thin-edge.io/thin-edge.io/tests/PySys/plugin_apama/environment_apama_plugin.py", line 144, in cleanup_project
    self.remove_project()
  File "/home/pi/actions-runner/_work/thin-edge.io/thin-edge.io/tests/PySys/plugin_apama/environment_apama_plugin.py", line 95, in remove_project
    stdouterr="remove_apama_project",
  File "/home/pi/env-pysys/lib/python3.7/site-packages/pysys/process/user.py", line 482, in startProcess
    abortOnError=abortOnError)
  File "/home/pi/env-pysys/lib/python3.7/site-packages/pysys/process/user.py", line 1401, in addOutcome
    self.abort(outcome, outcomeReason, callRecord)
  File "/home/pi/env-pysys/lib/python3.7/site-packages/pysys/process/user.py", line 1420, in abort
    raise AbortExecution(outcome, outcomeReason, callRecord)
pysys.exceptions.AbortExecution: sudo&lt;remove_apama_project&gt; returned non-zero exit code 1
13:11:01 WARN  Cleanup failed with 1 errors: Cleanup function failed: sudo&lt;remove_apama_project&gt; returned non-zero exit code 1 (AbortExecution) ... blocked 
13:11:01 INFO  
13:11:01 INFO  Test duration: 1.62 secs
13:11:01 INFO  Test final outcome:  BLOCKED
13:11:01 INFO  Test outcome reason: sudo&lt;remove_apama_project&gt; returned non-zero exit code 1 (+2 other failures)
13:11:01 INFO  
</system-out>
	</testcase>
</testsuite><testsuite name="SoftwareManagement.Plugin.apama_plugin_update" tests="3" errors="0" failures="2" skipped="1" time="0"><testcase classname="ApamaPluginUpdateTest" name="SoftwareManagement.Plugin.apama_plugin_update">
		<skipped message="SKIPPED: Apama plugin tests are disabled by default. Execute `pysys run` with `-XmyPlatform=container` to run these tests" />
		<system-out>12:01:51 INFO  ==============================================================
12:01:51 INFO  Id:    SoftwareManagement.Plugin.apama_plugin_update
12:01:51 INFO  Dir:   plugin_apama/
12:01:51 INFO  Title: Validate apama plugin updating one project with another
12:01:51 INFO  ==============================================================
12:01:51 INFO  Apama plugin tests are disabled by default. Execute `pysys run` with `-XmyPlatform=container` to run these tests ... skipped
12:01:51 WARN  Aborted test due to SKIPPED outcome
12:01:51 INFO  
12:01:51 INFO  Test duration: 0.02 secs
12:01:51 INFO  Test final outcome:  SKIPPED
12:01:51 INFO  Test outcome reason: Apama plugin tests are disabled by default. Execute `pysys run` with `-XmyPlatform=container` to run these tests
12:01:51 INFO  
</system-out>
	</testcase>
<testcase classname="ApamaPluginUpdateTest" name="SoftwareManagement.Plugin.apama_plugin_update">
		<failure message="BLOCKED: sudo&lt;remove_apama_project&gt; returned non-zero exit code 1 (+2 other failures)" type="BLOCKED" />
		<system-out>12:53:45 INFO  ==============================================================
12:53:45 INFO  Id:    SoftwareManagement.Plugin.apama_plugin_update
12:53:45 INFO  Dir:   plugin_apama/
12:53:45 INFO  Title: Validate apama plugin updating one project with another
12:53:45 INFO  ==============================================================
12:53:45 WARN  Assertion that path exists=False for "/etc/tedge/apama/project" ... failed 
12:53:45 WARN  Aborted test due to FAILED outcome
12:53:45 INFO  
12:53:45 INFO  cleanup:
12:53:45 INFO  Removing apama project
12:53:46 WARN  Executed sudo&lt;remove_apama_project&gt;, exit status 1
12:53:46 INFO  Contents of remove_apama_project.err: 
  rm: cannot remove '/etc/tedge/apama/project/logs/.nfs00000000000e0e260000131a': Device or resource busy
  -----

12:53:46 ERROR Error while running cleanup function: 
Traceback (most recent call last):
  File "/home/pi/env-pysys/lib/python3.7/site-packages/pysys/process/user.py", line 1305, in cleanup
    fn()
  File "/home/pi/actions-runner/_work/thin-edge.io/thin-edge.io/tests/PySys/plugin_apama/environment_apama_plugin.py", line 144, in cleanup_project
    self.remove_project()
  File "/home/pi/actions-runner/_work/thin-edge.io/thin-edge.io/tests/PySys/plugin_apama/environment_apama_plugin.py", line 95, in remove_project
    stdouterr="remove_apama_project",
  File "/home/pi/env-pysys/lib/python3.7/site-packages/pysys/process/user.py", line 482, in startProcess
    abortOnError=abortOnError)
  File "/home/pi/env-pysys/lib/python3.7/site-packages/pysys/process/user.py", line 1401, in addOutcome
    self.abort(outcome, outcomeReason, callRecord)
  File "/home/pi/env-pysys/lib/python3.7/site-packages/pysys/process/user.py", line 1420, in abort
    raise AbortExecution(outcome, outcomeReason, callRecord)
pysys.exceptions.AbortExecution: sudo&lt;remove_apama_project&gt; returned non-zero exit code 1
12:53:46 WARN  Cleanup failed with 1 errors: Cleanup function failed: sudo&lt;remove_apama_project&gt; returned non-zero exit code 1 (AbortExecution) ... blocked 
12:53:46 INFO  
12:53:46 INFO  Test duration: 0.64 secs
12:53:46 INFO  Test final outcome:  BLOCKED
12:53:46 INFO  Test outcome reason: sudo&lt;remove_apama_project&gt; returned non-zero exit code 1 (+2 other failures)
12:53:46 INFO  
</system-out>
	</testcase>
<testcase classname="ApamaPluginUpdateTest" name="SoftwareManagement.Plugin.apama_plugin_update">
		<failure message="BLOCKED: sudo&lt;remove_apama_project&gt; returned non-zero exit code 1 (+2 other failures)" type="BLOCKED" />
		<system-out>13:11:01 INFO  ==============================================================
13:11:01 INFO  Id:    SoftwareManagement.Plugin.apama_plugin_update
13:11:01 INFO  Dir:   plugin_apama/
13:11:01 INFO  Title: Validate apama plugin updating one project with another
13:11:01 INFO  ==============================================================
13:11:01 WARN  Assertion that path exists=False for "/etc/tedge/apama/project" ... failed 
13:11:01 WARN  Aborted test due to FAILED outcome
13:11:01 INFO  
13:11:01 INFO  cleanup:
13:11:01 INFO  Removing apama project
13:11:01 WARN  Executed sudo&lt;remove_apama_project&gt;, exit status 1
13:11:01 INFO  Contents of remove_apama_project.err: 
  rm: cannot remove '/etc/tedge/apama/project/logs/.nfs00000000000e0e260000131a': Device or resource busy
  -----

13:11:02 ERROR Error while running cleanup function: 
Traceback (most recent call last):
  File "/home/pi/env-pysys/lib/python3.7/site-packages/pysys/process/user.py", line 1305, in cleanup
    fn()
  File "/home/pi/actions-runner/_work/thin-edge.io/thin-edge.io/tests/PySys/plugin_apama/environment_apama_plugin.py", line 144, in cleanup_project
    self.remove_project()
  File "/home/pi/actions-runner/_work/thin-edge.io/thin-edge.io/tests/PySys/plugin_apama/environment_apama_plugin.py", line 95, in remove_project
    stdouterr="remove_apama_project",
  File "/home/pi/env-pysys/lib/python3.7/site-packages/pysys/process/user.py", line 482, in startProcess
    abortOnError=abortOnError)
  File "/home/pi/env-pysys/lib/python3.7/site-packages/pysys/process/user.py", line 1401, in addOutcome
    self.abort(outcome, outcomeReason, callRecord)
  File "/home/pi/env-pysys/lib/python3.7/site-packages/pysys/process/user.py", line 1420, in abort
    raise AbortExecution(outcome, outcomeReason, callRecord)
pysys.exceptions.AbortExecution: sudo&lt;remove_apama_project&gt; returned non-zero exit code 1
13:11:02 WARN  Cleanup failed with 1 errors: Cleanup function failed: sudo&lt;remove_apama_project&gt; returned non-zero exit code 1 (AbortExecution) ... blocked 
13:11:02 INFO  
13:11:02 INFO  Test duration: 0.67 secs
13:11:02 INFO  Test final outcome:  BLOCKED
13:11:02 INFO  Test outcome reason: sudo&lt;remove_apama_project&gt; returned non-zero exit code 1 (+2 other failures)
13:11:02 INFO  
</system-out>
	</testcase>
</testsuite><testsuite name="SoftwareManagement.sm_apt_install_download_path" tests="3" errors="0" failures="2" skipped="1" time="0"><testcase classname="AptInstallWithDownloadPath" name="SoftwareManagement.sm_apt_install_download_path">
		<skipped message="SKIPPED: Testing the apt plugin is not supported on this platform.Use parameter -XmyPlatform='container' to enable it" />
		<system-out>12:13:03 INFO  ==============================================================
12:13:03 INFO  Id:    SoftwareManagement.sm_apt_install_download_path
12:13:03 INFO  Dir:   software_management_end_to_end/
12:13:03 INFO  Title: Install package to directory specified in tedge config set tmp.path
12:13:03 INFO  ==============================================================
12:13:03 INFO  Testing the apt plugin is not supported on this platform.Use parameter -XmyPlatform='container' to enable it ... skipped
12:13:03 WARN  Aborted test due to SKIPPED outcome
12:13:03 INFO  
12:13:03 INFO  Test duration: 0.06 secs
12:13:03 INFO  Test final outcome:  SKIPPED
12:13:03 INFO  Test outcome reason: Testing the apt plugin is not supported on this platform.Use parameter -XmyPlatform='container' to enable it
12:13:03 INFO  
</system-out>
	</testcase>
<testcase classname="AptInstallWithDownloadPath" name="SoftwareManagement.sm_apt_install_download_path">
		<failure message="BLOCKED: AssertionError:" type="BLOCKED" />
		<system-out>12:36:12 INFO  ==============================================================
12:36:12 INFO  Id:    SoftwareManagement.sm_apt_install_download_path
12:36:12 INFO  Dir:   software_management_end_to_end/
12:36:12 INFO  Title: Install package to directory specified in tedge config set tmp.path
12:36:12 INFO  ==============================================================
12:36:12 INFO  Using sw id database: {'asciijump': '5475369', 'robotfindskitten': '5474869', 'squirrel3': '5475279', 'rolldice': '5152439', 'moon-buggy': '5439204', 'apple': '5495053', 'banana': '5494888', 'cherry': '5495382', 'watermelon': '5494510', 'registry': '8018911', 'hello-world': '8021526', 'docker/getting-started': '8021973', 'alpine': '7991792'}
12:36:12 INFO  EnvironmentC8y Setup
12:36:13 INFO  Executed systemctl&lt;serv_mapper1&gt;, exit status 3
12:36:27 INFO  Executed sudo&lt;tedge_connect_c8y&gt;, exit status 0, duration 14 secs
12:36:29 INFO  Executed sudo&lt;tedge_connect_c8y_test&gt;, exit status 0
12:36:30 INFO  Executed systemctl&lt;serv_mosq2&gt;, exit status 0
12:36:30 INFO  Executed systemctl&lt;serv_mapper3&gt;, exit status 0
12:36:33 INFO  State of current operation: SUCCESSFUL
12:36:33 INFO  Assert that (False == value) with value=False ... passed
12:36:33 INFO  Executed sudo, exit status 0
12:36:34 INFO  Executed sudo, exit status 0
12:36:35 INFO  Executed sudo, exit status 0
12:36:39 INFO  Executed sudo&lt;tedge_disconnect_c8y&gt;, exit status 0
12:36:39 INFO  Restarting mosquitto too frequently in the last 10 seconds. It was only up for 3 seconds
12:36:39 INFO  Delaying execution by 8 seconds
12:37:01 INFO  Executed sudo&lt;tedge_connect_c8y&gt;, exit status 0, duration 14 secs
12:37:01 INFO  Response status: 201
12:37:01 INFO  Response to action: {
    "creationTime": "2022-04-24T12:37:01.520Z",
    "deviceName": "m32sd10b",
    "deviceId": "17586691",
    "self": "https://t493319102.eu-latest.cumulocity.com/devicecontrol/operations/17668548",
    "id": "17668548",
    "status": "PENDING",
    "description": "Apply software changes, triggered from PySys: [{'name': 'rolldice', 'id': '5152439', 'version': '::apt', 'url': 'https://thin-edge-io.eu-latest.cumulocity.com/inventory/binaries/12435463', 'action': 'install'}]",
    "c8y_SoftwareUpdate": [
        {
            "name": "rolldice",
            "action": "install",
            "id": "5152439",
            "version": "::apt",
            "url": "https://thin-edge-io.eu-latest.cumulocity.com/inventory/binaries/12435463"
        }
    ]
}
12:37:01 INFO  Started operation: {'creationTime': '2022-04-24T12:37:01.520Z', 'deviceName': 'm32sd10b', 'deviceId': '17586691', 'self': 'https://t493319102.eu-latest.cumulocity.com/devicecontrol/operations/17668548', 'id': '17668548', 'status': 'PENDING', 'description': "Apply software changes, triggered from PySys: [{'name': 'rolldice', 'id': '5152439', 'version': '::apt', 'url': 'https://thin-edge-io.eu-latest.cumulocity.com/inventory/binaries/12435463', 'action': 'install'}]", 'c8y_SoftwareUpdate': [{'name': 'rolldice', 'action': 'install', 'id': '5152439', 'version': '::apt', 'url': 'https://thin-edge-io.eu-latest.cumulocity.com/inventory/binaries/12435463'}]}
12:37:01 WARN  , retrying in 0.5 seconds...
12:37:02 WARN  , retrying in 0.5 seconds...
12:37:02 WARN  , retrying in 0.5 seconds...
12:37:03 WARN  , retrying in 0.5 seconds...
12:37:03 WARN  , retrying in 0.5 seconds...
12:37:04 WARN  , retrying in 0.5 seconds...
12:37:04 WARN  , retrying in 0.5 seconds...
12:37:05 WARN  , retrying in 0.5 seconds...
12:37:05 WARN  , retrying in 0.5 seconds...
12:37:06 WARN  AssertionError occurred while running test - 
Traceback (most recent call last):
  File "/home/pi/env-pysys/lib/python3.7/site-packages/pysys/baserunner.py", line 1294, in __call__
    self.testObj.execute()
  File "/home/pi/actions-runner/_work/thin-edge.io/thin-edge.io/tests/PySys/software_management_end_to_end/sm_apt_install_download_path/run.py", line 83, in execute
    assert_install_in_download_path(install_directory=self.DOWNLOAD_DIR)
  File "/home/pi/env-pysys/lib/python3.7/site-packages/decorator.py", line 232, in fun
    return caller(func, *(extras + args), **kw)
  File "/home/pi/env-pysys/lib/python3.7/site-packages/retry/api.py", line 74, in retry_decorator
    logger)
  File "/home/pi/env-pysys/lib/python3.7/site-packages/retry/api.py", line 33, in __retry_internal
    return f()
  File "/home/pi/actions-runner/_work/thin-edge.io/thin-edge.io/tests/PySys/software_management_end_to_end/sm_apt_install_download_path/run.py", line 28, in assert_install_in_download_path
    assert "rolldice" in os.listdir(f"{install_directory}")
AssertionError
12:37:06 WARN  AssertionError: ... blocked 
12:37:06 INFO  
12:37:06 INFO  cleanup:
12:37:07 INFO  Executed sudo, exit status 0
12:37:07 INFO  Executed sudo, exit status 0
12:37:12 INFO  Executed sudo&lt;tedge_disconnect_c8y&gt;, exit status 0
12:37:12 INFO  Restarting mosquitto too frequently in the last 10 seconds. It was only up for 3 seconds
12:37:12 INFO  Delaying execution by 8 seconds
12:37:34 INFO  Executed sudo&lt;tedge_connect_c8y&gt;, exit status 0, duration 14 secs
12:37:38 INFO  Executed sudo&lt;tedge_disconnect_c8y&gt;, exit status 0
12:37:39 INFO  Executed systemctl&lt;serv_mapper5&gt;, exit status 3
12:37:39 INFO  
12:37:39 INFO  Test duration: 86.94 secs
12:37:39 INFO  Test final outcome:  BLOCKED
12:37:39 INFO  Test outcome reason: AssertionError:
12:37:39 INFO  
</system-out>
	</testcase>
<testcase classname="AptInstallWithDownloadPath" name="SoftwareManagement.sm_apt_install_download_path">
		<failure message="BLOCKED: AssertionError:" type="BLOCKED" />
		<system-out>13:11:02 INFO  ==============================================================
13:11:02 INFO  Id:    SoftwareManagement.sm_apt_install_download_path
13:11:02 INFO  Dir:   software_management_end_to_end/
13:11:02 INFO  Title: Install package to directory specified in tedge config set tmp.path
13:11:02 INFO  ==============================================================
13:11:03 INFO  Using sw id database: {'asciijump': '5475369', 'robotfindskitten': '5474869', 'squirrel3': '5475279', 'rolldice': '5152439', 'moon-buggy': '5439204', 'apple': '5495053', 'banana': '5494888', 'cherry': '5495382', 'watermelon': '5494510', 'registry': '8018911', 'hello-world': '8021526', 'docker/getting-started': '8021973', 'alpine': '7991792'}
13:11:03 INFO  EnvironmentC8y Setup
13:11:04 INFO  Executed systemctl&lt;serv_mapper1&gt;, exit status 3
13:11:18 INFO  Executed sudo&lt;tedge_connect_c8y&gt;, exit status 0, duration 14 secs
13:11:19 INFO  Executed sudo&lt;tedge_connect_c8y_test&gt;, exit status 0
13:11:19 INFO  Executed systemctl&lt;serv_mosq2&gt;, exit status 0
13:11:20 INFO  Executed systemctl&lt;serv_mapper3&gt;, exit status 0
13:11:22 INFO  State of current operation: SUCCESSFUL
13:11:22 INFO  Assert that (False == value) with value=False ... passed
13:11:23 INFO  Executed sudo, exit status 0
13:11:23 INFO  Executed sudo, exit status 0
13:11:24 INFO  Executed sudo, exit status 0
13:11:28 INFO  Executed sudo&lt;tedge_disconnect_c8y&gt;, exit status 0
13:11:29 INFO  Restarting mosquitto too frequently in the last 10 seconds. It was only up for 4 seconds
13:11:29 INFO  Delaying execution by 7 seconds
13:11:50 INFO  Executed sudo&lt;tedge_connect_c8y&gt;, exit status 0, duration 13 secs
13:11:50 INFO  Response status: 201
13:11:50 INFO  Response to action: {
    "creationTime": "2022-04-24T13:11:50.202Z",
    "deviceName": "m32sd10b",
    "deviceId": "17586691",
    "self": "https://t493319102.eu-latest.cumulocity.com/devicecontrol/operations/17668719",
    "id": "17668719",
    "status": "PENDING",
    "description": "Apply software changes, triggered from PySys: [{'name': 'rolldice', 'id': '5152439', 'version': '::apt', 'url': 'https://thin-edge-io.eu-latest.cumulocity.com/inventory/binaries/12435463', 'action': 'install'}]",
    "c8y_SoftwareUpdate": [
        {
            "name": "rolldice",
            "action": "install",
            "id": "5152439",
            "version": "::apt",
            "url": "https://thin-edge-io.eu-latest.cumulocity.com/inventory/binaries/12435463"
        }
    ]
}
13:11:50 INFO  Started operation: {'creationTime': '2022-04-24T13:11:50.202Z', 'deviceName': 'm32sd10b', 'deviceId': '17586691', 'self': 'https://t493319102.eu-latest.cumulocity.com/devicecontrol/operations/17668719', 'id': '17668719', 'status': 'PENDING', 'description': "Apply software changes, triggered from PySys: [{'name': 'rolldice', 'id': '5152439', 'version': '::apt', 'url': 'https://thin-edge-io.eu-latest.cumulocity.com/inventory/binaries/12435463', 'action': 'install'}]", 'c8y_SoftwareUpdate': [{'name': 'rolldice', 'action': 'install', 'id': '5152439', 'version': '::apt', 'url': 'https://thin-edge-io.eu-latest.cumulocity.com/inventory/binaries/12435463'}]}
13:11:50 WARN  , retrying in 0.5 seconds...
13:11:50 WARN  , retrying in 0.5 seconds...
13:11:51 WARN  , retrying in 0.5 seconds...
13:11:51 WARN  , retrying in 0.5 seconds...
13:11:52 WARN  , retrying in 0.5 seconds...
13:11:52 WARN  , retrying in 0.5 seconds...
13:11:53 WARN  , retrying in 0.5 seconds...
13:11:53 WARN  , retrying in 0.5 seconds...
13:11:54 WARN  , retrying in 0.5 seconds...
13:11:54 WARN  AssertionError occurred while running test - 
Traceback (most recent call last):
  File "/home/pi/env-pysys/lib/python3.7/site-packages/pysys/baserunner.py", line 1294, in __call__
    self.testObj.execute()
  File "/home/pi/actions-runner/_work/thin-edge.io/thin-edge.io/tests/PySys/software_management_end_to_end/sm_apt_install_download_path/run.py", line 83, in execute
    assert_install_in_download_path(install_directory=self.DOWNLOAD_DIR)
  File "/home/pi/env-pysys/lib/python3.7/site-packages/decorator.py", line 232, in fun
    return caller(func, *(extras + args), **kw)
  File "/home/pi/env-pysys/lib/python3.7/site-packages/retry/api.py", line 74, in retry_decorator
    logger)
  File "/home/pi/env-pysys/lib/python3.7/site-packages/retry/api.py", line 33, in __retry_internal
    return f()
  File "/home/pi/actions-runner/_work/thin-edge.io/thin-edge.io/tests/PySys/software_management_end_to_end/sm_apt_install_download_path/run.py", line 28, in assert_install_in_download_path
    assert "rolldice" in os.listdir(f"{install_directory}")
AssertionError
13:11:55 WARN  AssertionError: ... blocked 
13:11:55 INFO  
13:11:55 INFO  cleanup:
13:11:55 INFO  Executed sudo, exit status 0
13:11:56 INFO  Executed sudo, exit status 0
13:12:00 INFO  Executed sudo&lt;tedge_disconnect_c8y&gt;, exit status 0
13:12:00 INFO  Restarting mosquitto too frequently in the last 10 seconds. It was only up for 4 seconds
13:12:00 INFO  Delaying execution by 7 seconds
13:12:21 INFO  Executed sudo&lt;tedge_connect_c8y&gt;, exit status 0, duration 14 secs
13:12:26 INFO  Executed sudo&lt;tedge_disconnect_c8y&gt;, exit status 0
13:12:26 INFO  Executed systemctl&lt;serv_mapper5&gt;, exit status 3
13:12:26 INFO  
13:12:26 INFO  Test duration: 84.56 secs
13:12:26 INFO  Test final outcome:  BLOCKED
13:12:26 INFO  Test outcome reason: AssertionError:
13:12:26 INFO  
</system-out>
	</testcase>
</testsuite><testsuite name="SoftwareManagement.sm_apt_install_fail" tests="3" errors="0" failures="0" skipped="1" time="0"><testcase classname="PySysTest" name="SoftwareManagement.sm_apt_install_fail">
		<skipped message="SKIPPED: Testing the apt plugin is not supported on this platform.Use parameter -XmyPlatform='container' to enable it" />
		<system-out>12:13:03 INFO  ==============================================================
12:13:03 INFO  Id:    SoftwareManagement.sm_apt_install_fail
12:13:03 INFO  Dir:   software_management_end_to_end/
12:13:03 INFO  Title: Validate end to end behaviour for a failing installation
12:13:03 INFO  ==============================================================
12:13:03 INFO  Testing the apt plugin is not supported on this platform.Use parameter -XmyPlatform='container' to enable it ... skipped
12:13:03 WARN  Aborted test due to SKIPPED outcome
12:13:03 INFO  
12:13:03 INFO  Test duration: 0.02 secs
12:13:03 INFO  Test final outcome:  SKIPPED
12:13:03 INFO  Test outcome reason: Testing the apt plugin is not supported on this platform.Use parameter -XmyPlatform='container' to enable it
12:13:03 INFO  
</system-out>
	</testcase>
<testcase classname="PySysTest" name="SoftwareManagement.sm_apt_install_fail" />
<testcase classname="PySysTest" name="SoftwareManagement.sm_apt_install_fail" />
</testsuite><testsuite name="SoftwareManagement.sm_apt_install_remove" tests="3" errors="0" failures="0" skipped="1" time="0"><testcase classname="PySysTest" name="SoftwareManagement.sm_apt_install_remove">
		<skipped message="SKIPPED: Testing the apt plugin is not supported on this platform.Use parameter -XmyPlatform='container' to enable it" />
		<system-out>12:13:04 INFO  ==============================================================
12:13:04 INFO  Id:    SoftwareManagement.sm_apt_install_remove
12:13:04 INFO  Dir:   software_management_end_to_end/
12:13:04 INFO  Title: Validate end to end behaviour for the apt plugin for installation and removal of packages
12:13:04 INFO  ==============================================================
12:13:04 INFO  Testing the apt plugin is not supported on this platform.Use parameter -XmyPlatform='container' to enable it ... skipped
12:13:04 WARN  Aborted test due to SKIPPED outcome
12:13:04 INFO  
12:13:04 INFO  Test duration: 0.02 secs
12:13:04 INFO  Test final outcome:  SKIPPED
12:13:04 INFO  Test outcome reason: Testing the apt plugin is not supported on this platform.Use parameter -XmyPlatform='container' to enable it
12:13:04 INFO  
</system-out>
	</testcase>
<testcase classname="PySysTest" name="SoftwareManagement.sm_apt_install_remove" />
<testcase classname="PySysTest" name="SoftwareManagement.sm_apt_install_remove" />
</testsuite><testsuite name="SoftwareManagement.sm_apt_install_remove_default" tests="3" errors="0" failures="0" skipped="1" time="0"><testcase classname="PySysTest" name="SoftwareManagement.sm_apt_install_remove_default">
		<skipped message="SKIPPED: Testing the apt plugin is not supported on this platform.Use parameter -XmyPlatform='container' to enable it" />
		<system-out>12:13:04 INFO  ==============================================================
12:13:04 INFO  Id:    SoftwareManagement.sm_apt_install_remove_default
12:13:04 INFO  Dir:   software_management_end_to_end/
12:13:04 INFO  Title: Validate end to end behaviour for the default plugin for installation and removal of packages
12:13:04 INFO  ==============================================================
12:13:04 INFO  Testing the apt plugin is not supported on this platform.Use parameter -XmyPlatform='container' to enable it ... skipped
12:13:04 WARN  Aborted test due to SKIPPED outcome
12:13:04 INFO  
12:13:04 INFO  Test duration: 0.02 secs
12:13:04 INFO  Test final outcome:  SKIPPED
12:13:04 INFO  Test outcome reason: Testing the apt plugin is not supported on this platform.Use parameter -XmyPlatform='container' to enable it
12:13:04 INFO  
</system-out>
	</testcase>
<testcase classname="PySysTest" name="SoftwareManagement.sm_apt_install_remove_default" />
<testcase classname="PySysTest" name="SoftwareManagement.sm_apt_install_remove_default" />
</testsuite><testsuite name="SoftwareManagement.sm_apt_install_remove_multiple" tests="3" errors="0" failures="2" skipped="1" time="0"><testcase classname="PySysTest" name="SoftwareManagement.sm_apt_install_remove_multiple">
		<skipped message="SKIPPED: Testing the apt plugin is not supported on this platform.Use parameter -XmyPlatform='container' to enable it" />
		<system-out>12:13:04 INFO  ==============================================================
12:13:04 INFO  Id:    SoftwareManagement.sm_apt_install_remove_multiple
12:13:04 INFO  Dir:   software_management_end_to_end/
12:13:04 INFO  Title: Validate end to end behaviour for the apt plugin for multiple packages
12:13:04 INFO  ==============================================================
12:13:04 INFO  Testing the apt plugin is not supported on this platform.Use parameter -XmyPlatform='container' to enable it ... skipped
12:13:04 WARN  Aborted test due to SKIPPED outcome
12:13:04 INFO  
12:13:04 INFO  Test duration: 0.02 secs
12:13:04 INFO  Test final outcome:  SKIPPED
12:13:04 INFO  Test outcome reason: Testing the apt plugin is not supported on this platform.Use parameter -XmyPlatform='container' to enable it
12:13:04 INFO  
</system-out>
	</testcase>
<testcase classname="PySysTest" name="SoftwareManagement.sm_apt_install_remove_multiple">
		<failure message="FAILED: Assert that (False == value) with value=True" type="FAILED" />
		<system-out>12:44:30 INFO  ==============================================================
12:44:30 INFO  Id:    SoftwareManagement.sm_apt_install_remove_multiple
12:44:30 INFO  Dir:   software_management_end_to_end/
12:44:30 INFO  Title: Validate end to end behaviour for the apt plugin for multiple packages
12:44:30 INFO  ==============================================================
12:44:30 INFO  Using sw id database: {'asciijump': '5475369', 'robotfindskitten': '5474869', 'squirrel3': '5475279', 'rolldice': '5152439', 'moon-buggy': '5439204', 'apple': '5495053', 'banana': '5494888', 'cherry': '5495382', 'watermelon': '5494510', 'registry': '8018911', 'hello-world': '8021526', 'docker/getting-started': '8021973', 'alpine': '7991792'}
12:44:30 INFO  EnvironmentC8y Setup
12:44:30 INFO  Executed systemctl&lt;serv_mapper1&gt;, exit status 3
12:44:30 INFO  Restarting mosquitto too frequently in the last 10 seconds. It was only up for 5 seconds
12:44:30 INFO  Delaying execution by 6 seconds
12:44:50 INFO  Executed sudo&lt;tedge_connect_c8y&gt;, exit status 0, duration 13 secs
12:44:51 INFO  Executed sudo&lt;tedge_connect_c8y_test&gt;, exit status 0
12:44:51 INFO  Executed systemctl&lt;serv_mosq2&gt;, exit status 0
12:44:52 INFO  Executed systemctl&lt;serv_mapper3&gt;, exit status 0
12:44:54 INFO  State of current operation: SUCCESSFUL
12:44:54 INFO  Assert that (False == value) with value=False ... passed
12:44:54 INFO  Assert that (False == value) with value=False ... passed
12:44:55 INFO  Assert that (False == value) with value=False ... passed
12:44:55 INFO  Package robotfindskitten is installed
12:44:55 WARN  Assert that (False == value) with value=True ... failed 
12:44:55 INFO  Response status: 201
12:44:55 INFO  Response to action: {
    "creationTime": "2022-04-24T12:44:55.689Z",
    "deviceName": "m32sd10b",
    "deviceId": "17586691",
    "self": "https://t493319102.eu-latest.cumulocity.com/devicecontrol/operations/17668623",
    "id": "17668623",
    "status": "PENDING",
    "description": "Apply software changes, triggered from PySys: [{'action': 'install', 'id': '5475369', 'name': 'asciijump', 'url': ' ', 'version': '::apt'}, {'action': 'install', 'id': '5474869', 'name': 'robotfindskitten', 'url': ' ', 'version': '::apt'}, {'action': 'install', 'id': '5475279', 'name': 'squirrel3', 'url': ' ', 'version': '::apt'}]",
    "c8y_SoftwareUpdate": [
        {
            "name": "asciijump",
            "action": "install",
            "id": "5475369",
            "version": "::apt",
            "url": " "
        },
        {
            "name": "robotfindskitten",
            "action": "install",
            "id": "5474869",
            "version": "::apt",
            "url": " "
        },
        {
            "name": "squirrel3",
            "action": "install",
            "id": "5475279",
            "version": "::apt",
            "url": " "
        }
    ]
}
12:44:55 INFO  Started operation: {'creationTime': '2022-04-24T12:44:55.689Z', 'deviceName': 'm32sd10b', 'deviceId': '17586691', 'self': 'https://t493319102.eu-latest.cumulocity.com/devicecontrol/operations/17668623', 'id': '17668623', 'status': 'PENDING', 'description': "Apply software changes, triggered from PySys: [{'action': 'install', 'id': '5475369', 'name': 'asciijump', 'url': ' ', 'version': '::apt'}, {'action': 'install', 'id': '5474869', 'name': 'robotfindskitten', 'url': ' ', 'version': '::apt'}, {'action': 'install', 'id': '5475279', 'name': 'squirrel3', 'url': ' ', 'version': '::apt'}]", 'c8y_SoftwareUpdate': [{'name': 'asciijump', 'action': 'install', 'id': '5475369', 'version': '::apt', 'url': ' '}, {'name': 'robotfindskitten', 'action': 'install', 'id': '5474869', 'version': '::apt', 'url': ' '}, {'name': 'squirrel3', 'action': 'install', 'id': '5475279', 'version': '::apt', 'url': ' '}]}
12:44:57 INFO  State of operation 17668623 : PENDING
12:45:00 INFO  State of operation 17668623 : EXECUTING
12:45:02 INFO  State of operation 17668623 : EXECUTING
12:45:04 INFO  State of operation 17668623 : EXECUTING
12:45:06 INFO  State of operation 17668623 : EXECUTING
12:45:09 INFO  State of operation 17668623 : EXECUTING
12:45:11 INFO  State of operation 17668623 : EXECUTING
12:45:14 INFO  State of operation 17668623 : EXECUTING
12:45:17 INFO  State of operation 17668623 : EXECUTING
12:45:19 INFO  State of operation 17668623 : EXECUTING
12:45:21 INFO  State of operation 17668623 : EXECUTING
12:45:23 INFO  State of operation 17668623 : EXECUTING
12:45:25 INFO  State of operation 17668623 : EXECUTING
12:45:28 INFO  State of operation 17668623 : EXECUTING
12:45:30 INFO  State of operation 17668623 : EXECUTING
12:45:32 INFO  State of operation 17668623 : EXECUTING
12:45:35 INFO  State of operation 17668623 : EXECUTING
12:45:38 INFO  State of operation 17668623 : EXECUTING
12:45:40 INFO  State of operation 17668623 : EXECUTING
12:45:42 INFO  State of operation 17668623 : EXECUTING
12:45:44 INFO  State of operation 17668623 : EXECUTING
12:45:47 INFO  State of operation 17668623 : EXECUTING
12:45:49 INFO  State of operation 17668623 : EXECUTING
12:45:51 INFO  State of operation 17668623 : EXECUTING
12:45:54 INFO  State of operation 17668623 : EXECUTING
12:45:56 INFO  State of operation 17668623 : EXECUTING
12:45:59 INFO  State of operation 17668623 : EXECUTING
12:46:01 INFO  State of operation 17668623 : EXECUTING
12:46:04 INFO  State of operation 17668623 : EXECUTING
12:46:06 INFO  State of operation 17668623 : EXECUTING
12:46:08 INFO  State of operation 17668623 : EXECUTING
12:46:11 INFO  State of operation 17668623 : EXECUTING
12:46:13 INFO  State of operation 17668623 : EXECUTING
12:46:15 INFO  State of operation 17668623 : EXECUTING
12:46:17 INFO  State of operation 17668623 : SUCCESSFUL
12:46:17 INFO  Assert that (False == value) with value=False ... passed
12:46:18 INFO  Package asciijump is installed
12:46:18 INFO  Assert that (True == value) with value=True ... passed
12:46:18 INFO  Package squirrel3 is installed
12:46:18 INFO  Assert that (True == value) with value=True ... passed
12:46:18 INFO  Package robotfindskitten is installed
12:46:18 INFO  Assert that (True == value) with value=True ... passed
12:46:18 INFO  Response status: 201
12:46:18 INFO  Response to action: {
    "creationTime": "2022-04-24T12:46:18.815Z",
    "deviceName": "m32sd10b",
    "deviceId": "17586691",
    "self": "https://t493319102.eu-latest.cumulocity.com/devicecontrol/operations/17668635",
    "id": "17668635",
    "status": "PENDING",
    "description": "Apply software changes, triggered from PySys: [{'action': 'delete', 'id': '5475369', 'name': 'asciijump', 'url': ' ', 'version': '::apt'}, {'action': 'delete', 'id': '5474869', 'name': 'robotfindskitten', 'url': ' ', 'version': '::apt'}, {'action': 'delete', 'id': '5475279', 'name': 'squirrel3', 'url': ' ', 'version': '::apt'}]",
    "c8y_SoftwareUpdate": [
        {
            "name": "asciijump",
            "action": "delete",
            "id": "5475369",
            "version": "::apt",
            "url": " "
        },
        {
            "name": "robotfindskitten",
            "action": "delete",
            "id": "5474869",
            "version": "::apt",
            "url": " "
        },
        {
            "name": "squirrel3",
            "action": "delete",
            "id": "5475279",
            "version": "::apt",
            "url": " "
        }
    ]
}
12:46:18 INFO  Started operation: {'creationTime': '2022-04-24T12:46:18.815Z', 'deviceName': 'm32sd10b', 'deviceId': '17586691', 'self': 'https://t493319102.eu-latest.cumulocity.com/devicecontrol/operations/17668635', 'id': '17668635', 'status': 'PENDING', 'description': "Apply software changes, triggered from PySys: [{'action': 'delete', 'id': '5475369', 'name': 'asciijump', 'url': ' ', 'version': '::apt'}, {'action': 'delete', 'id': '5474869', 'name': 'robotfindskitten', 'url': ' ', 'version': '::apt'}, {'action': 'delete', 'id': '5475279', 'name': 'squirrel3', 'url': ' ', 'version': '::apt'}]", 'c8y_SoftwareUpdate': [{'name': 'asciijump', 'action': 'delete', 'id': '5475369', 'version': '::apt', 'url': ' '}, {'name': 'robotfindskitten', 'action': 'delete', 'id': '5474869', 'version': '::apt', 'url': ' '}, {'name': 'squirrel3', 'action': 'delete', 'id': '5475279', 'version': '::apt', 'url': ' '}]}
12:46:21 INFO  State of operation 17668635 : PENDING
12:46:23 INFO  State of operation 17668635 : EXECUTING
12:46:25 INFO  State of operation 17668635 : EXECUTING
12:46:27 INFO  State of operation 17668635 : EXECUTING
12:46:29 INFO  State of operation 17668635 : EXECUTING
12:46:32 INFO  State of operation 17668635 : EXECUTING
12:46:35 INFO  State of operation 17668635 : EXECUTING
12:46:38 INFO  State of operation 17668635 : EXECUTING
12:46:40 INFO  State of operation 17668635 : EXECUTING
12:46:42 INFO  State of operation 17668635 : EXECUTING
12:46:44 INFO  State of operation 17668635 : EXECUTING
12:46:47 INFO  State of operation 17668635 : EXECUTING
12:46:49 INFO  State of operation 17668635 : EXECUTING
12:46:51 INFO  State of operation 17668635 : EXECUTING
12:46:53 INFO  State of operation 17668635 : EXECUTING
12:46:56 INFO  State of operation 17668635 : EXECUTING
12:46:58 INFO  State of operation 17668635 : EXECUTING
12:47:01 INFO  State of operation 17668635 : EXECUTING
12:47:03 INFO  State of operation 17668635 : EXECUTING
12:47:05 INFO  State of operation 17668635 : EXECUTING
12:47:08 INFO  State of operation 17668635 : EXECUTING
12:47:10 INFO  State of operation 17668635 : EXECUTING
12:47:12 INFO  State of operation 17668635 : EXECUTING
12:47:14 INFO  State of operation 17668635 : EXECUTING
12:47:17 INFO  State of operation 17668635 : EXECUTING
12:47:20 INFO  State of operation 17668635 : EXECUTING
12:47:22 INFO  State of operation 17668635 : EXECUTING
12:47:24 INFO  State of operation 17668635 : SUCCESSFUL
12:47:24 INFO  Assert that (False == value) with value=False ... passed
12:47:24 INFO  Assert that (False == value) with value=False ... passed
12:47:25 INFO  Assert that (False == value) with value=False ... passed
12:47:25 INFO  Assert that (False == value) with value=False ... passed
12:47:25 INFO  
12:47:25 INFO  cleanup:
12:47:29 INFO  Executed sudo&lt;tedge_disconnect_c8y&gt;, exit status 0
12:47:30 INFO  Executed systemctl&lt;serv_mapper5&gt;, exit status 3
12:47:30 INFO  
12:47:30 INFO  Test duration: 180.04 secs
12:47:30 INFO  Test final outcome:  FAILED
12:47:30 INFO  Test outcome reason: Assert that (False == value) with value=True
12:47:30 INFO  
</system-out>
	</testcase>
<testcase classname="PySysTest" name="SoftwareManagement.sm_apt_install_remove_multiple">
		<failure message="FAILED: Assert that (False == value) with value=True (+2 other failures)" type="FAILED" />
		<system-out>13:19:03 INFO  ==============================================================
13:19:03 INFO  Id:    SoftwareManagement.sm_apt_install_remove_multiple
13:19:03 INFO  Dir:   software_management_end_to_end/
13:19:03 INFO  Title: Validate end to end behaviour for the apt plugin for multiple packages
13:19:03 INFO  ==============================================================
13:19:03 INFO  Using sw id database: {'asciijump': '5475369', 'robotfindskitten': '5474869', 'squirrel3': '5475279', 'rolldice': '5152439', 'moon-buggy': '5439204', 'apple': '5495053', 'banana': '5494888', 'cherry': '5495382', 'watermelon': '5494510', 'registry': '8018911', 'hello-world': '8021526', 'docker/getting-started': '8021973', 'alpine': '7991792'}
13:19:03 INFO  EnvironmentC8y Setup
13:19:04 INFO  Executed systemctl&lt;serv_mapper1&gt;, exit status 3
13:19:04 INFO  Restarting mosquitto too frequently in the last 10 seconds. It was only up for 4 seconds
13:19:04 INFO  Delaying execution by 7 seconds
13:19:25 INFO  Executed sudo&lt;tedge_connect_c8y&gt;, exit status 0, duration 14 secs
13:19:26 INFO  Executed sudo&lt;tedge_connect_c8y_test&gt;, exit status 0
13:19:26 INFO  Executed systemctl&lt;serv_mosq2&gt;, exit status 0
13:19:27 INFO  Executed systemctl&lt;serv_mapper3&gt;, exit status 0
13:19:29 INFO  State of current operation: SUCCESSFUL
13:19:29 INFO  Assert that (False == value) with value=False ... passed
13:19:29 INFO  Package asciijump is installed
13:19:30 WARN  Assert that (False == value) with value=True ... failed 
13:19:30 INFO  Package squirrel3 is installed
13:19:30 WARN  Assert that (False == value) with value=True ... failed 
13:19:30 INFO  Package robotfindskitten is installed
13:19:30 WARN  Assert that (False == value) with value=True ... failed 
13:19:30 INFO  Response status: 201
13:19:30 INFO  Response to action: {
    "creationTime": "2022-04-24T13:19:30.778Z",
    "deviceName": "m32sd10b",
    "deviceId": "17586691",
    "self": "https://t493319102.eu-latest.cumulocity.com/devicecontrol/operations/17668763",
    "id": "17668763",
    "status": "PENDING",
    "description": "Apply software changes, triggered from PySys: [{'action': 'install', 'id': '5475369', 'name': 'asciijump', 'url': ' ', 'version': '::apt'}, {'action': 'install', 'id': '5474869', 'name': 'robotfindskitten', 'url': ' ', 'version': '::apt'}, {'action': 'install', 'id': '5475279', 'name': 'squirrel3', 'url': ' ', 'version': '::apt'}]",
    "c8y_SoftwareUpdate": [
        {
            "name": "asciijump",
            "action": "install",
            "id": "5475369",
            "version": "::apt",
            "url": " "
        },
        {
            "name": "robotfindskitten",
            "action": "install",
            "id": "5474869",
            "version": "::apt",
            "url": " "
        },
        {
            "name": "squirrel3",
            "action": "install",
            "id": "5475279",
            "version": "::apt",
            "url": " "
        }
    ]
}
13:19:30 INFO  Started operation: {'creationTime': '2022-04-24T13:19:30.778Z', 'deviceName': 'm32sd10b', 'deviceId': '17586691', 'self': 'https://t493319102.eu-latest.cumulocity.com/devicecontrol/operations/17668763', 'id': '17668763', 'status': 'PENDING', 'description': "Apply software changes, triggered from PySys: [{'action': 'install', 'id': '5475369', 'name': 'asciijump', 'url': ' ', 'version': '::apt'}, {'action': 'install', 'id': '5474869', 'name': 'robotfindskitten', 'url': ' ', 'version': '::apt'}, {'action': 'install', 'id': '5475279', 'name': 'squirrel3', 'url': ' ', 'version': '::apt'}]", 'c8y_SoftwareUpdate': [{'name': 'asciijump', 'action': 'install', 'id': '5475369', 'version': '::apt', 'url': ' '}, {'name': 'robotfindskitten', 'action': 'install', 'id': '5474869', 'version': '::apt', 'url': ' '}, {'name': 'squirrel3', 'action': 'install', 'id': '5475279', 'version': '::apt', 'url': ' '}]}
13:19:33 INFO  State of operation 17668763 : PENDING
13:19:35 INFO  State of operation 17668763 : EXECUTING
13:19:37 INFO  State of operation 17668763 : EXECUTING
13:19:39 INFO  State of operation 17668763 : EXECUTING
13:19:41 INFO  State of operation 17668763 : EXECUTING
13:19:44 INFO  State of operation 17668763 : EXECUTING
13:19:46 INFO  State of operation 17668763 : EXECUTING
13:19:49 INFO  State of operation 17668763 : EXECUTING
13:19:51 INFO  State of operation 17668763 : EXECUTING
13:19:54 INFO  State of operation 17668763 : EXECUTING
13:19:56 INFO  State of operation 17668763 : EXECUTING
13:19:58 INFO  State of operation 17668763 : EXECUTING
13:20:00 INFO  State of operation 17668763 : EXECUTING
13:20:03 INFO  State of operation 17668763 : EXECUTING
13:20:05 INFO  State of operation 17668763 : EXECUTING
13:20:07 INFO  State of operation 17668763 : SUCCESSFUL
13:20:07 INFO  Assert that (False == value) with value=False ... passed
13:20:08 INFO  Package asciijump is installed
13:20:08 INFO  Assert that (True == value) with value=True ... passed
13:20:08 INFO  Package squirrel3 is installed
13:20:08 INFO  Assert that (True == value) with value=True ... passed
13:20:08 INFO  Package robotfindskitten is installed
13:20:08 INFO  Assert that (True == value) with value=True ... passed
13:20:08 INFO  Response status: 201
13:20:08 INFO  Response to action: {
    "creationTime": "2022-04-24T13:20:08.770Z",
    "deviceName": "m32sd10b",
    "deviceId": "17586691",
    "self": "https://t493319102.eu-latest.cumulocity.com/devicecontrol/operations/17668767",
    "id": "17668767",
    "status": "PENDING",
    "description": "Apply software changes, triggered from PySys: [{'action': 'delete', 'id': '5475369', 'name': 'asciijump', 'url': ' ', 'version': '::apt'}, {'action': 'delete', 'id': '5474869', 'name': 'robotfindskitten', 'url': ' ', 'version': '::apt'}, {'action': 'delete', 'id': '5475279', 'name': 'squirrel3', 'url': ' ', 'version': '::apt'}]",
    "c8y_SoftwareUpdate": [
        {
            "name": "asciijump",
            "action": "delete",
            "id": "5475369",
            "version": "::apt",
            "url": " "
        },
        {
            "name": "robotfindskitten",
            "action": "delete",
            "id": "5474869",
            "version": "::apt",
            "url": " "
        },
        {
            "name": "squirrel3",
            "action": "delete",
            "id": "5475279",
            "version": "::apt",
            "url": " "
        }
    ]
}
13:20:08 INFO  Started operation: {'creationTime': '2022-04-24T13:20:08.770Z', 'deviceName': 'm32sd10b', 'deviceId': '17586691', 'self': 'https://t493319102.eu-latest.cumulocity.com/devicecontrol/operations/17668767', 'id': '17668767', 'status': 'PENDING', 'description': "Apply software changes, triggered from PySys: [{'action': 'delete', 'id': '5475369', 'name': 'asciijump', 'url': ' ', 'version': '::apt'}, {'action': 'delete', 'id': '5474869', 'name': 'robotfindskitten', 'url': ' ', 'version': '::apt'}, {'action': 'delete', 'id': '5475279', 'name': 'squirrel3', 'url': ' ', 'version': '::apt'}]", 'c8y_SoftwareUpdate': [{'name': 'asciijump', 'action': 'delete', 'id': '5475369', 'version': '::apt', 'url': ' '}, {'name': 'robotfindskitten', 'action': 'delete', 'id': '5474869', 'version': '::apt', 'url': ' '}, {'name': 'squirrel3', 'action': 'delete', 'id': '5475279', 'version': '::apt', 'url': ' '}]}
13:20:11 INFO  State of operation 17668767 : PENDING
13:20:13 INFO  State of operation 17668767 : EXECUTING
13:20:15 INFO  State of operation 17668767 : EXECUTING
13:20:17 INFO  State of operation 17668767 : EXECUTING
13:20:19 INFO  State of operation 17668767 : EXECUTING
13:20:22 INFO  State of operation 17668767 : EXECUTING
13:20:24 INFO  State of operation 17668767 : EXECUTING
13:20:27 INFO  State of operation 17668767 : EXECUTING
13:20:29 INFO  State of operation 17668767 : EXECUTING
13:20:32 INFO  State of operation 17668767 : EXECUTING
13:20:34 INFO  State of operation 17668767 : EXECUTING
13:20:36 INFO  State of operation 17668767 : EXECUTING
13:20:38 INFO  State of operation 17668767 : EXECUTING
13:20:41 INFO  State of operation 17668767 : EXECUTING
13:20:43 INFO  State of operation 17668767 : EXECUTING
13:20:45 INFO  State of operation 17668767 : EXECUTING
13:20:48 INFO  State of operation 17668767 : EXECUTING
13:20:50 INFO  State of operation 17668767 : EXECUTING
13:20:54 INFO  State of operation 17668767 : EXECUTING
13:20:56 INFO  State of operation 17668767 : EXECUTING
13:20:58 INFO  State of operation 17668767 : EXECUTING
13:21:01 INFO  State of operation 17668767 : EXECUTING
13:21:03 INFO  State of operation 17668767 : EXECUTING
13:21:05 INFO  State of operation 17668767 : EXECUTING
13:21:08 INFO  State of operation 17668767 : EXECUTING
13:21:10 INFO  State of operation 17668767 : EXECUTING
13:21:12 INFO  State of operation 17668767 : EXECUTING
13:21:15 INFO  State of operation 17668767 : EXECUTING
13:21:17 INFO  State of operation 17668767 : SUCCESSFUL
13:21:17 INFO  Assert that (False == value) with value=False ... passed
13:21:17 INFO  Assert that (False == value) with value=False ... passed
13:21:18 INFO  Assert that (False == value) with value=False ... passed
13:21:18 INFO  Assert that (False == value) with value=False ... passed
13:21:18 INFO  
13:21:18 INFO  cleanup:
13:21:22 INFO  Executed sudo&lt;tedge_disconnect_c8y&gt;, exit status 0
13:21:23 INFO  Executed systemctl&lt;serv_mapper5&gt;, exit status 3
13:21:23 INFO  
13:21:23 INFO  Test duration: 139.54 secs
13:21:23 INFO  Test final outcome:  FAILED
13:21:23 INFO  Test outcome reason: Assert that (False == value) with value=True (+2 other failures)
13:21:23 INFO  
</system-out>
	</testcase>
</testsuite><testsuite name="SoftwareManagement.sm_apt_install_remove_multiple_mixed" tests="3" errors="0" failures="2" skipped="1" time="0"><testcase classname="PySysTest" name="SoftwareManagement.sm_apt_install_remove_multiple_mixed">
		<skipped message="SKIPPED: Testing the apt plugin is not supported on this platform.Use parameter -XmyPlatform='container' to enable it" />
		<system-out>12:13:04 INFO  ==============================================================
12:13:04 INFO  Id:    SoftwareManagement.sm_apt_install_remove_multiple_mixed
12:13:04 INFO  Dir:   software_management_end_to_end/
12:13:04 INFO  Title: Validate end to end behaviour for the apt plugin for multiple packages with mixed versions
12:13:04 INFO  ==============================================================
12:13:04 INFO  Testing the apt plugin is not supported on this platform.Use parameter -XmyPlatform='container' to enable it ... skipped
12:13:04 WARN  Aborted test due to SKIPPED outcome
12:13:04 INFO  
12:13:04 INFO  Test duration: 0.02 secs
12:13:04 INFO  Test final outcome:  SKIPPED
12:13:04 INFO  Test outcome reason: Testing the apt plugin is not supported on this platform.Use parameter -XmyPlatform='container' to enable it
12:13:04 INFO  
</system-out>
	</testcase>
<testcase classname="PySysTest" name="SoftwareManagement.sm_apt_install_remove_multiple_mixed">
		<failure message="BLOCKED: SystemError: Timeout while waiting for status SUCCESSFUL or False" type="BLOCKED" />
		<system-out>12:47:30 INFO  ==============================================================
12:47:30 INFO  Id:    SoftwareManagement.sm_apt_install_remove_multiple_mixed
12:47:30 INFO  Dir:   software_management_end_to_end/
12:47:30 INFO  Title: Validate end to end behaviour for the apt plugin for multiple packages with mixed versions
12:47:30 INFO  ==============================================================
12:47:30 INFO  Using sw id database: {'asciijump': '5475369', 'robotfindskitten': '5474869', 'squirrel3': '5475279', 'rolldice': '5152439', 'moon-buggy': '5439204', 'apple': '5495053', 'banana': '5494888', 'cherry': '5495382', 'watermelon': '5494510', 'registry': '8018911', 'hello-world': '8021526', 'docker/getting-started': '8021973', 'alpine': '7991792'}
12:47:30 INFO  EnvironmentC8y Setup
12:47:30 INFO  Executed systemctl&lt;serv_mapper1&gt;, exit status 3
12:47:30 INFO  Restarting mosquitto too frequently in the last 10 seconds. It was only up for 5 seconds
12:47:30 INFO  Delaying execution by 6 seconds
12:47:50 INFO  Executed sudo&lt;tedge_connect_c8y&gt;, exit status 0, duration 13 secs
12:47:51 INFO  Executed sudo&lt;tedge_connect_c8y_test&gt;, exit status 0
12:47:51 INFO  Executed systemctl&lt;serv_mosq2&gt;, exit status 0
12:47:52 INFO  Executed systemctl&lt;serv_mapper3&gt;, exit status 0
12:47:54 INFO  State of current operation: SUCCESSFUL
12:47:54 INFO  Assert that (False == value) with value=False ... passed
12:47:54 INFO  Assert that (False == value) with value=False ... passed
12:47:55 INFO  Assert that (False == value) with value=False ... passed
12:47:55 INFO  Assert that (False == value) with value=False ... passed
12:47:55 INFO  Assert that (False == value) with value=False ... passed
12:47:56 INFO  Response status: 201
12:47:56 INFO  Response to action: {
    "creationTime": "2022-04-24T12:47:56.671Z",
    "deviceName": "m32sd10b",
    "deviceId": "17586691",
    "self": "https://t493319102.eu-latest.cumulocity.com/devicecontrol/operations/17668647",
    "id": "17668647",
    "status": "PENDING",
    "description": "Apply software changes, triggered from PySys: [{'action': 'install', 'id': '5475369', 'name': 'asciijump', 'url': ' ', 'version': '::apt'}, {'action': 'install', 'id': '5474869', 'name': 'robotfindskitten', 'url': ' ', 'version': ' '}, {'action': 'install', 'id': '5475279', 'name': 'squirrel3', 'url': ' ', 'version': '3.1-7::apt'}, {'action': 'install', 'id': '5152439', 'name': 'rolldice', 'url': ' ', 'version': '1.16-1+b1'}, {'action': 'install', 'id': '5439204', 'name': 'moon-buggy', 'url': ' ', 'version': '1:1.0.51-12'}, {'action': 'install', 'id': '5475369', 'name': 'asciijump', 'url': ' ', 'version': '::apt'}]",
    "c8y_SoftwareUpdate": [
        {
            "name": "asciijump",
            "action": "install",
            "id": "5475369",
            "version": "::apt",
            "url": " "
        },
        {
            "name": "robotfindskitten",
            "action": "install",
            "id": "5474869",
            "version": " ",
            "url": " "
        },
        {
            "name": "squirrel3",
            "action": "install",
            "id": "5475279",
            "version": "3.1-7::apt",
            "url": " "
        },
        {
            "name": "rolldice",
            "action": "install",
            "id": "5152439",
            "version": "1.16-1+b1",
            "url": " "
        },
        {
            "name": "moon-buggy",
            "action": "install",
            "id": "5439204",
            "version": "1:1.0.51-12",
            "url": " "
        },
        {
            "name": "asciijump",
            "action": "install",
            "id": "5475369",
            "version": "::apt",
            "url": " "
        }
    ]
}
12:47:56 INFO  Started operation: {'creationTime': '2022-04-24T12:47:56.671Z', 'deviceName': 'm32sd10b', 'deviceId': '17586691', 'self': 'https://t493319102.eu-latest.cumulocity.com/devicecontrol/operations/17668647', 'id': '17668647', 'status': 'PENDING', 'description': "Apply software changes, triggered from PySys: [{'action': 'install', 'id': '5475369', 'name': 'asciijump', 'url': ' ', 'version': '::apt'}, {'action': 'install', 'id': '5474869', 'name': 'robotfindskitten', 'url': ' ', 'version': ' '}, {'action': 'install', 'id': '5475279', 'name': 'squirrel3', 'url': ' ', 'version': '3.1-7::apt'}, {'action': 'install', 'id': '5152439', 'name': 'rolldice', 'url': ' ', 'version': '1.16-1+b1'}, {'action': 'install', 'id': '5439204', 'name': 'moon-buggy', 'url': ' ', 'version': '1:1.0.51-12'}, {'action': 'install', 'id': '5475369', 'name': 'asciijump', 'url': ' ', 'version': '::apt'}]", 'c8y_SoftwareUpdate': [{'name': 'asciijump', 'action': 'install', 'id': '5475369', 'version': '::apt', 'url': ' '}, {'name': 'robotfindskitten', 'action': 'install', 'id': '5474869', 'version': ' ', 'url': ' '}, {'name': 'squirrel3', 'action': 'install', 'id': '5475279', 'version': '3.1-7::apt', 'url': ' '}, {'name': 'rolldice', 'action': 'install', 'id': '5152439', 'version': '1.16-1+b1', 'url': ' '}, {'name': 'moon-buggy', 'action': 'install', 'id': '5439204', 'version': '1:1.0.51-12', 'url': ' '}, {'name': 'asciijump', 'action': 'install', 'id': '5475369', 'version': '::apt', 'url': ' '}]}
12:47:58 INFO  State of operation 17668647 : PENDING
12:48:01 INFO  State of operation 17668647 : EXECUTING
12:48:03 INFO  State of operation 17668647 : EXECUTING
12:48:05 INFO  State of operation 17668647 : EXECUTING
12:48:07 INFO  State of operation 17668647 : EXECUTING
12:48:10 INFO  State of operation 17668647 : EXECUTING
12:48:12 INFO  State of operation 17668647 : EXECUTING
12:48:15 INFO  State of operation 17668647 : EXECUTING
12:48:18 INFO  State of operation 17668647 : EXECUTING
12:48:20 INFO  State of operation 17668647 : EXECUTING
12:48:22 INFO  State of operation 17668647 : EXECUTING
12:48:24 INFO  State of operation 17668647 : EXECUTING
12:48:26 INFO  State of operation 17668647 : EXECUTING
12:48:29 INFO  State of operation 17668647 : EXECUTING
12:48:31 INFO  State of operation 17668647 : EXECUTING
12:48:33 INFO  State of operation 17668647 : EXECUTING
12:48:36 INFO  State of operation 17668647 : EXECUTING
12:48:38 INFO  State of operation 17668647 : EXECUTING
12:48:41 INFO  State of operation 17668647 : EXECUTING
12:48:43 INFO  State of operation 17668647 : EXECUTING
12:48:45 INFO  State of operation 17668647 : EXECUTING
12:48:47 INFO  State of operation 17668647 : EXECUTING
12:48:50 INFO  State of operation 17668647 : EXECUTING
12:48:52 INFO  State of operation 17668647 : EXECUTING
12:48:55 INFO  State of operation 17668647 : EXECUTING
12:48:57 INFO  State of operation 17668647 : EXECUTING
12:49:00 INFO  State of operation 17668647 : EXECUTING
12:49:02 INFO  State of operation 17668647 : EXECUTING
12:49:05 INFO  State of operation 17668647 : EXECUTING
12:49:07 INFO  State of operation 17668647 : EXECUTING
12:49:10 INFO  State of operation 17668647 : EXECUTING
12:49:12 INFO  State of operation 17668647 : EXECUTING
12:49:14 INFO  State of operation 17668647 : EXECUTING
12:49:16 INFO  State of operation 17668647 : EXECUTING
12:49:18 INFO  State of operation 17668647 : EXECUTING
12:49:21 INFO  State of operation 17668647 : EXECUTING
12:49:23 INFO  State of operation 17668647 : EXECUTING
12:49:26 INFO  State of operation 17668647 : EXECUTING
12:49:28 INFO  State of operation 17668647 : EXECUTING
12:49:31 INFO  State of operation 17668647 : EXECUTING
12:49:33 INFO  State of operation 17668647 : EXECUTING
12:49:35 INFO  State of operation 17668647 : EXECUTING
12:49:38 INFO  State of operation 17668647 : EXECUTING
12:49:40 INFO  State of operation 17668647 : EXECUTING
12:49:42 INFO  State of operation 17668647 : EXECUTING
12:49:44 INFO  State of operation 17668647 : EXECUTING
12:49:47 INFO  State of operation 17668647 : EXECUTING
12:49:49 INFO  State of operation 17668647 : EXECUTING
12:49:51 INFO  State of operation 17668647 : EXECUTING
12:49:54 INFO  State of operation 17668647 : EXECUTING
12:49:56 INFO  State of operation 17668647 : EXECUTING
12:49:58 INFO  State of operation 17668647 : EXECUTING
12:50:01 INFO  State of operation 17668647 : EXECUTING
12:50:03 INFO  State of operation 17668647 : EXECUTING
12:50:06 INFO  State of operation 17668647 : EXECUTING
12:50:08 INFO  State of operation 17668647 : EXECUTING
12:50:10 INFO  State of operation 17668647 : EXECUTING
12:50:12 INFO  State of operation 17668647 : EXECUTING
12:50:15 INFO  State of operation 17668647 : EXECUTING
12:50:18 INFO  State of operation 17668647 : EXECUTING
12:50:20 INFO  State of operation 17668647 : EXECUTING
12:50:22 WARN  SystemError occurred while running test - Timeout while waiting for status SUCCESSFUL or False
Traceback (most recent call last):
  File "/home/pi/env-pysys/lib/python3.7/site-packages/pysys/baserunner.py", line 1294, in __call__
    self.testObj.execute()
  File "/home/pi/actions-runner/_work/thin-edge.io/thin-edge.io/tests/PySys/software_management_end_to_end/sm_apt_install_remove_multiple_mixed/run.py", line 89, in execute
    self.wait_until_succcess()
  File "/home/pi/actions-runner/_work/thin-edge.io/thin-edge.io/tests/PySys/software_management_end_to_end/environment_sm_management.py", line 324, in wait_until_succcess
    self.wait_until_status("SUCCESSFUL")
  File "/home/pi/actions-runner/_work/thin-edge.io/thin-edge.io/tests/PySys/software_management_end_to_end/environment_sm_management.py", line 381, in wait_until_status
    "Timeout while waiting for status %s or %s" % (status, status2)
SystemError: Timeout while waiting for status SUCCESSFUL or False
12:50:22 WARN  SystemError: Timeout while waiting for status SUCCESSFUL or False ... blocked 
12:50:22 INFO  
12:50:22 INFO  cleanup:
12:50:28 INFO  Executed sudo&lt;tedge_disconnect_c8y&gt;, exit status 0
12:50:29 INFO  Executed systemctl&lt;serv_mapper5&gt;, exit status 3
12:50:29 INFO  
12:50:29 INFO  Test duration: 179.07 secs
12:50:29 INFO  Test final outcome:  BLOCKED
12:50:29 INFO  Test outcome reason: SystemError: Timeout while waiting for status SUCCESSFUL or False
12:50:29 INFO  
</system-out>
	</testcase>
<testcase classname="PySysTest" name="SoftwareManagement.sm_apt_install_remove_multiple_mixed">
		<failure message="BLOCKED: SystemError: Timeout while waiting for status SUCCESSFUL or False (+1 other failures)" type="BLOCKED" />
		<system-out>13:21:23 INFO  ==============================================================
13:21:23 INFO  Id:    SoftwareManagement.sm_apt_install_remove_multiple_mixed
13:21:23 INFO  Dir:   software_management_end_to_end/
13:21:23 INFO  Title: Validate end to end behaviour for the apt plugin for multiple packages with mixed versions
13:21:23 INFO  ==============================================================
13:21:23 INFO  Using sw id database: {'asciijump': '5475369', 'robotfindskitten': '5474869', 'squirrel3': '5475279', 'rolldice': '5152439', 'moon-buggy': '5439204', 'apple': '5495053', 'banana': '5494888', 'cherry': '5495382', 'watermelon': '5494510', 'registry': '8018911', 'hello-world': '8021526', 'docker/getting-started': '8021973', 'alpine': '7991792'}
13:21:23 INFO  EnvironmentC8y Setup
13:21:23 INFO  Executed systemctl&lt;serv_mapper1&gt;, exit status 3
13:21:23 INFO  Restarting mosquitto too frequently in the last 10 seconds. It was only up for 5 seconds
13:21:23 INFO  Delaying execution by 6 seconds
13:21:43 INFO  Executed sudo&lt;tedge_connect_c8y&gt;, exit status 0, duration 13 secs
13:21:44 INFO  Executed sudo&lt;tedge_connect_c8y_test&gt;, exit status 0
13:21:44 INFO  Executed systemctl&lt;serv_mosq2&gt;, exit status 0
13:21:45 INFO  Executed systemctl&lt;serv_mapper3&gt;, exit status 0
13:21:47 INFO  State of current operation: SUCCESSFUL
13:21:47 INFO  Assert that (False == value) with value=False ... passed
13:21:47 INFO  Assert that (False == value) with value=False ... passed
13:21:48 INFO  Assert that (False == value) with value=False ... passed
13:21:48 INFO  Assert that (False == value) with value=False ... passed
13:21:48 INFO  Package moon-buggy is installed
13:21:48 WARN  Assert that (False == value) with value=True ... failed 
13:21:49 INFO  Response status: 201
13:21:49 INFO  Response to action: {
    "delivery": {
        "time": "2022-04-24T13:21:49.944Z",
        "log": [],
        "status": "PENDING"
    },
    "creationTime": "2022-04-24T13:21:49.930Z",
    "deviceName": "m32sd10b",
    "deviceId": "17586691",
    "self": "https://t493319102.eu-latest.cumulocity.com/devicecontrol/operations/17668771",
    "id": "17668771",
    "status": "PENDING",
    "description": "Apply software changes, triggered from PySys: [{'action': 'install', 'id': '5475369', 'name': 'asciijump', 'url': ' ', 'version': '::apt'}, {'action': 'install', 'id': '5474869', 'name': 'robotfindskitten', 'url': ' ', 'version': ' '}, {'action': 'install', 'id': '5475279', 'name': 'squirrel3', 'url': ' ', 'version': '3.1-7::apt'}, {'action': 'install', 'id': '5152439', 'name': 'rolldice', 'url': ' ', 'version': '1.16-1+b1'}, {'action': 'install', 'id': '5439204', 'name': 'moon-buggy', 'url': ' ', 'version': '1:1.0.51-12'}, {'action': 'install', 'id': '5475369', 'name': 'asciijump', 'url': ' ', 'version': '::apt'}]",
    "c8y_SoftwareUpdate": [
        {
            "name": "asciijump",
            "action": "install",
            "id": "5475369",
            "version": "::apt",
            "url": " "
        },
        {
            "name": "robotfindskitten",
            "action": "install",
            "id": "5474869",
            "version": " ",
            "url": " "
        },
        {
            "name": "squirrel3",
            "action": "install",
            "id": "5475279",
            "version": "3.1-7::apt",
            "url": " "
        },
        {
            "name": "rolldice",
            "action": "install",
            "id": "5152439",
            "version": "1.16-1+b1",
            "url": " "
        },
        {
            "name": "moon-buggy",
            "action": "install",
            "id": "5439204",
            "version": "1:1.0.51-12",
            "url": " "
        },
        {
            "name": "asciijump",
            "action": "install",
            "id": "5475369",
            "version": "::apt",
            "url": " "
        }
    ]
}
13:21:49 INFO  Started operation: {'delivery': {'time': '2022-04-24T13:21:49.944Z', 'log': [], 'status': 'PENDING'}, 'creationTime': '2022-04-24T13:21:49.930Z', 'deviceName': 'm32sd10b', 'deviceId': '17586691', 'self': 'https://t493319102.eu-latest.cumulocity.com/devicecontrol/operations/17668771', 'id': '17668771', 'status': 'PENDING', 'description': "Apply software changes, triggered from PySys: [{'action': 'install', 'id': '5475369', 'name': 'asciijump', 'url': ' ', 'version': '::apt'}, {'action': 'install', 'id': '5474869', 'name': 'robotfindskitten', 'url': ' ', 'version': ' '}, {'action': 'install', 'id': '5475279', 'name': 'squirrel3', 'url': ' ', 'version': '3.1-7::apt'}, {'action': 'install', 'id': '5152439', 'name': 'rolldice', 'url': ' ', 'version': '1.16-1+b1'}, {'action': 'install', 'id': '5439204', 'name': 'moon-buggy', 'url': ' ', 'version': '1:1.0.51-12'}, {'action': 'install', 'id': '5475369', 'name': 'asciijump', 'url': ' ', 'version': '::apt'}]", 'c8y_SoftwareUpdate': [{'name': 'asciijump', 'action': 'install', 'id': '5475369', 'version': '::apt', 'url': ' '}, {'name': 'robotfindskitten', 'action': 'install', 'id': '5474869', 'version': ' ', 'url': ' '}, {'name': 'squirrel3', 'action': 'install', 'id': '5475279', 'version': '3.1-7::apt', 'url': ' '}, {'name': 'rolldice', 'action': 'install', 'id': '5152439', 'version': '1.16-1+b1', 'url': ' '}, {'name': 'moon-buggy', 'action': 'install', 'id': '5439204', 'version': '1:1.0.51-12', 'url': ' '}, {'name': 'asciijump', 'action': 'install', 'id': '5475369', 'version': '::apt', 'url': ' '}]}
13:21:52 INFO  State of operation 17668771 : PENDING
13:21:54 INFO  State of operation 17668771 : EXECUTING
13:21:56 INFO  State of operation 17668771 : EXECUTING
13:21:58 INFO  State of operation 17668771 : EXECUTING
13:22:01 INFO  State of operation 17668771 : EXECUTING
13:22:03 INFO  State of operation 17668771 : EXECUTING
13:22:06 INFO  State of operation 17668771 : EXECUTING
13:22:08 INFO  State of operation 17668771 : EXECUTING
13:22:11 INFO  State of operation 17668771 : EXECUTING
13:22:13 INFO  State of operation 17668771 : EXECUTING
13:22:15 INFO  State of operation 17668771 : EXECUTING
13:22:17 INFO  State of operation 17668771 : EXECUTING
13:22:20 INFO  State of operation 17668771 : EXECUTING
13:22:22 INFO  State of operation 17668771 : EXECUTING
13:22:24 INFO  State of operation 17668771 : EXECUTING
13:22:26 INFO  State of operation 17668771 : EXECUTING
13:22:29 INFO  State of operation 17668771 : EXECUTING
13:22:31 INFO  State of operation 17668771 : EXECUTING
13:22:34 INFO  State of operation 17668771 : EXECUTING
13:22:36 INFO  State of operation 17668771 : EXECUTING
13:22:38 INFO  State of operation 17668771 : EXECUTING
13:22:40 INFO  State of operation 17668771 : EXECUTING
13:22:43 INFO  State of operation 17668771 : EXECUTING
13:22:45 INFO  State of operation 17668771 : EXECUTING
13:22:48 INFO  State of operation 17668771 : EXECUTING
13:22:50 INFO  State of operation 17668771 : EXECUTING
13:22:52 INFO  State of operation 17668771 : EXECUTING
13:22:55 INFO  State of operation 17668771 : EXECUTING
13:22:57 INFO  State of operation 17668771 : EXECUTING
13:22:59 INFO  State of operation 17668771 : EXECUTING
13:23:02 INFO  State of operation 17668771 : EXECUTING
13:23:04 INFO  State of operation 17668771 : EXECUTING
13:23:07 INFO  State of operation 17668771 : EXECUTING
13:23:09 INFO  State of operation 17668771 : EXECUTING
13:23:11 INFO  State of operation 17668771 : EXECUTING
13:23:13 INFO  State of operation 17668771 : EXECUTING
13:23:15 INFO  State of operation 17668771 : EXECUTING
13:23:18 INFO  State of operation 17668771 : EXECUTING
13:23:20 INFO  State of operation 17668771 : EXECUTING
13:23:23 INFO  State of operation 17668771 : EXECUTING
13:23:25 INFO  State of operation 17668771 : EXECUTING
13:23:28 INFO  State of operation 17668771 : EXECUTING
13:23:30 INFO  State of operation 17668771 : EXECUTING
13:23:32 INFO  State of operation 17668771 : EXECUTING
13:23:34 INFO  State of operation 17668771 : EXECUTING
13:23:37 INFO  State of operation 17668771 : EXECUTING
13:23:39 INFO  State of operation 17668771 : EXECUTING
13:23:41 INFO  State of operation 17668771 : EXECUTING
13:23:44 INFO  State of operation 17668771 : EXECUTING
13:23:46 INFO  State of operation 17668771 : EXECUTING
13:23:48 INFO  State of operation 17668771 : EXECUTING
13:23:51 INFO  State of operation 17668771 : EXECUTING
13:23:53 INFO  State of operation 17668771 : EXECUTING
13:23:55 INFO  State of operation 17668771 : EXECUTING
13:23:58 INFO  State of operation 17668771 : EXECUTING
13:24:00 INFO  State of operation 17668771 : EXECUTING
13:24:02 INFO  State of operation 17668771 : EXECUTING
13:24:05 INFO  State of operation 17668771 : EXECUTING
13:24:07 INFO  State of operation 17668771 : EXECUTING
13:24:10 INFO  State of operation 17668771 : EXECUTING
13:24:12 INFO  State of operation 17668771 : EXECUTING
13:24:14 WARN  SystemError occurred while running test - Timeout while waiting for status SUCCESSFUL or False
Traceback (most recent call last):
  File "/home/pi/env-pysys/lib/python3.7/site-packages/pysys/baserunner.py", line 1294, in __call__
    self.testObj.execute()
  File "/home/pi/actions-runner/_work/thin-edge.io/thin-edge.io/tests/PySys/software_management_end_to_end/sm_apt_install_remove_multiple_mixed/run.py", line 89, in execute
    self.wait_until_succcess()
  File "/home/pi/actions-runner/_work/thin-edge.io/thin-edge.io/tests/PySys/software_management_end_to_end/environment_sm_management.py", line 324, in wait_until_succcess
    self.wait_until_status("SUCCESSFUL")
  File "/home/pi/actions-runner/_work/thin-edge.io/thin-edge.io/tests/PySys/software_management_end_to_end/environment_sm_management.py", line 381, in wait_until_status
    "Timeout while waiting for status %s or %s" % (status, status2)
SystemError: Timeout while waiting for status SUCCESSFUL or False
13:24:14 WARN  SystemError: Timeout while waiting for status SUCCESSFUL or False ... blocked 
13:24:14 INFO  
13:24:14 INFO  cleanup:
13:24:21 INFO  Executed sudo&lt;tedge_disconnect_c8y&gt;, exit status 0
13:24:21 INFO  Executed systemctl&lt;serv_mapper5&gt;, exit status 3
13:24:21 INFO  
13:24:21 INFO  Test duration: 178.84 secs
13:24:21 INFO  Test final outcome:  BLOCKED
13:24:21 INFO  Test outcome reason: SystemError: Timeout while waiting for status SUCCESSFUL or False (+1 other failures)
13:24:21 INFO  
</system-out>
	</testcase>
</testsuite><testsuite name="SoftwareManagement.sm_apt_install_remove_with_version" tests="3" errors="0" failures="0" skipped="1" time="0"><testcase classname="PySysTest" name="SoftwareManagement.sm_apt_install_remove_with_version">
		<skipped message="SKIPPED: Testing the apt plugin is not supported on this platform.Use parameter -XmyPlatform='container' to enable it" />
		<system-out>12:13:04 INFO  ==============================================================
12:13:04 INFO  Id:    SoftwareManagement.sm_apt_install_remove_with_version
12:13:04 INFO  Dir:   software_management_end_to_end/
12:13:04 INFO  Title: Validate end to end behaviour for the apt plugin for packages with version
12:13:04 INFO  ==============================================================
12:13:04 INFO  Testing the apt plugin is not supported on this platform.Use parameter -XmyPlatform='container' to enable it ... skipped
12:13:04 WARN  Aborted test due to SKIPPED outcome
12:13:04 INFO  
12:13:04 INFO  Test duration: 0.02 secs
12:13:04 INFO  Test final outcome:  SKIPPED
12:13:04 INFO  Test outcome reason: Testing the apt plugin is not supported on this platform.Use parameter -XmyPlatform='container' to enable it
12:13:04 INFO  
</system-out>
	</testcase>
<testcase classname="PySysTest" name="SoftwareManagement.sm_apt_install_remove_with_version" />
<testcase classname="PySysTest" name="SoftwareManagement.sm_apt_install_remove_with_version" />
</testsuite><testsuite name="SoftwareManagement.sm_docker_install_remove_multiple" tests="3" errors="0" failures="0" skipped="1" time="0"><testcase classname="SMDockerInstallRemove" name="SoftwareManagement.sm_docker_install_remove_multiple">
		<skipped message="SKIPPED: Testing the apt plugin is not supported on this platform.Use parameter -XmyPlatform='container' to enable it" />
		<system-out>12:13:04 INFO  ==============================================================
12:13:04 INFO  Id:    SoftwareManagement.sm_docker_install_remove_multiple
12:13:04 INFO  Dir:   software_management_end_to_end/
12:13:04 INFO  Title: Validate end to end behaviour for the docker plugin for multiple docker images with mixed versions
12:13:04 INFO  ==============================================================
12:13:04 INFO  Testing the apt plugin is not supported on this platform.Use parameter -XmyPlatform='container' to enable it ... skipped
12:13:04 WARN  Aborted test due to SKIPPED outcome
12:13:04 INFO  
12:13:04 INFO  Test duration: 0.03 secs
12:13:04 INFO  Test final outcome:  SKIPPED
12:13:04 INFO  Test outcome reason: Testing the apt plugin is not supported on this platform.Use parameter -XmyPlatform='container' to enable it
12:13:04 INFO  
</system-out>
	</testcase>
<testcase classname="SMDockerInstallRemove" name="SoftwareManagement.sm_docker_install_remove_multiple" />
<testcase classname="SMDockerInstallRemove" name="SoftwareManagement.sm_docker_install_remove_multiple" />
</testsuite><testsuite name="SoftwareManagement.sm_fake_install_remove" tests="2" errors="0" failures="0" skipped="1" time="0"><testcase classname="PySysTest" name="SoftwareManagement.sm_fake_install_remove">
		<skipped message="SKIPPED: Testing the fake plugin is not enabled.Use parameter -Xfakeplugin=fakeplugin to enable it" />
		<system-out>12:13:04 INFO  ==============================================================
12:13:04 INFO  Id:    SoftwareManagement.sm_fake_install_remove
12:13:04 INFO  Dir:   software_management_end_to_end/
12:13:04 INFO  Title: Validate end to end behaviour for the dummy plugin for installation and removal of packages
12:13:04 INFO  ==============================================================
12:13:04 INFO  Testing the fake plugin is not enabled.Use parameter -Xfakeplugin=fakeplugin to enable it ... skipped
12:13:04 WARN  Aborted test due to SKIPPED outcome
12:13:04 INFO  
12:13:04 INFO  Test duration: 0.02 secs
12:13:04 INFO  Test final outcome:  SKIPPED
12:13:04 INFO  Test outcome reason: Testing the fake plugin is not enabled.Use parameter -Xfakeplugin=fakeplugin to enable it
12:13:04 INFO  
</system-out>
	</testcase>
<testcase classname="PySysTest" name="SoftwareManagement.sm_fake_install_remove" />
</testsuite><testsuite name="SoftwareManagement.sm_fake_install_remove_multiple" tests="2" errors="0" failures="0" skipped="1" time="0"><testcase classname="PySysTest" name="SoftwareManagement.sm_fake_install_remove_multiple">
		<skipped message="SKIPPED: Testing the fake plugin is not enabled.Use parameter -Xfakeplugin=fakeplugin to enable it" />
		<system-out>12:13:04 INFO  ==============================================================
12:13:04 INFO  Id:    SoftwareManagement.sm_fake_install_remove_multiple
12:13:04 INFO  Dir:   software_management_end_to_end/
12:13:04 INFO  Title: Validate end to end behaviour for the dummy-plugin for multiple packages
12:13:04 INFO  ==============================================================
12:13:04 INFO  Testing the fake plugin is not enabled.Use parameter -Xfakeplugin=fakeplugin to enable it ... skipped
12:13:04 WARN  Aborted test due to SKIPPED outcome
12:13:04 INFO  
12:13:04 INFO  Test duration: 0.02 secs
12:13:04 INFO  Test final outcome:  SKIPPED
12:13:04 INFO  Test outcome reason: Testing the fake plugin is not enabled.Use parameter -Xfakeplugin=fakeplugin to enable it
12:13:04 INFO  
</system-out>
	</testcase>
<testcase classname="PySysTest" name="SoftwareManagement.sm_fake_install_remove_multiple" />
</testsuite><testsuite name="SoftwareManagement.sm_mapper_fail_and_reconnect" tests="2" errors="0" failures="0" skipped="2" time="0"><testcase classname="MapperC8yReceiveLastMessageOnRestart" name="SoftwareManagement.sm_mapper_fail_and_reconnect">
		<skipped message="SKIPPED: instable https://github.com/thin-edge/thin-edge.io/issues/752" />
		<system-out>12:13:04 INFO  ==============================================================
12:13:04 INFO  Id:    SoftwareManagement.sm_mapper_fail_and_reconnect
12:13:04 INFO  Dir:   software_management_end_to_end/
12:13:04 INFO  Title: Validate the tedge-mapper-sm-c8y for receiving the last message on restart
12:13:04 INFO  ==============================================================
12:13:04 INFO  instable https://github.com/thin-edge/thin-edge.io/issues/752 ... skipped
12:13:04 INFO  
12:13:04 INFO  Test duration: 0.03 secs
12:13:04 INFO  Test final outcome:  SKIPPED
12:13:04 INFO  Test outcome reason: instable https://github.com/thin-edge/thin-edge.io/issues/752
12:13:04 INFO  
</system-out>
	</testcase>
<testcase classname="MapperC8yReceiveLastMessageOnRestart" name="SoftwareManagement.sm_mapper_fail_and_reconnect">
		<skipped message="SKIPPED: instable https://github.com/thin-edge/thin-edge.io/issues/752" />
		<system-out>13:31:11 INFO  ==============================================================
13:31:11 INFO  Id:    SoftwareManagement.sm_mapper_fail_and_reconnect
13:31:11 INFO  Dir:   software_management_end_to_end/
13:31:11 INFO  Title: Validate the tedge-mapper-sm-c8y for receiving the last message on restart
13:31:11 INFO  ==============================================================
13:31:11 INFO  instable https://github.com/thin-edge/thin-edge.io/issues/752 ... skipped
13:31:11 INFO  
13:31:11 INFO  Test duration: 0.06 secs
13:31:11 INFO  Test final outcome:  SKIPPED
13:31:11 INFO  Test outcome reason: instable https://github.com/thin-edge/thin-edge.io/issues/752
13:31:11 INFO  
</system-out>
	</testcase>
</testsuite><testsuite name="SoftwareManagement.sm_mixed_install_remove_multiple" tests="2" errors="0" failures="1" skipped="1" time="0"><testcase classname="PySysTest" name="SoftwareManagement.sm_mixed_install_remove_multiple">
		<skipped message="SKIPPED: Testing the fake plugin is not enabled.Use parameter -Xfakeplugin=fakeplugin to enable it" />
		<system-out>12:13:04 INFO  ==============================================================
12:13:04 INFO  Id:    SoftwareManagement.sm_mixed_install_remove_multiple
12:13:04 INFO  Dir:   software_management_end_to_end/
12:13:04 INFO  Title: Validate end to end behaviour for the dummy-plugin for multiple packages with mixed versions
12:13:04 INFO  ==============================================================
12:13:04 INFO  Testing the fake plugin is not enabled.Use parameter -Xfakeplugin=fakeplugin to enable it ... skipped
12:13:04 WARN  Aborted test due to SKIPPED outcome
12:13:04 INFO  
12:13:04 INFO  Test duration: 0.02 secs
12:13:04 INFO  Test final outcome:  SKIPPED
12:13:04 INFO  Test outcome reason: Testing the fake plugin is not enabled.Use parameter -Xfakeplugin=fakeplugin to enable it
12:13:04 INFO  
</system-out>
	</testcase>
<testcase classname="PySysTest" name="SoftwareManagement.sm_mixed_install_remove_multiple">
		<failure message="FAILED: Assert that (False == value) with value=True" type="FAILED" />
		<system-out>13:31:11 INFO  ==============================================================
13:31:11 INFO  Id:    SoftwareManagement.sm_mixed_install_remove_multiple
13:31:11 INFO  Dir:   software_management_end_to_end/
13:31:11 INFO  Title: Validate end to end behaviour for the dummy-plugin for multiple packages with mixed versions
13:31:11 INFO  ==============================================================
13:31:11 INFO  Using sw id database: {'asciijump': '5475369', 'robotfindskitten': '5474869', 'squirrel3': '5475279', 'rolldice': '5152439', 'moon-buggy': '5439204', 'apple': '5495053', 'banana': '5494888', 'cherry': '5495382', 'watermelon': '5494510', 'registry': '8018911', 'hello-world': '8021526', 'docker/getting-started': '8021973', 'alpine': '7991792'}
13:31:11 INFO  EnvironmentC8y Setup
13:31:12 INFO  Executed systemctl&lt;serv_mapper1&gt;, exit status 3
13:31:12 INFO  Restarting mosquitto too frequently in the last 10 seconds. It was only up for 4 seconds
13:31:12 INFO  Delaying execution by 7 seconds
13:31:33 INFO  Executed sudo&lt;tedge_connect_c8y&gt;, exit status 0, duration 14 secs
13:31:34 INFO  Executed sudo&lt;tedge_connect_c8y_test&gt;, exit status 0
13:31:34 INFO  Executed systemctl&lt;serv_mosq2&gt;, exit status 0
13:31:35 INFO  Executed systemctl&lt;serv_mapper3&gt;, exit status 0
13:31:37 INFO  State of current operation: SUCCESSFUL
13:31:37 INFO  Package apple is installed
13:31:37 INFO  Assert that (True == value) with value=True ... passed
13:31:37 INFO  Package banana is installed
13:31:37 INFO  Assert that (True == value) with value=True ... passed
13:31:37 INFO  Package cherry is installed
13:31:37 INFO  Assert that (True == value) with value=True ... passed
13:31:38 INFO  Package asciijump is installed
13:31:38 WARN  Assert that (False == value) with value=True ... failed 
13:31:38 INFO  Assert that (False == value) with value=False ... passed
13:31:38 INFO  Response status: 201
13:31:38 INFO  Response to action: {
    "creationTime": "2022-04-24T13:31:38.564Z",
    "deviceName": "m32sd10b",
    "deviceId": "17586691",
    "self": "https://t493319102.eu-latest.cumulocity.com/devicecontrol/operations/17668818",
    "id": "17668818",
    "status": "PENDING",
    "description": "Apply software changes, triggered from PySys: [{'action': 'install', 'id': '5495053', 'name': 'apple', 'url': ' ', 'version': '::fruits'}, {'action': 'install', 'id': '5494888', 'name': 'banana', 'url': ' ', 'version': '::fruits'}, {'action': 'install', 'id': '5475369', 'name': 'asciijump', 'url': ' ', 'version': '::apt'}, {'action': 'install', 'id': '5495382', 'name': 'cherry', 'url': ' ', 'version': '::fruits'}, {'action': 'install', 'id': '8018911', 'name': 'registry', 'url': ' ', 'version': '::docker'}]",
    "c8y_SoftwareUpdate": [
        {
            "name": "apple",
            "action": "install",
            "id": "5495053",
            "version": "::fruits",
            "url": " "
        },
        {
            "name": "banana",
            "action": "install",
            "id": "5494888",
            "version": "::fruits",
            "url": " "
        },
        {
            "name": "asciijump",
            "action": "install",
            "id": "5475369",
            "version": "::apt",
            "url": " "
        },
        {
            "name": "cherry",
            "action": "install",
            "id": "5495382",
            "version": "::fruits",
            "url": " "
        },
        {
            "name": "registry",
            "action": "install",
            "id": "8018911",
            "version": "::docker",
            "url": " "
        }
    ]
}
13:31:38 INFO  Started operation: {'creationTime': '2022-04-24T13:31:38.564Z', 'deviceName': 'm32sd10b', 'deviceId': '17586691', 'self': 'https://t493319102.eu-latest.cumulocity.com/devicecontrol/operations/17668818', 'id': '17668818', 'status': 'PENDING', 'description': "Apply software changes, triggered from PySys: [{'action': 'install', 'id': '5495053', 'name': 'apple', 'url': ' ', 'version': '::fruits'}, {'action': 'install', 'id': '5494888', 'name': 'banana', 'url': ' ', 'version': '::fruits'}, {'action': 'install', 'id': '5475369', 'name': 'asciijump', 'url': ' ', 'version': '::apt'}, {'action': 'install', 'id': '5495382', 'name': 'cherry', 'url': ' ', 'version': '::fruits'}, {'action': 'install', 'id': '8018911', 'name': 'registry', 'url': ' ', 'version': '::docker'}]", 'c8y_SoftwareUpdate': [{'name': 'apple', 'action': 'install', 'id': '5495053', 'version': '::fruits', 'url': ' '}, {'name': 'banana', 'action': 'install', 'id': '5494888', 'version': '::fruits', 'url': ' '}, {'name': 'asciijump', 'action': 'install', 'id': '5475369', 'version': '::apt', 'url': ' '}, {'name': 'cherry', 'action': 'install', 'id': '5495382', 'version': '::fruits', 'url': ' '}, {'name': 'registry', 'action': 'install', 'id': '8018911', 'version': '::docker', 'url': ' '}]}
13:31:40 INFO  State of operation 17668818 : PENDING
13:31:43 INFO  State of operation 17668818 : EXECUTING
13:31:45 INFO  State of operation 17668818 : EXECUTING
13:31:47 INFO  State of operation 17668818 : EXECUTING
13:31:49 INFO  State of operation 17668818 : EXECUTING
13:31:51 INFO  State of operation 17668818 : EXECUTING
13:31:54 INFO  State of operation 17668818 : EXECUTING
13:31:56 INFO  State of operation 17668818 : EXECUTING
13:31:59 INFO  State of operation 17668818 : EXECUTING
13:32:02 INFO  State of operation 17668818 : EXECUTING
13:32:04 INFO  State of operation 17668818 : EXECUTING
13:32:06 INFO  State of operation 17668818 : EXECUTING
13:32:08 INFO  State of operation 17668818 : EXECUTING
13:32:10 INFO  State of operation 17668818 : EXECUTING
13:32:13 INFO  State of operation 17668818 : EXECUTING
13:32:15 INFO  State of operation 17668818 : EXECUTING
13:32:17 INFO  State of operation 17668818 : EXECUTING
13:32:20 INFO  State of operation 17668818 : EXECUTING
13:32:22 INFO  State of operation 17668818 : EXECUTING
13:32:24 INFO  State of operation 17668818 : EXECUTING
13:32:26 INFO  State of operation 17668818 : EXECUTING
13:32:29 INFO  State of operation 17668818 : EXECUTING
13:32:31 INFO  State of operation 17668818 : EXECUTING
13:32:33 INFO  State of operation 17668818 : EXECUTING
13:32:35 INFO  State of operation 17668818 : EXECUTING
13:32:38 INFO  State of operation 17668818 : SUCCESSFUL
13:32:38 INFO  Package apple is installed
13:32:38 INFO  Assert that (True == value) with value=True ... passed
13:32:38 INFO  Package banana is installed
13:32:38 INFO  Assert that (True == value) with value=True ... passed
13:32:38 INFO  Package cherry is installed
13:32:38 INFO  Assert that (True == value) with value=True ... passed
13:32:39 INFO  Package asciijump is installed
13:32:39 INFO  Assert that (True == value) with value=True ... passed
13:32:39 INFO  Package registry is installed
13:32:39 INFO  Assert that (True == value) with value=True ... passed
13:32:39 INFO  Response status: 201
13:32:39 INFO  Response to action: {
    "creationTime": "2022-04-24T13:32:39.479Z",
    "deviceName": "m32sd10b",
    "deviceId": "17586691",
    "self": "https://t493319102.eu-latest.cumulocity.com/devicecontrol/operations/17668822",
    "id": "17668822",
    "status": "PENDING",
    "description": "Apply software changes, triggered from PySys: [{'action': 'delete', 'id': '5495053', 'name': 'apple', 'url': ' ', 'version': '::fruits'}, {'action': 'delete', 'id': '5494888', 'name': 'banana', 'url': ' ', 'version': '::fruits'}, {'action': 'delete', 'id': '5475369', 'name': 'asciijump', 'url': ' ', 'version': '::apt'}, {'action': 'delete', 'id': '5495382', 'name': 'cherry', 'url': ' ', 'version': '::fruits'}, {'action': 'delete', 'id': '8018911', 'name': 'registry', 'url': ' ', 'version': '::docker'}]",
    "c8y_SoftwareUpdate": [
        {
            "name": "apple",
            "action": "delete",
            "id": "5495053",
            "version": "::fruits",
            "url": " "
        },
        {
            "name": "banana",
            "action": "delete",
            "id": "5494888",
            "version": "::fruits",
            "url": " "
        },
        {
            "name": "asciijump",
            "action": "delete",
            "id": "5475369",
            "version": "::apt",
            "url": " "
        },
        {
            "name": "cherry",
            "action": "delete",
            "id": "5495382",
            "version": "::fruits",
            "url": " "
        },
        {
            "name": "registry",
            "action": "delete",
            "id": "8018911",
            "version": "::docker",
            "url": " "
        }
    ]
}
13:32:39 INFO  Started operation: {'creationTime': '2022-04-24T13:32:39.479Z', 'deviceName': 'm32sd10b', 'deviceId': '17586691', 'self': 'https://t493319102.eu-latest.cumulocity.com/devicecontrol/operations/17668822', 'id': '17668822', 'status': 'PENDING', 'description': "Apply software changes, triggered from PySys: [{'action': 'delete', 'id': '5495053', 'name': 'apple', 'url': ' ', 'version': '::fruits'}, {'action': 'delete', 'id': '5494888', 'name': 'banana', 'url': ' ', 'version': '::fruits'}, {'action': 'delete', 'id': '5475369', 'name': 'asciijump', 'url': ' ', 'version': '::apt'}, {'action': 'delete', 'id': '5495382', 'name': 'cherry', 'url': ' ', 'version': '::fruits'}, {'action': 'delete', 'id': '8018911', 'name': 'registry', 'url': ' ', 'version': '::docker'}]", 'c8y_SoftwareUpdate': [{'name': 'apple', 'action': 'delete', 'id': '5495053', 'version': '::fruits', 'url': ' '}, {'name': 'banana', 'action': 'delete', 'id': '5494888', 'version': '::fruits', 'url': ' '}, {'name': 'asciijump', 'action': 'delete', 'id': '5475369', 'version': '::apt', 'url': ' '}, {'name': 'cherry', 'action': 'delete', 'id': '5495382', 'version': '::fruits', 'url': ' '}, {'name': 'registry', 'action': 'delete', 'id': '8018911', 'version': '::docker', 'url': ' '}]}
13:32:41 INFO  State of operation 17668822 : PENDING
13:32:43 INFO  State of operation 17668822 : EXECUTING
13:32:46 INFO  State of operation 17668822 : EXECUTING
13:32:48 INFO  State of operation 17668822 : EXECUTING
13:32:50 INFO  State of operation 17668822 : EXECUTING
13:32:52 INFO  State of operation 17668822 : EXECUTING
13:32:55 INFO  State of operation 17668822 : EXECUTING
13:32:57 INFO  State of operation 17668822 : EXECUTING
13:33:00 INFO  State of operation 17668822 : EXECUTING
13:33:03 INFO  State of operation 17668822 : EXECUTING
13:33:05 INFO  State of operation 17668822 : EXECUTING
13:33:07 INFO  State of operation 17668822 : EXECUTING
13:33:09 INFO  State of operation 17668822 : EXECUTING
13:33:11 INFO  State of operation 17668822 : EXECUTING
13:33:14 INFO  State of operation 17668822 : EXECUTING
13:33:16 INFO  State of operation 17668822 : EXECUTING
13:33:20 INFO  State of operation 17668822 : EXECUTING
13:33:23 INFO  State of operation 17668822 : EXECUTING
13:33:25 INFO  State of operation 17668822 : EXECUTING
13:33:27 INFO  State of operation 17668822 : EXECUTING
13:33:29 INFO  State of operation 17668822 : EXECUTING
13:33:32 INFO  State of operation 17668822 : EXECUTING
13:33:34 INFO  State of operation 17668822 : EXECUTING
13:33:37 INFO  State of operation 17668822 : EXECUTING
13:33:39 INFO  State of operation 17668822 : EXECUTING
13:33:41 INFO  State of operation 17668822 : EXECUTING
13:33:43 INFO  State of operation 17668822 : EXECUTING
13:33:46 INFO  State of operation 17668822 : EXECUTING
13:33:48 INFO  State of operation 17668822 : EXECUTING
13:33:50 INFO  State of operation 17668822 : EXECUTING
13:33:52 INFO  State of operation 17668822 : SUCCESSFUL
13:33:53 INFO  Package apple is installed
13:33:53 INFO  Assert that (True == value) with value=True ... passed
13:33:53 INFO  Package banana is installed
13:33:53 INFO  Assert that (True == value) with value=True ... passed
13:33:53 INFO  Package cherry is installed
13:33:53 INFO  Assert that (True == value) with value=True ... passed
13:33:53 INFO  Assert that (False == value) with value=False ... passed
13:33:54 INFO  Assert that (False == value) with value=False ... passed
13:33:54 INFO  
13:33:54 INFO  cleanup:
13:33:58 INFO  Executed sudo&lt;tedge_disconnect_c8y&gt;, exit status 0
13:33:58 INFO  Executed systemctl&lt;serv_mapper5&gt;, exit status 3
13:33:58 INFO  
13:33:58 INFO  Test duration: 167.22 secs
13:33:58 INFO  Test final outcome:  FAILED
13:33:58 INFO  Test outcome reason: Assert that (False == value) with value=True
13:33:58 INFO  
</system-out>
	</testcase>
</testsuite><testsuite name="agent_init_session" tests="1" errors="0" failures="0" skipped="0" time="0"><testcase classname="AgentInitSession" name="agent_init_session" />
</testsuite><testsuite name="apt_fail_noarg" tests="2" errors="0" failures="0" skipped="1" time="0"><testcase classname="AptPluginFailNoArg" name="apt_fail_noarg">
		<skipped message="SKIPPED: Testing the apt plugin is not supported on this platform.To run the tests call PySys with -XmyPlatform='container'" />
		<system-out>12:01:51 INFO  ==============================================================
12:01:51 INFO  Id:    apt_fail_noarg
12:01:51 INFO  Dir:   plugin_apt/
12:01:51 INFO  Title: Validate apt plugin fetures(prepare, list, install, remove finalize) without arguments
12:01:51 INFO  ==============================================================
12:01:51 INFO  Testing the apt plugin is not supported on this platform.To run the tests call PySys with -XmyPlatform='container' ... skipped
12:01:51 WARN  Aborted test due to SKIPPED outcome
12:01:51 INFO  
12:01:51 INFO  Test duration: 0.04 secs
12:01:51 INFO  Test final outcome:  SKIPPED
12:01:51 INFO  Test outcome reason: Testing the apt plugin is not supported on this platform.To run the tests call PySys with -XmyPlatform='container'
12:01:51 INFO  
</system-out>
	</testcase>
<testcase classname="AptPluginFailNoArg" name="apt_fail_noarg" />
</testsuite><testsuite name="apt_finalize" tests="2" errors="0" failures="0" skipped="1" time="0"><testcase classname="AptPluginFinalize" name="apt_finalize">
		<skipped message="SKIPPED: Testing the apt plugin is not supported on this platform.To run the tests call PySys with -XmyPlatform='container'" />
		<system-out>12:01:51 INFO  ==============================================================
12:01:51 INFO  Id:    apt_finalize
12:01:51 INFO  Dir:   plugin_apt/
12:01:51 INFO  Title: Validate apt plugin finalize - dense version
12:01:51 INFO  ==============================================================
12:01:51 INFO  Testing the apt plugin is not supported on this platform.To run the tests call PySys with -XmyPlatform='container' ... skipped
12:01:51 WARN  Aborted test due to SKIPPED outcome
12:01:51 INFO  
12:01:51 INFO  Test duration: 0.02 secs
12:01:51 INFO  Test final outcome:  SKIPPED
12:01:51 INFO  Test outcome reason: Testing the apt plugin is not supported on this platform.To run the tests call PySys with -XmyPlatform='container'
12:01:51 INFO  
</system-out>
	</testcase>
<testcase classname="AptPluginFinalize" name="apt_finalize" />
</testsuite><testsuite name="apt_install" tests="2" errors="0" failures="0" skipped="1" time="0"><testcase classname="AptPluginInstallDense" name="apt_install">
		<skipped message="SKIPPED: Testing the apt plugin is not supported on this platform.To run the tests call PySys with -XmyPlatform='container'" />
		<system-out>12:01:51 INFO  ==============================================================
12:01:51 INFO  Id:    apt_install
12:01:51 INFO  Dir:   plugin_apt/
12:01:51 INFO  Title: Validate apt plugin prepare - dense version
12:01:51 INFO  ==============================================================
12:01:51 INFO  Testing the apt plugin is not supported on this platform.To run the tests call PySys with -XmyPlatform='container' ... skipped
12:01:51 WARN  Aborted test due to SKIPPED outcome
12:01:51 INFO  
12:01:51 INFO  Test duration: 0.03 secs
12:01:51 INFO  Test final outcome:  SKIPPED
12:01:51 INFO  Test outcome reason: Testing the apt plugin is not supported on this platform.To run the tests call PySys with -XmyPlatform='container'
12:01:51 INFO  
</system-out>
	</testcase>
<testcase classname="AptPluginInstallDense" name="apt_install" />
</testsuite><testsuite name="apt_install_fail" tests="2" errors="0" failures="0" skipped="1" time="0"><testcase classname="AptPluginInstallFail" name="apt_install_fail">
		<skipped message="SKIPPED: Testing the apt plugin is not supported on this platform.To run the tests call PySys with -XmyPlatform='container'" />
		<system-out>12:01:51 INFO  ==============================================================
12:01:51 INFO  Id:    apt_install_fail
12:01:51 INFO  Dir:   plugin_apt/
12:01:51 INFO  Title: Validate apt plugin prepare - failing
12:01:51 INFO  ==============================================================
12:01:51 INFO  Testing the apt plugin is not supported on this platform.To run the tests call PySys with -XmyPlatform='container' ... skipped
12:01:51 WARN  Aborted test due to SKIPPED outcome
12:01:51 INFO  
12:01:51 INFO  Test duration: 0.02 secs
12:01:51 INFO  Test final outcome:  SKIPPED
12:01:51 INFO  Test outcome reason: Testing the apt plugin is not supported on this platform.To run the tests call PySys with -XmyPlatform='container'
12:01:51 INFO  
</system-out>
	</testcase>
<testcase classname="AptPluginInstallFail" name="apt_install_fail" />
</testsuite><testsuite name="apt_install_local_file" tests="2" errors="0" failures="0" skipped="1" time="0"><testcase classname="AptPluginInstallFromLocalFile" name="apt_install_local_file">
		<skipped message="SKIPPED: Testing the apt plugin is not supported on this platform.To run the tests call PySys with -XmyPlatform='container'" />
		<system-out>12:01:52 INFO  ==============================================================
12:01:52 INFO  Id:    apt_install_local_file
12:01:52 INFO  Dir:   plugin_apt/
12:01:52 INFO  Title: Validate apt plugin install from local file - SUCCESS case
12:01:52 INFO  ==============================================================
12:01:52 INFO  Testing the apt plugin is not supported on this platform.To run the tests call PySys with -XmyPlatform='container' ... skipped
12:01:52 WARN  Aborted test due to SKIPPED outcome
12:01:52 INFO  
12:01:52 INFO  Test duration: 0.02 secs
12:01:52 INFO  Test final outcome:  SKIPPED
12:01:52 INFO  Test outcome reason: Testing the apt plugin is not supported on this platform.To run the tests call PySys with -XmyPlatform='container'
12:01:52 INFO  
</system-out>
	</testcase>
<testcase classname="AptPluginInstallFromLocalFile" name="apt_install_local_file" />
</testsuite><testsuite name="apt_install_local_file_fail" tests="2" errors="0" failures="0" skipped="1" time="0"><testcase classname="AptPluginInstallFromLocalFileFail" name="apt_install_local_file_fail">
		<skipped message="SKIPPED: Testing the apt plugin is not supported on this platform.To run the tests call PySys with -XmyPlatform='container'" />
		<system-out>12:01:52 INFO  ==============================================================
12:01:52 INFO  Id:    apt_install_local_file_fail
12:01:52 INFO  Dir:   plugin_apt/
12:01:52 INFO  Title: Validate apt plugin install from local file - FAIL case
12:01:52 INFO  ==============================================================
12:01:52 INFO  Testing the apt plugin is not supported on this platform.To run the tests call PySys with -XmyPlatform='container' ... skipped
12:01:52 WARN  Aborted test due to SKIPPED outcome
12:01:52 INFO  
12:01:52 INFO  Test duration: 0.02 secs
12:01:52 INFO  Test final outcome:  SKIPPED
12:01:52 INFO  Test outcome reason: Testing the apt plugin is not supported on this platform.To run the tests call PySys with -XmyPlatform='container'
12:01:52 INFO  
</system-out>
	</testcase>
<testcase classname="AptPluginInstallFromLocalFileFail" name="apt_install_local_file_fail" />
</testsuite><testsuite name="apt_install_local_file_with_version" tests="2" errors="0" failures="0" skipped="1" time="0"><testcase classname="AptPluginInstallFromLocalFileWithVersion" name="apt_install_local_file_with_version">
		<skipped message="SKIPPED: Testing the apt plugin is not supported on this platform.To run the tests call PySys with -XmyPlatform='container'" />
		<system-out>12:01:52 INFO  ==============================================================
12:01:52 INFO  Id:    apt_install_local_file_with_version
12:01:52 INFO  Dir:   plugin_apt/
12:01:52 INFO  Title: Validate apt plugin install from local file AND with a version - SUCCESS case
12:01:52 INFO  ==============================================================
12:01:52 INFO  Testing the apt plugin is not supported on this platform.To run the tests call PySys with -XmyPlatform='container' ... skipped
12:01:52 WARN  Aborted test due to SKIPPED outcome
12:01:52 INFO  
12:01:52 INFO  Test duration: 0.02 secs
12:01:52 INFO  Test final outcome:  SKIPPED
12:01:52 INFO  Test outcome reason: Testing the apt plugin is not supported on this platform.To run the tests call PySys with -XmyPlatform='container'
12:01:52 INFO  
</system-out>
	</testcase>
<testcase classname="AptPluginInstallFromLocalFileWithVersion" name="apt_install_local_file_with_version" />
</testsuite><testsuite name="apt_install_local_file_with_version_fail" tests="2" errors="0" failures="0" skipped="1" time="0"><testcase classname="AptPluginInstallFromLocalFileWithVersionFail" name="apt_install_local_file_with_version_fail">
		<skipped message="SKIPPED: Testing the apt plugin is not supported on this platform.To run the tests call PySys with -XmyPlatform='container'" />
		<system-out>12:01:52 INFO  ==============================================================
12:01:52 INFO  Id:    apt_install_local_file_with_version_fail
12:01:52 INFO  Dir:   plugin_apt/
12:01:52 INFO  Title: Validate apt plugin install from local file AND with a version - FAIL case
12:01:52 INFO  ==============================================================
12:01:52 INFO  Testing the apt plugin is not supported on this platform.To run the tests call PySys with -XmyPlatform='container' ... skipped
12:01:52 WARN  Aborted test due to SKIPPED outcome
12:01:52 INFO  
12:01:52 INFO  Test duration: 0.02 secs
12:01:52 INFO  Test final outcome:  SKIPPED
12:01:52 INFO  Test outcome reason: Testing the apt plugin is not supported on this platform.To run the tests call PySys with -XmyPlatform='container'
12:01:52 INFO  
</system-out>
	</testcase>
<testcase classname="AptPluginInstallFromLocalFileWithVersionFail" name="apt_install_local_file_with_version_fail" />
</testsuite><testsuite name="apt_list_format" tests="2" errors="0" failures="0" skipped="0" time="0"><testcase classname="AptPluginListFormat" name="apt_list_format" />
<testcase classname="AptPluginListFormat" name="apt_list_format" />
</testsuite><testsuite name="apt_prepare" tests="2" errors="0" failures="0" skipped="1" time="0"><testcase classname="AptPluginPrepare" name="apt_prepare">
		<skipped message="SKIPPED: Testing the apt plugin is not supported on this platform.To run the tests call PySys with -XmyPlatform='container'" />
		<system-out>12:01:55 INFO  ==============================================================
12:01:55 INFO  Id:    apt_prepare
12:01:55 INFO  Dir:   plugin_apt/
12:01:55 INFO  Title: Validate apt plugin install - dense version
12:01:55 INFO  ==============================================================
12:01:55 INFO  Testing the apt plugin is not supported on this platform.To run the tests call PySys with -XmyPlatform='container' ... skipped
12:01:55 WARN  Aborted test due to SKIPPED outcome
12:01:55 INFO  
12:01:55 INFO  Test duration: 0.02 secs
12:01:55 INFO  Test final outcome:  SKIPPED
12:01:55 INFO  Test outcome reason: Testing the apt plugin is not supported on this platform.To run the tests call PySys with -XmyPlatform='container'
12:01:55 INFO  
</system-out>
	</testcase>
<testcase classname="AptPluginPrepare" name="apt_prepare" />
</testsuite><testsuite name="apt_prepare_install_finalize" tests="2" errors="0" failures="0" skipped="1" time="0"><testcase classname="AptPluginPrepareInstallFinalize" name="apt_prepare_install_finalize">
		<skipped message="SKIPPED: Testing the apt plugin is not supported on this platform.To run the tests call PySys with -XmyPlatform='container'" />
		<system-out>12:01:55 INFO  ==============================================================
12:01:55 INFO  Id:    apt_prepare_install_finalize
12:01:55 INFO  Dir:   plugin_apt/
12:01:55 INFO  Title: Validate apt plugin install use case
12:01:55 INFO  ==============================================================
12:01:55 INFO  Testing the apt plugin is not supported on this platform.To run the tests call PySys with -XmyPlatform='container' ... skipped
12:01:55 WARN  Aborted test due to SKIPPED outcome
12:01:55 INFO  
12:01:55 INFO  Test duration: 0.02 secs
12:01:55 INFO  Test final outcome:  SKIPPED
12:01:55 INFO  Test outcome reason: Testing the apt plugin is not supported on this platform.To run the tests call PySys with -XmyPlatform='container'
12:01:55 INFO  
</system-out>
	</testcase>
<testcase classname="AptPluginPrepareInstallFinalize" name="apt_prepare_install_finalize" />
</testsuite><testsuite name="apt_remove" tests="2" errors="0" failures="0" skipped="1" time="0"><testcase classname="AptPluginRemoveDense" name="apt_remove">
		<skipped message="SKIPPED: Testing the apt plugin is not supported on this platform.To run the tests call PySys with -XmyPlatform='container'" />
		<system-out>12:01:55 INFO  ==============================================================
12:01:55 INFO  Id:    apt_remove
12:01:55 INFO  Dir:   plugin_apt/
12:01:55 INFO  Title: Validate apt plugin prepare - dense version
12:01:55 INFO  ==============================================================
12:01:55 INFO  Testing the apt plugin is not supported on this platform.To run the tests call PySys with -XmyPlatform='container' ... skipped
12:01:55 WARN  Aborted test due to SKIPPED outcome
12:01:55 INFO  
12:01:55 INFO  Test duration: 0.02 secs
12:01:55 INFO  Test final outcome:  SKIPPED
12:01:55 INFO  Test outcome reason: Testing the apt plugin is not supported on this platform.To run the tests call PySys with -XmyPlatform='container'
12:01:55 INFO  
</system-out>
	</testcase>
<testcase classname="AptPluginRemoveDense" name="apt_remove" />
</testsuite><testsuite name="apt_remove_fail" tests="2" errors="0" failures="0" skipped="1" time="0"><testcase classname="AptPluginRemoveFails" name="apt_remove_fail">
		<skipped message="SKIPPED: Testing the apt plugin is not supported on this platform.To run the tests call PySys with -XmyPlatform='container'" />
		<system-out>12:01:55 INFO  ==============================================================
12:01:55 INFO  Id:    apt_remove_fail
12:01:55 INFO  Dir:   plugin_apt/
12:01:55 INFO  Title: Validate apt plugin prepare - failing
12:01:55 INFO  ==============================================================
12:01:55 INFO  Testing the apt plugin is not supported on this platform.To run the tests call PySys with -XmyPlatform='container' ... skipped
12:01:55 WARN  Aborted test due to SKIPPED outcome
12:01:55 INFO  
12:01:55 INFO  Test duration: 0.02 secs
12:01:55 INFO  Test final outcome:  SKIPPED
12:01:55 INFO  Test outcome reason: Testing the apt plugin is not supported on this platform.To run the tests call PySys with -XmyPlatform='container'
12:01:55 INFO  
</system-out>
	</testcase>
<testcase classname="AptPluginRemoveFails" name="apt_remove_fail" />
</testsuite><testsuite name="apt_sequence_install_with_version" tests="2" errors="0" failures="0" skipped="1" time="0"><testcase classname="AptPluginPrepInstallWithVersionFinalize" name="apt_sequence_install_with_version">
		<skipped message="SKIPPED: Testing the apt plugin is not supported on this platform.To run the tests call PySys with -XmyPlatform='container'" />
		<system-out>12:01:55 INFO  ==============================================================
12:01:55 INFO  Id:    apt_sequence_install_with_version
12:01:55 INFO  Dir:   plugin_apt/
12:01:55 INFO  Title: Validate apt plugin install with version use case
12:01:55 INFO  ==============================================================
12:01:55 INFO  Testing the apt plugin is not supported on this platform.To run the tests call PySys with -XmyPlatform='container' ... skipped
12:01:55 WARN  Aborted test due to SKIPPED outcome
12:01:55 INFO  
12:01:55 INFO  Test duration: 0.02 secs
12:01:55 INFO  Test final outcome:  SKIPPED
12:01:55 INFO  Test outcome reason: Testing the apt plugin is not supported on this platform.To run the tests call PySys with -XmyPlatform='container'
12:01:55 INFO  
</system-out>
	</testcase>
<testcase classname="AptPluginPrepInstallWithVersionFinalize" name="apt_sequence_install_with_version" />
</testsuite><testsuite name="apt_sequence_install_with_version_fail" tests="2" errors="0" failures="0" skipped="1" time="0"><testcase classname="AptPluginInstallWithVersionFails" name="apt_sequence_install_with_version_fail">
		<skipped message="SKIPPED: Testing the apt plugin is not supported on this platform.To run the tests call PySys with -XmyPlatform='container'" />
		<system-out>12:01:55 INFO  ==============================================================
12:01:55 INFO  Id:    apt_sequence_install_with_version_fail
12:01:55 INFO  Dir:   plugin_apt/
12:01:55 INFO  Title: Validate apt plugin install with version fails use case
12:01:55 INFO  ==============================================================
12:01:55 INFO  Testing the apt plugin is not supported on this platform.To run the tests call PySys with -XmyPlatform='container' ... skipped
12:01:55 WARN  Aborted test due to SKIPPED outcome
12:01:55 INFO  
12:01:55 INFO  Test duration: 0.02 secs
12:01:55 INFO  Test final outcome:  SKIPPED
12:01:55 INFO  Test outcome reason: Testing the apt plugin is not supported on this platform.To run the tests call PySys with -XmyPlatform='container'
12:01:55 INFO  
</system-out>
	</testcase>
<testcase classname="AptPluginInstallWithVersionFails" name="apt_sequence_install_with_version_fail" />
</testsuite><testsuite name="apt_sequence_remove" tests="2" errors="0" failures="0" skipped="1" time="0"><testcase classname="AptPluginInstallPrepareRemoveFinalize" name="apt_sequence_remove">
		<skipped message="SKIPPED: Testing the apt plugin is not supported on this platform.To run the tests call PySys with -XmyPlatform='container'" />
		<system-out>12:01:55 INFO  ==============================================================
12:01:55 INFO  Id:    apt_sequence_remove
12:01:55 INFO  Dir:   plugin_apt/
12:01:55 INFO  Title: Validate apt plugin prepare install remove finalize use case
12:01:55 INFO  ==============================================================
12:01:55 INFO  Testing the apt plugin is not supported on this platform.To run the tests call PySys with -XmyPlatform='container' ... skipped
12:01:55 WARN  Aborted test due to SKIPPED outcome
12:01:55 INFO  
12:01:55 INFO  Test duration: 0.02 secs
12:01:55 INFO  Test final outcome:  SKIPPED
12:01:55 INFO  Test outcome reason: Testing the apt plugin is not supported on this platform.To run the tests call PySys with -XmyPlatform='container'
12:01:55 INFO  
</system-out>
	</testcase>
<testcase classname="AptPluginInstallPrepareRemoveFinalize" name="apt_sequence_remove" />
</testsuite><testsuite name="apt_sequence_remove_with_version" tests="2" errors="0" failures="0" skipped="1" time="0"><testcase classname="AptPluginRemoveWithVersion" name="apt_sequence_remove_with_version">
		<skipped message="SKIPPED: Testing the apt plugin is not supported on this platform.To run the tests call PySys with -XmyPlatform='container'" />
		<system-out>12:01:55 INFO  ==============================================================
12:01:55 INFO  Id:    apt_sequence_remove_with_version
12:01:55 INFO  Dir:   plugin_apt/
12:01:55 INFO  Title: Validate apt plugin remove with version use case
12:01:55 INFO  ==============================================================
12:01:55 INFO  Testing the apt plugin is not supported on this platform.To run the tests call PySys with -XmyPlatform='container' ... skipped
12:01:55 WARN  Aborted test due to SKIPPED outcome
12:01:55 INFO  
12:01:55 INFO  Test duration: 0.02 secs
12:01:55 INFO  Test final outcome:  SKIPPED
12:01:55 INFO  Test outcome reason: Testing the apt plugin is not supported on this platform.To run the tests call PySys with -XmyPlatform='container'
12:01:55 INFO  
</system-out>
	</testcase>
<testcase classname="AptPluginRemoveWithVersion" name="apt_sequence_remove_with_version" />
</testsuite><testsuite name="apt_sequence_remove_with_version_fail" tests="2" errors="0" failures="0" skipped="1" time="0"><testcase classname="AptPluginRemoveWithVersionFails" name="apt_sequence_remove_with_version_fail">
		<skipped message="SKIPPED: Testing the apt plugin is not supported on this platform.To run the tests call PySys with -XmyPlatform='container'" />
		<system-out>12:01:55 INFO  ==============================================================
12:01:55 INFO  Id:    apt_sequence_remove_with_version_fail
12:01:55 INFO  Dir:   plugin_apt/
12:01:55 INFO  Title: Validate apt plugin remove with version fails when the version not found
12:01:55 INFO  ==============================================================
12:01:55 INFO  Testing the apt plugin is not supported on this platform.To run the tests call PySys with -XmyPlatform='container' ... skipped
12:01:55 WARN  Aborted test due to SKIPPED outcome
12:01:55 INFO  
12:01:55 INFO  Test duration: 0.02 secs
12:01:55 INFO  Test final outcome:  SKIPPED
12:01:55 INFO  Test outcome reason: Testing the apt plugin is not supported on this platform.To run the tests call PySys with -XmyPlatform='container'
12:01:55 INFO  
</system-out>
	</testcase>
<testcase classname="AptPluginRemoveWithVersionFails" name="apt_sequence_remove_with_version_fail" />
</testsuite><testsuite name="apt_update_list" tests="2" errors="0" failures="0" skipped="1" time="0"><testcase classname="AptPluginUpdateList" name="apt_update_list">
		<skipped message="SKIPPED: Testing the apt plugin is not supported on this platform.To run the tests call PySys with -XmyPlatform='container'" />
		<system-out>12:01:55 INFO  ==============================================================
12:01:55 INFO  Id:    apt_update_list
12:01:55 INFO  Dir:   plugin_apt/
12:01:55 INFO  Title: Validate apt plugin update-list command use case
12:01:55 INFO  ==============================================================
12:01:55 INFO  Testing the apt plugin is not supported on this platform.To run the tests call PySys with -XmyPlatform='container' ... skipped
12:01:55 WARN  Aborted test due to SKIPPED outcome
12:01:55 INFO  
12:01:55 INFO  Test duration: 0.02 secs
12:01:55 INFO  Test final outcome:  SKIPPED
12:01:55 INFO  Test outcome reason: Testing the apt plugin is not supported on this platform.To run the tests call PySys with -XmyPlatform='container'
12:01:55 INFO  
</system-out>
	</testcase>
<testcase classname="AptPluginUpdateList" name="apt_update_list" />
</testsuite><testsuite name="apt_wrong_option" tests="2" errors="0" failures="0" skipped="1" time="0"><testcase classname="AptPluginWrongOption" name="apt_wrong_option">
		<skipped message="SKIPPED: Testing the apt plugin is not supported on this platform.To run the tests call PySys with -XmyPlatform='container'" />
		<system-out>12:01:56 INFO  ==============================================================
12:01:56 INFO  Id:    apt_wrong_option
12:01:56 INFO  Dir:   plugin_apt/
12:01:56 INFO  Title: Validate apt plugin install
12:01:56 INFO  ==============================================================
12:01:56 INFO  Testing the apt plugin is not supported on this platform.To run the tests call PySys with -XmyPlatform='container' ... skipped
12:01:56 WARN  Aborted test due to SKIPPED outcome
12:01:56 INFO  
12:01:56 INFO  Test duration: 0.02 secs
12:01:56 INFO  Test final outcome:  SKIPPED
12:01:56 INFO  Test outcome reason: Testing the apt plugin is not supported on this platform.To run the tests call PySys with -XmyPlatform='container'
12:01:56 INFO  
</system-out>
	</testcase>
<testcase classname="AptPluginWrongOption" name="apt_wrong_option" />
</testsuite><testsuite name="c8y_jwt_token_retrieval" tests="1" errors="0" failures="1" skipped="0" time="0"><testcase classname="ValidateJWTTokenRetrieval" name="c8y_jwt_token_retrieval">
		<failure message="FAILED: Grep on resp_jwt.out contains &quot;\[c8y/s/dat\] 71,&quot;" type="FAILED" />
		<system-out>11:58:09 INFO  ==============================================================
11:58:09 INFO  Id:    c8y_jwt_token_retrieval
11:58:09 INFO  Dir:   cloud_c8y/
11:58:09 INFO  Title: Validate the Cumulocity JWT Token Retrieval feature
11:58:09 INFO  ==============================================================
11:58:10 INFO  Executed sudo&lt;tedge_disconnect_c8y&gt;, exit status 0
11:58:25 INFO  Executed sudo&lt;tedge_connect_c8y&gt;, exit status 0, duration 14 secs
11:58:25 INFO  Started sudo&lt;resp_jwt&gt; with process id 11403
11:58:27 INFO  Executed sudo&lt;req_jwt&gt;, exit status 0
11:58:29 INFO  Executed sudo&lt;kill_out&gt;, exit status 0
11:58:29 WARN  Grep on resp_jwt.out contains "\[c8y/s/dat\] 71," ... failed [run.py:60]
11:58:29 INFO  
11:58:29 INFO  cleanup:
11:58:33 INFO  Executed sudo&lt;tedge_disconnect_c8y&gt;, exit status 0
11:58:33 INFO  
11:58:33 INFO  Test duration: 23.83 secs
11:58:33 INFO  Test final outcome:  FAILED
11:58:33 INFO  Test outcome reason: Grep on resp_jwt.out contains "\[c8y/s/dat\] 71,"
11:58:33 INFO  
</system-out>
	</testcase>
</testsuite><testsuite name="c8y_restart_bridge" tests="1" errors="0" failures="0" skipped="0" time="0"><testcase classname="RestartBridge" name="c8y_restart_bridge" />
</testsuite><testsuite name="call_tedge_-V" tests="1" errors="0" failures="0" skipped="0" time="0"><testcase classname="PySysTest" name="call_tedge_-V" />
</testsuite><testsuite name="call_tedge_-h" tests="1" errors="0" failures="0" skipped="0" time="0"><testcase classname="PySysTest" name="call_tedge_-h" />
</testsuite><testsuite name="call_tedge_-h_-V" tests="1" errors="0" failures="0" skipped="0" time="0"><testcase classname="PySysTest" name="call_tedge_-h_-V" />
</testsuite><testsuite name="call_tedge_config_help" tests="1" errors="0" failures="0" skipped="0" time="0"><testcase classname="PySysTest" name="call_tedge_config_help" />
</testsuite><testsuite name="call_tedge_config_list" tests="1" errors="0" failures="0" skipped="0" time="0"><testcase classname="PySysTest" name="call_tedge_config_list" />
</testsuite><testsuite name="custom_init_system" tests="1" errors="0" failures="0" skipped="0" time="0"><testcase classname="CustomInitSystem" name="custom_init_system" />
</testsuite><testsuite name="docker_plugin_finalize" tests="2" errors="0" failures="0" skipped="1" time="0"><testcase classname="DockerPluginFinalizeTest" name="docker_plugin_finalize">
		<skipped message="SKIPPED: Testing the docker plugin is not supported on this platform.To run it, all the test with -XmyPlatform='container'" />
		<system-out>12:01:56 INFO  ==============================================================
12:01:56 INFO  Id:    docker_plugin_finalize
12:01:56 INFO  Dir:   plugin_docker/
12:01:56 INFO  Title: Validate docker plugin finalize command
12:01:56 INFO  ==============================================================
12:01:56 INFO  Testing the docker plugin is not supported on this platform.To run it, all the test with -XmyPlatform='container' ... skipped
12:01:56 WARN  Aborted test due to SKIPPED outcome
12:01:56 INFO  
12:01:56 INFO  Test duration: 0.05 secs
12:01:56 INFO  Test final outcome:  SKIPPED
12:01:56 INFO  Test outcome reason: Testing the docker plugin is not supported on this platform.To run it, all the test with -XmyPlatform='container'
12:01:56 INFO  
</system-out>
	</testcase>
<testcase classname="DockerPluginFinalizeTest" name="docker_plugin_finalize" />
</testsuite><testsuite name="docker_plugin_install" tests="2" errors="0" failures="0" skipped="1" time="0"><testcase classname="DockerPluginInstallTest" name="docker_plugin_install">
		<skipped message="SKIPPED: Testing the docker plugin is not supported on this platform.To run it, all the test with -XmyPlatform='container'" />
		<system-out>12:01:56 INFO  ==============================================================
12:01:56 INFO  Id:    docker_plugin_install
12:01:56 INFO  Dir:   plugin_docker/
12:01:56 INFO  Title: Validate docker plugin install
12:01:56 INFO  ==============================================================
12:01:56 INFO  Testing the docker plugin is not supported on this platform.To run it, all the test with -XmyPlatform='container' ... skipped
12:01:56 WARN  Aborted test due to SKIPPED outcome
12:01:56 INFO  
12:01:56 INFO  Test duration: 0.02 secs
12:01:56 INFO  Test final outcome:  SKIPPED
12:01:56 INFO  Test outcome reason: Testing the docker plugin is not supported on this platform.To run it, all the test with -XmyPlatform='container'
12:01:56 INFO  
</system-out>
	</testcase>
<testcase classname="DockerPluginInstallTest" name="docker_plugin_install" />
</testsuite><testsuite name="docker_plugin_install_with_version" tests="2" errors="0" failures="0" skipped="1" time="0"><testcase classname="DockerPluginInstallWithVersionTest" name="docker_plugin_install_with_version">
		<skipped message="SKIPPED: Testing the docker plugin is not supported on this platform.To run it, all the test with -XmyPlatform='container'" />
		<system-out>12:01:56 INFO  ==============================================================
12:01:56 INFO  Id:    docker_plugin_install_with_version
12:01:56 INFO  Dir:   plugin_docker/
12:01:56 INFO  Title: Validate docker plugin install
12:01:56 INFO  ==============================================================
12:01:56 INFO  Testing the docker plugin is not supported on this platform.To run it, all the test with -XmyPlatform='container' ... skipped
12:01:56 WARN  Aborted test due to SKIPPED outcome
12:01:56 INFO  
12:01:56 INFO  Test duration: 0.02 secs
12:01:56 INFO  Test final outcome:  SKIPPED
12:01:56 INFO  Test outcome reason: Testing the docker plugin is not supported on this platform.To run it, all the test with -XmyPlatform='container'
12:01:56 INFO  
</system-out>
	</testcase>
<testcase classname="DockerPluginInstallWithVersionTest" name="docker_plugin_install_with_version" />
</testsuite><testsuite name="docker_plugin_remove" tests="2" errors="0" failures="0" skipped="1" time="0"><testcase classname="DockerPluginRemoveTest" name="docker_plugin_remove">
		<skipped message="SKIPPED: Testing the docker plugin is not supported on this platform.To run it, all the test with -XmyPlatform='container'" />
		<system-out>12:01:56 INFO  ==============================================================
12:01:56 INFO  Id:    docker_plugin_remove
12:01:56 INFO  Dir:   plugin_docker/
12:01:56 INFO  Title: Validate docker plugin remove
12:01:56 INFO  ==============================================================
12:01:56 INFO  Testing the docker plugin is not supported on this platform.To run it, all the test with -XmyPlatform='container' ... skipped
12:01:56 WARN  Aborted test due to SKIPPED outcome
12:01:56 INFO  
12:01:56 INFO  Test duration: 0.02 secs
12:01:56 INFO  Test final outcome:  SKIPPED
12:01:56 INFO  Test outcome reason: Testing the docker plugin is not supported on this platform.To run it, all the test with -XmyPlatform='container'
12:01:56 INFO  
</system-out>
	</testcase>
<testcase classname="DockerPluginRemoveTest" name="docker_plugin_remove" />
</testsuite><testsuite name="docker_plugin_remove_with_version" tests="2" errors="0" failures="0" skipped="1" time="0"><testcase classname="DockerPluginRemoveWithVersionTest" name="docker_plugin_remove_with_version">
		<skipped message="SKIPPED: Testing the docker plugin is not supported on this platform.To run it, all the test with -XmyPlatform='container'" />
		<system-out>12:01:56 INFO  ==============================================================
12:01:56 INFO  Id:    docker_plugin_remove_with_version
12:01:56 INFO  Dir:   plugin_docker/
12:01:56 INFO  Title: Validate docker plugin remove with version
12:01:56 INFO  ==============================================================
12:01:56 INFO  Testing the docker plugin is not supported on this platform.To run it, all the test with -XmyPlatform='container' ... skipped
12:01:56 WARN  Aborted test due to SKIPPED outcome
12:01:56 INFO  
12:01:56 INFO  Test duration: 0.02 secs
12:01:56 INFO  Test final outcome:  SKIPPED
12:01:56 INFO  Test outcome reason: Testing the docker plugin is not supported on this platform.To run it, all the test with -XmyPlatform='container'
12:01:56 INFO  
</system-out>
	</testcase>
<testcase classname="DockerPluginRemoveWithVersionTest" name="docker_plugin_remove_with_version" />
</testsuite><testsuite name="docker_plugin_update" tests="2" errors="0" failures="0" skipped="1" time="0"><testcase classname="DockerPluginUpdateTest" name="docker_plugin_update">
		<skipped message="SKIPPED: Testing the docker plugin is not supported on this platform.To run it, all the test with -XmyPlatform='container'" />
		<system-out>12:01:56 INFO  ==============================================================
12:01:56 INFO  Id:    docker_plugin_update
12:01:56 INFO  Dir:   plugin_docker/
12:01:56 INFO  Title: Validate docker plugin install updates existing containers
12:01:56 INFO  ==============================================================
12:01:56 INFO  Testing the docker plugin is not supported on this platform.To run it, all the test with -XmyPlatform='container' ... skipped
12:01:56 WARN  Aborted test due to SKIPPED outcome
12:01:56 INFO  
12:01:56 INFO  Test duration: 0.02 secs
12:01:56 INFO  Test final outcome:  SKIPPED
12:01:56 INFO  Test outcome reason: Testing the docker plugin is not supported on this platform.To run it, all the test with -XmyPlatform='container'
12:01:56 INFO  
</system-out>
	</testcase>
<testcase classname="DockerPluginUpdateTest" name="docker_plugin_update" />
</testsuite><testsuite name="invalid_device_id" tests="1" errors="0" failures="0" skipped="0" time="0"><testcase classname="InvalidDeviceId" name="invalid_device_id" />
</testsuite><testsuite name="local_mqtt_pub_fail_noqos" tests="1" errors="0" failures="0" skipped="0" time="0"><testcase classname="PySysTest" name="local_mqtt_pub_fail_noqos" />
</testsuite><testsuite name="local_mqtt_pub_fail_qos0" tests="1" errors="0" failures="0" skipped="0" time="0"><testcase classname="PySysTest" name="local_mqtt_pub_fail_qos0" />
</testsuite><testsuite name="local_mqtt_pub_fail_qos1" tests="1" errors="0" failures="0" skipped="0" time="0"><testcase classname="PySysTest" name="local_mqtt_pub_fail_qos1" />
</testsuite><testsuite name="local_mqtt_pub_fail_qos2" tests="1" errors="0" failures="0" skipped="0" time="0"><testcase classname="PySysTest" name="local_mqtt_pub_fail_qos2" />
</testsuite><testsuite name="local_mqtt_pub_sub" tests="1" errors="0" failures="0" skipped="0" time="0"><testcase classname="PySysTest" name="local_mqtt_pub_sub" />
</testsuite><testsuite name="local_mqtt_pub_sub_retain" tests="1" errors="0" failures="0" skipped="0" time="0"><testcase classname="MqttPublishWithRetain" name="local_mqtt_pub_sub_retain" />
</testsuite><testsuite name="local_mqtt_pub_sub_with_sudo" tests="1" errors="0" failures="0" skipped="0" time="0"><testcase classname="PySysTest" name="local_mqtt_pub_sub_with_sudo" />
</testsuite><testsuite name="local_mqtt_sub_fail" tests="1" errors="0" failures="0" skipped="0" time="0"><testcase classname="PySysTest" name="local_mqtt_sub_fail" />
</testsuite><testsuite name="log_request_error_messages" tests="1" errors="0" failures="0" skipped="0" time="0"><testcase classname="LogRequestVerifySearchTextError" name="log_request_error_messages" />
</testsuite><testsuite name="log_request_num_lines" tests="1" errors="0" failures="0" skipped="0" time="0"><testcase classname="LogRequestVerifyNumberOfLines" name="log_request_num_lines" />
</testsuite><testsuite name="mapper_awaits_before_reconnect" tests="1" errors="0" failures="1" skipped="0" time="0"><testcase classname="MapperReconnectAwait" name="mapper_awaits_before_reconnect">
		<failure message="FAILED: Line count on tedge_mapper_journal.out for &quot;::mapper: MQTT connection error:&quot; expected &gt;=2 but got 0" type="FAILED" />
		<system-out>12:16:06 INFO  ==============================================================
12:16:06 INFO  Id:    mapper_awaits_before_reconnect
12:16:06 INFO  Dir:   tedge_mapper_c8y/
12:16:06 INFO  Title: Validate mapper doesn't reconnect too often
12:16:06 INFO  ==============================================================
12:16:06 INFO  Started mosquitto_sub with process id 17384
12:16:06 INFO  Waiting for 0.1 seconds
12:16:07 INFO  Executed sudo&lt;tedge_mapper&gt;, exit status 0
12:16:07 INFO  Waiting for 5.0 seconds
12:16:12 INFO  Executed sudo&lt;tedge_mapper&gt;, exit status 0
12:16:13 INFO  Executed sudo&lt;tedge_mapper_journal&gt;, exit status 0
12:16:13 WARN  Grep on tedge_mapper_journal.out contains "ERROR" ... failed [run.py:67]
12:16:13 INFO  Line count on file tedge_mapper_journal.out ... passed
12:16:13 WARN  Line count on tedge_mapper_journal.out for "::mapper: MQTT connection error:" expected &gt;=2 but got 0 ... failed [run.py:78]
12:16:13 WARN  Aborted test due to FAILED outcome
12:16:14 INFO  
12:16:14 INFO  Test duration: 7.47 secs
12:16:14 INFO  Test final outcome:  FAILED
12:16:14 INFO  Test outcome reason: Line count on tedge_mapper_journal.out for "::mapper: MQTT connection error:" expected &gt;=2 but got 0
12:16:14 INFO  
</system-out>
	</testcase>
</testsuite><testsuite name="monitoring_smaller_interval" tests="1" errors="0" failures="1" skipped="0" time="0"><testcase classname="MonitoringSmallInterval" name="monitoring_smaller_interval">
		<failure message="BLOCKED: TypeError: 'int' object is not subscriptable" type="BLOCKED" />
		<system-out>12:01:31 INFO  ==============================================================
12:01:31 INFO  Id:    monitoring_smaller_interval
12:01:31 INFO  Dir:   monitoring/
12:01:31 INFO  Title: Validate the tedge dm agent messages that are produced with smaller sampling interval than the batching window. Here the simulated collectd messages are used
12:01:31 INFO  ==============================================================
12:01:32 INFO  Executed sudo&lt;collectd&gt;, exit status 0
12:01:32 INFO  Executed sudo&lt;collectd_mapper&gt;, exit status 0
12:01:32 INFO  Started sudo&lt;tedge_sub&gt; with process id 12307
12:01:33 INFO  Executed sudo&lt;tedge_temp&gt;, exit status 0
12:01:34 INFO  Executed sudo&lt;tedge_pres&gt;, exit status 0
12:01:34 INFO  Executed sudo&lt;tedge_temp&gt;, exit status 0
12:01:35 INFO  Executed sudo&lt;tedge_pres&gt;, exit status 0
12:01:35 INFO  Executed sudo&lt;tedge_temp&gt;, exit status 0
12:01:36 INFO  Executed sudo&lt;tedge_pres&gt;, exit status 0
12:01:37 INFO  Executed sudo&lt;tedge_temp&gt;, exit status 0
12:01:37 INFO  Executed sudo&lt;tedge_pres&gt;, exit status 0
12:01:38 INFO  Executed sudo&lt;tedge_temp&gt;, exit status 0
12:01:38 INFO  Executed sudo&lt;tedge_pres&gt;, exit status 0
12:01:39 INFO  Executed sudo&lt;tedge_temp&gt;, exit status 0
12:01:39 INFO  Executed sudo&lt;tedge_pres&gt;, exit status 0
12:01:40 INFO  Executed sudo&lt;tedge_temp&gt;, exit status 0
12:01:41 INFO  Executed sudo&lt;tedge_pres&gt;, exit status 0
12:01:41 INFO  Executed sudo&lt;tedge_temp&gt;, exit status 0
12:01:42 INFO  Executed sudo&lt;tedge_pres&gt;, exit status 0
12:01:42 INFO  Executed sudo&lt;tedge_temp&gt;, exit status 0
12:01:43 INFO  Executed sudo&lt;tedge_pres&gt;, exit status 0
12:01:44 INFO  Executed sudo&lt;tedge_temp&gt;, exit status 0
12:01:44 INFO  Executed sudo&lt;tedge_pres&gt;, exit status 0
12:01:46 INFO  Executed sudo&lt;kill_out&gt;, exit status 0
12:01:46 INFO  0

12:01:46 WARN  TypeError occurred while running test - 'int' object is not subscriptable
Traceback (most recent call last):
  File "/home/pi/env-pysys/lib/python3.7/site-packages/pysys/baserunner.py", line 1296, in __call__
    self.testObj.validate()
  File "/home/pi/actions-runner/_work/thin-edge.io/thin-edge.io/tests/PySys/monitoring/monitoring_smaller_interval/run.py", line 104, in validate
    collectd_msg_validation_result=self.validate_json(),
  File "/home/pi/actions-runner/_work/thin-edge.io/thin-edge.io/tests/PySys/monitoring/monitoring_smaller_interval/run.py", line 114, in validate_json
    if not self.validate_time():
  File "/home/pi/actions-runner/_work/thin-edge.io/thin-edge.io/tests/PySys/monitoring/monitoring_smaller_interval/run.py", line 134, in validate_time
    if self.js_msg["time"]:
TypeError: 'int' object is not subscriptable
12:01:46 WARN  TypeError: 'int' object is not subscriptable ... blocked 
12:01:46 INFO  
12:01:46 INFO  cleanup:
12:01:46 INFO  monitoring_cleanup
12:01:46 INFO  Executed sudo&lt;collectd_mapper&gt;, exit status 0
12:01:46 INFO  
12:01:46 INFO  Test duration: 15.16 secs
12:01:46 INFO  Test final outcome:  BLOCKED
12:01:46 INFO  Test outcome reason: TypeError: 'int' object is not subscriptable
12:01:46 INFO  
</system-out>
	</testcase>
</testsuite><testsuite name="monitoring_with_collectd" tests="1" errors="0" failures="0" skipped="1" time="0"><testcase classname="MonitoringWithCollectd" name="monitoring_with_collectd">
		<skipped message="SKIPPED: Test execution disabled due to #792 (instable)" />
		<system-out>12:01:46 INFO  ==============================================================
12:01:46 INFO  Id:    monitoring_with_collectd
12:01:46 INFO  Dir:   monitoring/
12:01:46 INFO  Title: Validate tedge dm agent messages that are produced by batching the collectd messages
12:01:46 INFO  ==============================================================
12:01:46 INFO  Test execution disabled due to #792 (instable) ... skipped
12:01:46 INFO  
12:01:46 INFO  Test duration: 0.02 secs
12:01:46 INFO  Test final outcome:  SKIPPED
12:01:46 INFO  Test outcome reason: Test execution disabled due to #792 (instable)
12:01:46 INFO  
</system-out>
	</testcase>
</testsuite><testsuite name="monitoring_with_simulated_messages" tests="1" errors="0" failures="1" skipped="0" time="0"><testcase classname="MonitoringWithSimulatedMessages" name="monitoring_with_simulated_messages">
		<failure message="BLOCKED: TypeError: 'int' object is not subscriptable" type="BLOCKED" />
		<system-out>12:01:46 INFO  ==============================================================
12:01:46 INFO  Id:    monitoring_with_simulated_messages
12:01:46 INFO  Dir:   monitoring/
12:01:46 INFO  Title: Validate the tedge dm agent messages that are produced from the simulated collectd messages
12:01:46 INFO  ==============================================================
12:01:47 INFO  Executed sudo&lt;collectd&gt;, exit status 0
12:01:48 INFO  Executed sudo&lt;collectd_mapper&gt;, exit status 0
12:01:48 INFO  Started sudo&lt;tedge_sub&gt; with process id 12367
12:01:48 INFO  Executed sudo&lt;tedge_temp&gt;, exit status 0
12:01:49 INFO  Executed sudo&lt;tedge_pres&gt;, exit status 0
12:01:50 INFO  Executed sudo&lt;kill_out&gt;, exit status 0
12:01:50 INFO  0

12:01:50 WARN  TypeError occurred while running test - 'int' object is not subscriptable
Traceback (most recent call last):
  File "/home/pi/env-pysys/lib/python3.7/site-packages/pysys/baserunner.py", line 1296, in __call__
    self.testObj.validate()
  File "/home/pi/actions-runner/_work/thin-edge.io/thin-edge.io/tests/PySys/monitoring/monitoring_with_simulated_messages/run.py", line 98, in validate
    collectd_msg_validation_result=self.validate_json(),
  File "/home/pi/actions-runner/_work/thin-edge.io/thin-edge.io/tests/PySys/monitoring/monitoring_with_simulated_messages/run.py", line 108, in validate_json
    if not self.validate_time():
  File "/home/pi/actions-runner/_work/thin-edge.io/thin-edge.io/tests/PySys/monitoring/monitoring_with_simulated_messages/run.py", line 127, in validate_time
    if self.js_msg["time"]:
TypeError: 'int' object is not subscriptable
12:01:50 WARN  TypeError: 'int' object is not subscriptable ... blocked 
12:01:50 INFO  
12:01:50 INFO  cleanup:
12:01:50 INFO  monitoring_cleanup
12:01:51 INFO  Executed sudo&lt;collectd_mapper&gt;, exit status 0
12:01:51 INFO  
12:01:51 INFO  Test duration: 4.42 secs
12:01:51 INFO  Test final outcome:  BLOCKED
12:01:51 INFO  Test outcome reason: TypeError: 'int' object is not subscriptable
12:01:51 INFO  
</system-out>
	</testcase>
</testsuite><testsuite name="mqtt_port_change_connection_fails" tests="1" errors="0" failures="0" skipped="0" time="0"><testcase classname="MqttPortChangeConnectionFails" name="mqtt_port_change_connection_fails" />
</testsuite><testsuite name="mqtt_port_change_connection_works" tests="1" errors="0" failures="0" skipped="1" time="0"><testcase classname="MqttPortChangeConnectionWorks" name="mqtt_port_change_connection_works">
		<skipped message="SKIPPED: failing intermitently" />
		<system-out>12:00:37 INFO  ==============================================================
12:00:37 INFO  Id:    mqtt_port_change_connection_works
12:00:37 INFO  Dir:   misc_features/
12:00:37 INFO  Title: mqtt port change connection works for all the thin-edge services that use the mosquitto broker
12:00:37 INFO  ==============================================================
12:00:37 INFO  failing intermitently ... skipped
12:00:37 INFO  
12:00:37 INFO  Test duration: 0.06 secs
12:00:37 INFO  Test final outcome:  SKIPPED
12:00:37 INFO  Test outcome reason: failing intermitently
12:00:37 INFO  
</system-out>
	</testcase>
</testsuite><testsuite name="mqtt_port_set" tests="1" errors="0" failures="0" skipped="0" time="0"><testcase classname="MqttPortSet" name="mqtt_port_set" />
</testsuite><testsuite name="mqtt_port_unset" tests="1" errors="0" failures="0" skipped="0" time="0"><testcase classname="MqttPortUnSet" name="mqtt_port_unset" />
</testsuite><testsuite name="publish_flux" tests="1" errors="0" failures="0" skipped="0" time="0"><testcase classname="PublishFlux" name="publish_flux" />
</testsuite><testsuite name="publish_sawmill" tests="1" errors="0" failures="0" skipped="0" time="0"><testcase classname="PublishSawmill" name="publish_sawmill" />
</testsuite><testsuite name="runtime_start_two_mappers" tests="1" errors="0" failures="1" skipped="0" time="0"><testcase classname="RuntimeMultiMappers" name="runtime_start_two_mappers">
		<failure message="FAILED: Grep on tedge_mapper2.err contains &quot;Error: Couldn't acquire file lock.&quot;" type="FAILED" />
		<system-out>12:16:14 INFO  ==============================================================
12:16:14 INFO  Id:    runtime_start_two_mappers
12:16:14 INFO  Dir:   tedge_mapper_c8y/
12:16:14 INFO  Title: Validate two mappers can't be started at the same time
12:16:14 INFO  ==============================================================
12:16:14 INFO  Executed sudo&lt;tedge_mapper1&gt;, exit status 0
12:16:14 INFO  Waiting for 0.1 seconds
12:16:15 INFO  Executed sudo&lt;tedge_mapper2&gt;, exit status 1
12:16:15 INFO  Executed sudo&lt;tedge_mapper1&gt;, exit status 0
12:16:15 WARN  Grep on tedge_mapper2.err contains "Error: Couldn't acquire file lock." ... failed [run.py:46]
12:16:15 INFO  
12:16:15 INFO  Test duration: 1.75 secs
12:16:15 INFO  Test final outcome:  FAILED
12:16:15 INFO  Test outcome reason: Grep on tedge_mapper2.err contains "Error: Couldn't acquire file lock."
12:16:15 INFO  
</system-out>
	</testcase>
</testsuite><testsuite name="sm_tedge_mapper_init_session" tests="1" errors="0" failures="0" skipped="0" time="0"><testcase classname="TedgeSMMapperInitSession" name="sm_tedge_mapper_init_session" />
</testsuite><testsuite name="smoketest_json" tests="1" errors="0" failures="0" skipped="0" time="0"><testcase classname="SmokeTestJson" name="smoketest_json" />
</testsuite><testsuite name="smoketest_json_400_samples_10ms" tests="1" errors="0" failures="0" skipped="0" time="0"><testcase classname="SmoketestJson400Samples10ms" name="smoketest_json_400_samples_10ms" />
</testsuite><testsuite name="smoketest_json_400_samples_20ms" tests="1" errors="0" failures="0" skipped="0" time="0"><testcase classname="SmoketestJson400Samples20ms" name="smoketest_json_400_samples_20ms" />
</testsuite><testsuite name="smoketest_smartrest" tests="1" errors="0" failures="0" skipped="0" time="0"><testcase classname="SmoketestSmartRest" name="smoketest_smartrest" />
</testsuite><testsuite name="smoketest_smartrest_400_samples_1Xms" tests="1" errors="0" failures="1" skipped="0" time="0"><testcase classname="SmoketestSmartRest400Samples1Xms" name="smoketest_smartrest_400_samples_1Xms">
		<failure message="BLOCKED: python3&lt;stdout&gt; returned non-zero exit code 1" type="BLOCKED" />
		<system-out>12:07:56 INFO  ==============================================================
12:07:56 INFO  Id:    smoketest_smartrest_400_samples_1Xms
12:07:56 INFO  Dir:   smoketests/
12:07:56 INFO  Title: Smoketest Smart Rest 400 Samples 1Xms Delay
12:07:56 INFO  ==============================================================
12:07:56 INFO  EnvironmentC8y Setup
12:07:56 INFO  Executed systemctl&lt;serv_mapper1&gt;, exit status 3
12:07:56 INFO  Restarting mosquitto too frequently in the last 10 seconds. It was only up for 5 seconds
12:07:56 INFO  Delaying execution by 6 seconds
12:08:16 INFO  Executed sudo&lt;tedge_connect_c8y&gt;, exit status 0, duration 13 secs
12:08:17 INFO  Executed sudo&lt;tedge_connect_c8y_test&gt;, exit status 0
12:08:17 INFO  Executed systemctl&lt;serv_mosq2&gt;, exit status 0
12:08:18 INFO  Executed systemctl&lt;serv_mapper3&gt;, exit status 0
12:10:26 WARN  Executed python3&lt;stdout&gt;, exit status 1, duration 68 secs
12:10:26 INFO  Contents of stdout.out: 
     40    41    42    43    44    45    46    47    48    49    50    51    52    53    54    55    56    57    58    59
     60    61    62    63    64    65    66    67    68    69    70    71    72    73    74    75    76    77    78    79
     80    81    82    83    84    85    86    87    88    89    90    91    92    93    94    95    96    97    98    99
    100   101   102   103   104   105   106   107   108   109   110   111   112   113   114   115   116   117   118   119
    120   121   122   123   124   125   126   127   128   129   130   131   132   133   134   135   136   137   138   139
    140   141   142   143   144   145   146   147   148   149   150   151   152   153   154   155   156   157   158   159
    160   161   162   163   164   165   166   167   168   169   170   171   172   173   174   175   176   177   178   179
    180   181   182   183   184   185   186   187   188   189   190   191   192   193   194   195   196   197   198   199
    200   201   202   203   204   205   206   207   208   209   210   211   212   213   214   215   216   217   218   219
    220   221   222   223   224   225   226   227   228   229   230   231   232   233   234   235   236   237   238   239
    240   241   242   243   244   245   246   247   248   249   250   251   252   253   254   255   256   257   258   259
    260   261   262   263   264   265   266   267   268   269   270   271   272   273   274   275   276   277   278   279
    280   281   282   283   284   285   286   287   288   289   290   291   292   293   294   295   296   297   298   299
    300   301   302   303   304   305   306   307   308   309   310   311   312   313   314   315   316   317   318   319
    320   321   322   323   324   325   326   327   328   329   330   331   332   333   334   335   336   337   338   339
    340   341   342   343   344   345   346   347   348   349   350   351   352   353   354   355   356   357   358   359
    360   361   362   363   364   365   366   367   368   369   370   371   372   373   374   375   376   377   378   379
    380   381   382   383   384   385   386   387   388   389   390   391   392   393   394   395   396   397   398   399
  Expected:  0.0  ...  399.0
  Data verification FAILED
  -----

12:10:27 WARN  python3&lt;stdout&gt; returned non-zero exit code 1 ... blocked 
12:10:27 WARN  Aborted test due to BLOCKED outcome
12:10:27 INFO  
12:10:27 INFO  cleanup:
12:10:31 INFO  Executed sudo&lt;tedge_disconnect_c8y&gt;, exit status 0
12:10:31 INFO  Executed systemctl&lt;serv_mapper5&gt;, exit status 3
12:10:31 INFO  
12:10:31 INFO  Test duration: 155.72 secs
12:10:31 INFO  Test final outcome:  BLOCKED
12:10:31 INFO  Test outcome reason: python3&lt;stdout&gt; returned non-zero exit code 1
12:10:31 INFO  
</system-out>
	</testcase>
</testsuite><testsuite name="smoketest_smartrest_400_samples_20ms" tests="1" errors="0" failures="1" skipped="0" time="0"><testcase classname="SmoketestSmartRest400Samples20ms" name="smoketest_smartrest_400_samples_20ms">
		<failure message="BLOCKED: python3&lt;stdout&gt; returned non-zero exit code 1" type="BLOCKED" />
		<system-out>12:10:31 INFO  ==============================================================
12:10:31 INFO  Id:    smoketest_smartrest_400_samples_20ms
12:10:31 INFO  Dir:   smoketests/
12:10:31 INFO  Title: Smoketest SmartRest 400 Samples 20ms Delay
12:10:31 INFO  ==============================================================
12:10:31 INFO  EnvironmentC8y Setup
12:10:32 INFO  Executed systemctl&lt;serv_mapper1&gt;, exit status 3
12:10:32 INFO  Restarting mosquitto too frequently in the last 10 seconds. It was only up for 5 seconds
12:10:32 INFO  Delaying execution by 6 seconds
12:10:52 INFO  Executed sudo&lt;tedge_connect_c8y&gt;, exit status 0, duration 13 secs
12:10:53 INFO  Executed sudo&lt;tedge_connect_c8y_test&gt;, exit status 0
12:10:53 INFO  Executed systemctl&lt;serv_mosq2&gt;, exit status 0
12:10:54 INFO  Executed systemctl&lt;serv_mapper3&gt;, exit status 0
12:12:58 WARN  Executed python3&lt;stdout&gt;, exit status 1, duration 69 secs
12:12:58 INFO  Contents of stdout.out: 
  Retrieved values:
     72    73    74    75    76    77    78    79
     80    81    82    83    84    85    86    87    88    89    90    91    92    93    94    95    96    97    98    99
    100   101   102   103   104   105   106   107   108   109   110   111   112   113   114   115   116   117   118   119
    120   121   122   123   124   125   126   127   128   129   130   131   132   133   134   135   136   137   138   139
    140   141   142   143   144   145   146   147   148   149   150   151   152   153   154   155   156   157   158   159
    160   161   162   163   164   165   166   167   168   169   170   171   172   173   174   175   176   177   178   179
    180   181   182   183   184   185   186   187   188   189   190   191   192   193   194   195   196   197   198   199
    200   201   202   203   204   205   206   207   208   209   210   211   212   213   214   215   216   217   218   219
    220   221   222   223   224   225   226   227   228   229   230   231   232   233   234   235   236   237   238   239
    240   241   242   243   244   245   246   247   248   249   250   251   252   253   254   255   256   257   258   259
    260   261   262   263   264   265   266   267   268   269   270   271   272   273   274   275   276   277   278   279
    280   281   282   283   284   285   286   287   288   289   290   291   292   293   294   295   296   297   298   299
    300   301   302   303   304   305   306   307   308   309   310   311   312   313   314   315   316   317   318   319
    320   321   322   323   324   325   326   327   328   329   330   331   332   333   334   335   336   337   338   339
    340   341   342   343   344   345   346   347   348   349   350   351   352   353   354   355   356   357   358   359
    360   361   362   363   364   365   366   367   368   369   370   371   372   373   374   375   376   377   378   379
    380   381   382   383   384   385   386   387   388   389   390   391   392   393   394   395   396   397   398   399
  Expected:  0.0  ...  399.0
  Data verification FAILED
  -----

12:12:59 WARN  python3&lt;stdout&gt; returned non-zero exit code 1 ... blocked 
12:12:59 WARN  Aborted test due to BLOCKED outcome
12:12:59 INFO  
12:12:59 INFO  cleanup:
12:13:03 INFO  Executed sudo&lt;tedge_disconnect_c8y&gt;, exit status 0
12:13:03 INFO  Executed systemctl&lt;serv_mapper5&gt;, exit status 3
12:13:03 INFO  
12:13:03 INFO  Test duration: 151.78 secs
12:13:03 INFO  Test final outcome:  BLOCKED
12:13:03 INFO  Test outcome reason: python3&lt;stdout&gt; returned non-zero exit code 1
12:13:03 INFO  
</system-out>
	</testcase>
</testsuite><testsuite name="tedge_agent_user_sudo_access" tests="1" errors="0" failures="0" skipped="1" time="0"><testcase classname="TedgeAgentUserSudoAccess" name="tedge_agent_user_sudo_access">
		<skipped message="SKIPPED: #955 Observation: Exit code of the apt plugin when called with no arguments" />
		<system-out>12:13:30 INFO  ==============================================================
12:13:30 INFO  Id:    tedge_agent_user_sudo_access
12:13:30 INFO  Dir:   tedge/
12:13:30 INFO  Title: Validate tedge-agent user has a limited sudo right
12:13:30 INFO  ==============================================================
12:13:30 INFO  #955 Observation: Exit code of the apt plugin when called with no arguments ... skipped
12:13:30 INFO  
12:13:30 INFO  Test duration: 0.02 secs
12:13:30 INFO  Test final outcome:  SKIPPED
12:13:30 INFO  Test outcome reason: #955 Observation: Exit code of the apt plugin when called with no arguments
12:13:30 INFO  
</system-out>
	</testcase>
</testsuite><testsuite name="tedge_connect_test_negative" tests="1" errors="0" failures="0" skipped="0" time="0"><testcase classname="TedgeConnectTestNegative" name="tedge_connect_test_negative" />
</testsuite><testsuite name="tedge_connect_test_positive" tests="1" errors="0" failures="0" skipped="0" time="0"><testcase classname="TedgeConnectTestPositive" name="tedge_connect_test_positive" />
</testsuite><testsuite name="tedge_connect_test_sm_services" tests="1" errors="0" failures="0" skipped="0" time="0"><testcase classname="TedgeConnectTestSMServices" name="tedge_connect_test_sm_services" />
</testsuite><testsuite name="tedge_disconnect_test_sm_services" tests="1" errors="0" failures="0" skipped="0" time="0"><testcase classname="TedgeDisConnectTestSMServices" name="tedge_disconnect_test_sm_services" />
</testsuite><testsuite name="tedge_mapper_az_negative" tests="1" errors="0" failures="0" skipped="0" time="0"><testcase classname="TedgeMapperAzError" name="tedge_mapper_az_negative" />
</testsuite><testsuite name="tedge_mapper_az_with_timestamp" tests="1" errors="0" failures="0" skipped="0" time="0"><testcase classname="TedgeMapperAzWithTimestamp" name="tedge_mapper_az_with_timestamp" />
</testsuite><testsuite name="tedge_mapper_az_without_timestamp" tests="1" errors="0" failures="0" skipped="0" time="0"><testcase classname="TedgeMapperAzWithoutTimestamp" name="tedge_mapper_az_without_timestamp" />
</testsuite><testsuite name="tedge_mapper_c8y_alarms" tests="1" errors="0" failures="0" skipped="0" time="0"><testcase classname="TedgeMapperC8yAlarm" name="tedge_mapper_c8y_alarms" />
</testsuite><testsuite name="tedge_mapper_c8y_child_device_measurement" tests="1" errors="0" failures="0" skipped="0" time="0"><testcase classname="TedgeMapperC8yChildDevice" name="tedge_mapper_c8y_child_device_measurement" />
</testsuite><testsuite name="tedge_mapper_c8y_packet_threshold_size" tests="1" errors="0" failures="1" skipped="0" time="0"><testcase classname="TedgeMapperC8yThresholdPacketSize" name="tedge_mapper_c8y_packet_threshold_size">
		<failure message="FAILED: Grep on tedge_sub.out contains &quot;The size of the message received on tedge/measurements is 20489 which is greater than the threshold size of 16184.&quot;" type="FAILED" />
		<system-out>12:17:50 INFO  ==============================================================
12:17:50 INFO  Id:    tedge_mapper_c8y_packet_threshold_size
12:17:50 INFO  Dir:   tedge_mapper_c8y/
12:17:50 INFO  Title: Validate the Cumulocity Mapper accepted threshold packet size when it receives a message on tedge/measurements
12:17:50 INFO  ==============================================================
12:17:51 INFO  Executed sudo&lt;tedge_mapper_c8y&gt;, exit status 0
12:17:51 INFO  Started sudo&lt;tedge_sub&gt; with process id 17977
12:17:51 INFO  Executed sudo&lt;tedge_msg&gt;, exit status 0
12:17:52 INFO  Executed sudo&lt;tedge_pub&gt;, exit status 0
12:17:53 INFO  Executed sudo&lt;kill_out&gt;, exit status 0
12:17:53 WARN  Grep on tedge_sub.out contains "The size of the message received on tedge/measurements is 20489 which is greater than the threshold size of 16184." ... failed [run.py:88]
12:17:53 INFO  
12:17:53 INFO  cleanup:
12:17:53 INFO  mapper_cleanup
12:17:53 INFO  Executed sudo&lt;tedge_mapper_c8y&gt;, exit status 0
12:17:53 INFO  
12:17:53 INFO  Test duration: 3.08 secs
12:17:53 INFO  Test final outcome:  FAILED
12:17:53 INFO  Test outcome reason: Grep on tedge_sub.out contains "The size of the message received on tedge/measurements is 20489 which is greater than the threshold size of 16184."
12:17:53 INFO  
</system-out>
	</testcase>
</testsuite><testsuite name="tedge_software_update" tests="1" errors="0" failures="0" skipped="0" time="0"><testcase classname="PySysTest" name="tedge_software_update" />
</testsuite><testsuite name="valid_device_id" tests="1" errors="0" failures="0" skipped="0" time="0"><testcase classname="ValidateValidDeviceId" name="valid_device_id" />
</testsuite></testsuites>