<?xml version="1.0" encoding="utf-8"?>
<testsuite failures="1" name="log_request_error_messages" skipped="0" tests="1" time="36.82" timestamp="2022-05-03T14:08:01">
	<testcase classname="LogRequestVerifySearchTextError" name="log_request_error_messages">
		<failure message="FAILED: Assert that (True == value) with value=False" type="FAILED"/>
		<system-out>14:07:24 INFO  ==============================================================
14:07:24 INFO  Id:    log_request_error_messages
14:07:24 INFO  Dir:   log_request_end_to_end/
14:07:24 INFO  Title: Validate end to end behaviour for the log request operation check for error messages
14:07:24 INFO  ==============================================================
14:07:25 INFO  EnvironmentC8y Setup
14:07:26 INFO  Executed systemctl&lt;serv_mapper1&gt;, exit status 3
14:07:26 INFO  Restarting mosquitto too frequently in the last 10 seconds. It was only up for 2 seconds
14:07:26 INFO  Delaying execution by 9 seconds
14:07:49 INFO  Executed sudo&lt;tedge_connect_c8y&gt;, exit status 0, duration 14 secs
14:07:50 INFO  Executed sudo&lt;tedge_connect_c8y_test&gt;, exit status 0
14:07:51 INFO  Executed systemctl&lt;serv_mosq2&gt;, exit status 0
14:07:51 INFO  Executed systemctl&lt;serv_mapper3&gt;, exit status 0
14:07:52 INFO  Executed sudo&lt;rm_logs&gt;, exit status 0
14:07:52 INFO  Executed sudo&lt;move_logs&gt;, exit status 0
14:07:53 INFO  log response None
14:07:53 WARN  retry, retrying in 1 seconds...
14:07:54 INFO  log response https://thin-edge-io.eu-latest.cumulocity.com/event/events/18294387/binaries
14:07:54 WARN  Assert that (True == value) with value=False ... failed [run.py:43]
14:07:54 INFO  
14:07:54 INFO  cleanup:
14:07:55 INFO  Executed sudo&lt;rm_logs&gt;, exit status 0
14:07:55 INFO  Executed sudo&lt;rm_tmp_logs&gt;, exit status 0
14:07:56 INFO  Executed sudo&lt;send_failed&gt;, exit status 0
14:08:00 INFO  Executed sudo&lt;tedge_disconnect_c8y&gt;, exit status 0
14:08:01 INFO  Executed systemctl&lt;serv_mapper5&gt;, exit status 3
14:08:01 INFO  
14:08:01 INFO  Test duration: 36.82 secs
14:08:01 INFO  Test final outcome:  FAILED
14:08:01 INFO  Test outcome reason: Assert that (True == value) with value=False
14:08:01 INFO  
</system-out>
	</testcase>
</testsuite>
