<?xml version="1.0" encoding="utf-8"?>
<testsuite failures="1" name="local_mqtt_pub_sub_with_sudo" skipped="0" tests="1" time="2.81" timestamp="2022-04-21T13:28:26">
	<testcase classname="PySysTest" name="local_mqtt_pub_sub_with_sudo">
		<failure message="FAILED: Grep on tedge_sub.out contains &quot;amessage&quot;" type="FAILED"/>
		<system-out>13:28:23 INFO  ==============================================================
13:28:23 INFO  Id:    local_mqtt_pub_sub_with_sudo
13:28:23 INFO  Dir:   local_mqtt/
13:28:23 INFO  Title: Validate local publishing and subscribing
13:28:23 INFO  ==============================================================
13:28:23 INFO  Started sudo&lt;tedge_sub&gt; with process id 2667
13:28:24 INFO  Executed sudo&lt;tedge_pub2&gt;, exit status 0
13:28:24 INFO  Executed sudo&lt;tedge_pub3&gt;, exit status 0
13:28:26 INFO  Executed sudo&lt;kill_out&gt;, exit status 0
13:28:26 WARN  Grep on tedge_sub.out contains &quot;amessage&quot; ... failed [run.py:61]
13:28:26 INFO  Grep on file tedge_sub.out ... passed
13:28:26 INFO  
13:28:26 INFO  Test duration: 2.81 secs
13:28:26 INFO  Test final outcome:  FAILED
13:28:26 INFO  Test outcome reason: Grep on tedge_sub.out contains &quot;amessage&quot;
13:28:26 INFO  
</system-out>
	</testcase>
</testsuite>
