<?xml version="1.0" encoding="utf-8"?>
<testsuite failures="1" name="c8y_jwt_token_retrieval" skipped="0" tests="1" time="22.7" timestamp="2022-05-03T14:07:04">
	<testcase classname="ValidateJWTTokenRetrieval" name="c8y_jwt_token_retrieval">
		<failure message="FAILED: Grep on resp_jwt.out contains &quot;\[c8y/s/dat\] 71,&quot;" type="FAILED"/>
		<system-out>14:06:42 INFO  ==============================================================
14:06:42 INFO  Id:    c8y_jwt_token_retrieval
14:06:42 INFO  Dir:   cloud_c8y/
14:06:42 INFO  Title: Validate the Cumulocity JWT Token Retrieval feature
14:06:42 INFO  ==============================================================
14:06:42 INFO  Executed sudo&lt;tedge_disconnect_c8y&gt;, exit status 0
14:06:56 INFO  Executed sudo&lt;tedge_connect_c8y&gt;, exit status 0, duration 14 secs
14:06:56 INFO  Started sudo&lt;resp_jwt&gt; with process id 3196
14:06:58 INFO  Executed sudo&lt;req_jwt&gt;, exit status 0
14:07:00 INFO  Executed sudo&lt;kill_out&gt;, exit status 0
14:07:00 WARN  Grep on resp_jwt.out contains &quot;\[c8y/s/dat\] 71,&quot; ... failed [run.py:60]
14:07:00 INFO  
14:07:00 INFO  cleanup:
14:07:04 INFO  Executed sudo&lt;tedge_disconnect_c8y&gt;, exit status 0
14:07:04 INFO  
14:07:04 INFO  Test duration: 22.70 secs
14:07:04 INFO  Test final outcome:  FAILED
14:07:04 INFO  Test outcome reason: Grep on resp_jwt.out contains &quot;\[c8y/s/dat\] 71,&quot;
14:07:04 INFO  
</system-out>
	</testcase>
</testsuite>
