<?xml version="1.0" encoding="utf-8"?>
<testsuite failures="1" name="log_request_num_lines" skipped="0" tests="1" time="31.69" timestamp="2022-04-27T17:29:17">
	<testcase classname="LogRequestVerifyNumberOfLines" name="log_request_num_lines">
		<failure message="FAILED: Assert that (True == value) with value=False" type="FAILED"/>
		<system-out>17:28:45 INFO  ==============================================================
17:28:45 INFO  Id:    log_request_num_lines
17:28:45 INFO  Dir:   log_request_end_to_end/
17:28:45 INFO  Title: Validate end to end behaviour for the log request operation check for number of lines
17:28:45 INFO  ==============================================================
17:28:45 INFO  EnvironmentC8y Setup
17:28:45 INFO  Executed systemctl&lt;serv_mapper1&gt;, exit status 3
17:28:46 INFO  Restarting mosquitto too frequently in the last 10 seconds. It was only up for 5 seconds
17:28:46 INFO  Delaying execution by 6 seconds
17:29:06 INFO  Executed sudo&lt;tedge_connect_c8y&gt;, exit status 0, duration 14 secs
17:29:06 INFO  Executed sudo&lt;tedge_connect_c8y_test&gt;, exit status 0
17:29:07 INFO  Executed systemctl&lt;serv_mosq2&gt;, exit status 0
17:29:07 INFO  Executed systemctl&lt;serv_mapper3&gt;, exit status 0
17:29:08 INFO  Executed sudo&lt;rm_logs&gt;, exit status 0
17:29:08 INFO  Executed sudo&lt;move_logs&gt;, exit status 0
17:29:09 INFO  log response None
17:29:09 WARN  retry, retrying in 1 seconds...
17:29:10 INFO  log response https://thin-edge-io.eu-latest.cumulocity.com/event/events/17819551/binaries
17:29:10 INFO  nlines 0
17:29:10 WARN  Assert that (True == value) with value=False ... failed [run.py:44]
17:29:10 INFO  
17:29:10 INFO  cleanup:
17:29:11 INFO  Executed sudo&lt;rm_logs&gt;, exit status 0
17:29:11 INFO  Executed sudo&lt;rm_tmp_logs&gt;, exit status 0
17:29:12 INFO  Executed sudo&lt;send_failed&gt;, exit status 0
17:29:16 INFO  Executed sudo&lt;tedge_disconnect_c8y&gt;, exit status 0
17:29:17 INFO  Executed systemctl&lt;serv_mapper5&gt;, exit status 3
17:29:17 INFO  
17:29:17 INFO  Test duration: 31.69 secs
17:29:17 INFO  Test final outcome:  FAILED
17:29:17 INFO  Test outcome reason: Assert that (True == value) with value=False
17:29:17 INFO  
</system-out>
	</testcase>
</testsuite>
